number,value,datetime_start,datetime_complete,duration,params_max_depth,params_min_samples_leaf,params_min_samples_split,state,fold_0,fold_1,fold_2,fold_3,fold_4,mse,rmse,mae,mdae,r2,mse_std,rmse_std,mae_std,mdae_std,r2_std
42,40.56572666157449,2024-07-10 16:56:51.116594,2024-07-10 16:56:51.869751,0 days 00:00:00.753157,5,2,7,COMPLETE,"{'mse': 1664.9463358718072, 'rmse': 40.80375394337887, 'mae': 30.93930598596442, 'mdae': 22.953743820542396, 'r2': 0.44268984641739806}","{'mse': 1593.019404073858, 'rmse': 39.91264716946068, 'mae': 30.470654058921806, 'mdae': 23.89657343949109, 'r2': 0.41939537757187917}","{'mse': 1678.354102930811, 'rmse': 40.96772025547445, 'mae': 31.280336230967265, 'mdae': 23.666845582770698, 'r2': 0.39565009632889403}","{'mse': 1650.4984526183925, 'rmse': 40.62632708747362, 'mae': 31.196909946336838, 'mdae': 24.58571761171859, 'r2': 0.40036319550741295}","{'mse': 1641.723303707714, 'rmse': 40.5181848520848, 'mae': 30.690117135418472, 'mdae': 23.50514718138715, 'r2': 0.42906482081633246}",1645.7083198405167,40.56572666157449,30.915464671521754,23.721605527181985,0.41743266732838336,32.59906434498227,0.4033302910482064,0.3396870246976077,0.5951403054069744,0.019640083944553213
43,40.94841244500032,2024-07-10 16:56:51.869751,2024-07-10 16:56:52.496487,0 days 00:00:00.626736,4,2,7,COMPLETE,"{'mse': 1697.3823928203944, 'rmse': 41.199300877810956, 'mae': 31.344777181467904, 'mdae': 24.432493418726377, 'r2': 0.43183247312544415}","{'mse': 1637.961726470833, 'rmse': 40.471739849811655, 'mae': 30.93096007468967, 'mdae': 24.182672709949443, 'r2': 0.4030153384715338}","{'mse': 1683.8106843540925, 'rmse': 41.034262322528626, 'mae': 31.733695243734555, 'mdae': 25.80751463659692, 'r2': 0.3936852639661792}","{'mse': 1683.588732531362, 'rmse': 41.031557763889026, 'mae': 31.756675502626205, 'mdae': 25.195225970349853, 'r2': 0.3883412819604477}","{'mse': 1681.4265427535058, 'rmse': 41.00520141096134, 'mae': 31.284937382056075, 'mdae': 23.71673174689458, 'r2': 0.4152573930679494}",1676.8340157860378,40.94841244500032,31.410209076914885,24.666927696503436,0.40642635011831085,22.63118469013517,0.2773400894667616,0.3443603566314328,0.8325221167202187,0.017496416582381904
44,40.63360759672018,2024-07-10 16:56:52.497485,2024-07-10 16:56:53.301631,0 days 00:00:00.804146,6,2,7,COMPLETE,"{'mse': 1692.2087772427997, 'rmse': 41.13646529835542, 'mae': 30.734976401072025, 'mdae': 22.587882237676748, 'r2': 0.4335642457537895}","{'mse': 1629.3205591621684, 'rmse': 40.36484310835567, 'mae': 30.580413318895747, 'mdae': 22.986455044298147, 'r2': 0.40616476758065523}","{'mse': 1672.8876154555871, 'rmse': 40.90094883319441, 'mae': 31.005683363836397, 'mdae': 23.218782542761417, 'r2': 0.39761849571094454}","{'mse': 1634.7449637053076, 'rmse': 40.43197946805607, 'mae': 30.719067512771897, 'mdae': 23.160127515804252, 'r2': 0.4060865403166527}","{'mse': 1626.8155253427672, 'rmse': 40.33380127563936, 'mae': 30.58190865623352, 'mdae': 22.966045906124407, 'r2': 0.4342492359323261}",1651.195488181726,40.63360759672018,30.724409850561916,22.983858649332994,0.4155366570588736,29.56413844703375,0.3630114624388217,0.17341898205604564,0.246668452921233,0.01712711364454183
45,40.62367377904375,2024-07-10 16:56:53.302632,2024-07-10 16:56:54.069311,0 days 00:00:00.766679,6,2,8,COMPLETE,"{'mse': 1691.20554703442, 'rmse': 41.12426956232074, 'mae': 30.718810937400516, 'mdae': 22.58788223767667, 'r2': 0.4339000586082127}","{'mse': 1629.3205591621684, 'rmse': 40.36484310835567, 'mae': 30.580413318895747, 'mdae': 22.986455044298147, 'r2': 0.40616476758065523}","{'mse': 1669.9436279830459, 'rmse': 40.864943753577414, 'mae': 30.973760884139065, 'mdae': 23.21878254276144, 'r2': 0.3986785810304444}","{'mse': 1634.7449637053076, 'rmse': 40.43197946805607, 'mae': 30.719067512771897, 'mdae': 23.160127515804252, 'r2': 0.4060865403166527}","{'mse': 1626.6970854575295, 'rmse': 40.33233300290884, 'mae': 30.576954856279652, 'mdae': 22.966045906124407, 'r2': 0.43429042527096073}",1650.3823566684944,40.62367377904375,30.713801501897375,22.983858649332984,0.41582407456138515,28.715395053497307,0.3526424576107338,0.16136226131857004,0.24666845292126943,0.01695462356353756
46,41.77671676080736,2024-07-10 16:56:54.070317,2024-07-10 16:56:54.591583,0 days 00:00:00.521266,3,2,9,COMPLETE,"{'mse': 1754.519075316113, 'rmse': 41.886979782697544, 'mae': 32.052425565668486, 'mdae': 24.609953189924973, 'r2': 0.41270701988360403}","{'mse': 1727.4767543473686, 'rmse': 41.562925238093726, 'mae': 32.342571539471066, 'mdae': 25.720034029111943, 'r2': 0.37038997381559335}","{'mse': 1738.3814542540622, 'rmse': 41.693901883297784, 'mae': 32.45064182271707, 'mdae': 25.97639774272511, 'r2': 0.3740351558783127}","{'mse': 1772.448150037244, 'rmse': 42.10045308589023, 'mae': 32.491136732160406, 'mdae': 25.643078192652638, 'r2': 0.356058078617985}","{'mse': 1733.8332876919358, 'rmse': 41.6393238140575, 'mae': 32.28661960425742, 'mdae': 25.61401245395522, 'r2': 0.39703212073108174}",1745.3317443293447,41.77671676080736,32.32467905285489,25.51269512167398,0.3820444697853154,18.159214008357008,0.21702827184048382,0.17281883750125526,0.5244562626338818,0.022583680893915815
47,40.94841244500032,2024-07-10 16:56:54.592584,2024-07-10 16:56:55.209155,0 days 00:00:00.616571,4,2,7,COMPLETE,"{'mse': 1697.3823928203944, 'rmse': 41.199300877810956, 'mae': 31.344777181467904, 'mdae': 24.432493418726377, 'r2': 0.43183247312544415}","{'mse': 1637.961726470833, 'rmse': 40.471739849811655, 'mae': 30.93096007468967, 'mdae': 24.182672709949443, 'r2': 0.4030153384715338}","{'mse': 1683.8106843540925, 'rmse': 41.034262322528626, 'mae': 31.733695243734555, 'mdae': 25.80751463659692, 'r2': 0.3936852639661792}","{'mse': 1683.588732531362, 'rmse': 41.031557763889026, 'mae': 31.756675502626205, 'mdae': 25.195225970349853, 'r2': 0.3883412819604477}","{'mse': 1681.4265427535058, 'rmse': 41.00520141096134, 'mae': 31.284937382056075, 'mdae': 23.71673174689458, 'r2': 0.4152573930679494}",1676.8340157860378,40.94841244500032,31.410209076914885,24.666927696503436,0.40642635011831085,22.63118469013517,0.2773400894667616,0.3443603566314328,0.8325221167202187,0.017496416582381904
48,40.56572666157449,2024-07-10 16:56:55.209155,2024-07-10 16:56:55.942566,0 days 00:00:00.733411,5,2,6,COMPLETE,"{'mse': 1664.9463358718072, 'rmse': 40.80375394337887, 'mae': 30.93930598596442, 'mdae': 22.953743820542396, 'r2': 0.44268984641739806}","{'mse': 1593.019404073858, 'rmse': 39.91264716946068, 'mae': 30.470654058921806, 'mdae': 23.89657343949109, 'r2': 0.41939537757187917}","{'mse': 1678.354102930811, 'rmse': 40.96772025547445, 'mae': 31.280336230967265, 'mdae': 23.666845582770698, 'r2': 0.39565009632889403}","{'mse': 1650.4984526183925, 'rmse': 40.62632708747362, 'mae': 31.196909946336838, 'mdae': 24.58571761171859, 'r2': 0.40036319550741295}","{'mse': 1641.723303707714, 'rmse': 40.5181848520848, 'mae': 30.690117135418472, 'mdae': 23.50514718138715, 'r2': 0.42906482081633246}",1645.7083198405167,40.56572666157449,30.915464671521754,23.721605527181985,0.41743266732838336,32.59906434498227,0.4033302910482064,0.3396870246976077,0.5951403054069744,0.019640083944553213
49,40.64981953172236,2024-07-10 16:56:55.943565,2024-07-10 16:56:56.730801,0 days 00:00:00.787236,6,2,6,COMPLETE,"{'mse': 1692.2087772427997, 'rmse': 41.13646529835542, 'mae': 30.734976401072025, 'mdae': 22.587882237676748, 'r2': 0.4335642457537895}","{'mse': 1629.3205591621684, 'rmse': 40.36484310835567, 'mae': 30.580413318895747, 'mdae': 22.986455044298147, 'r2': 0.40616476758065523}","{'mse': 1678.3951912689356, 'rmse': 40.96822172451394, 'mae': 31.0056833638364, 'mdae': 23.192442581854152, 'r2': 0.3956353010403765}","{'mse': 1635.8600076909893, 'rmse': 40.44576625174741, 'mae': 30.72780293388419, 'mdae': 23.160127515804202, 'r2': 0.4056814375966943}","{'mse': 1626.8155253427672, 'rmse': 40.33380127563936, 'mae': 30.58190865623352, 'mdae': 22.966045906124407, 'r2': 0.4342492359323261}",1652.520012141532,40.64981953172236,30.726156934784377,22.978590657151532,0.41505899758076825,30.500876948706367,0.37447326329042147,0.17339570660370293,0.24060370173820206,0.017713239425481662
