number,value,datetime_start,datetime_complete,duration,params_criterion,params_max_depth,params_min_samples_leaf,params_min_samples_split,params_n_estimators,state,fold_0,fold_1,fold_2,fold_3,fold_4,fold_5,fold_6,fold_7,fold_8,fold_9,accuracy,precision,recall,f1,accuracy_std,precision_std,recall_std,f1_std
42,0.5718978097367122,2024-07-07 09:55:22.905182,2024-07-07 09:55:33.144846,0 days 00:00:10.239664,gini,10,1,4,422,COMPLETE,"{'accuracy': 0.617231638418079, 'precision': 0.6190482423548889, 'recall': 0.617231638418079, 'f1': 0.6028870375879251}","{'accuracy': 0.5734463276836158, 'precision': 0.5676170229756408, 'recall': 0.5734463276836158, 'f1': 0.5521996105474198}","{'accuracy': 0.5861581920903954, 'precision': 0.5858186637386004, 'recall': 0.5861581920903954, 'f1': 0.5620491793409398}","{'accuracy': 0.6101694915254238, 'precision': 0.6140538716363872, 'recall': 0.6101694915254238, 'f1': 0.5885129893159552}","{'accuracy': 0.594632768361582, 'precision': 0.5979163929400428, 'recall': 0.594632768361582, 'f1': 0.5743888788138285}","{'accuracy': 0.5706214689265536, 'precision': 0.5662172058373071, 'recall': 0.5706214689265536, 'f1': 0.5512913640032284}","{'accuracy': 0.5903954802259888, 'precision': 0.5889935674404841, 'recall': 0.5903954802259888, 'f1': 0.5640543410359418}","{'accuracy': 0.5875706214689266, 'precision': 0.5907179134432307, 'recall': 0.5875706214689266, 'f1': 0.5662104805328969}","{'accuracy': 0.6101694915254238, 'precision': 0.6087098915010513, 'recall': 0.6101694915254238, 'f1': 0.5913298764500238}","{'accuracy': 0.5855728429985856, 'precision': 0.5891954263501945, 'recall': 0.5855728429985856, 'f1': 0.5660543397389634}",0.5925968323224574,0.5928288198217827,0.5925968323224574,0.5718978097367122,0.015631787751645226,0.01776818130655974,0.015631787751645226,0.017184809542959558
43,0.5650152095240198,2024-07-07 09:55:33.145842,2024-07-07 09:55:42.978178,0 days 00:00:09.832336,gini,9,1,4,417,COMPLETE,"{'accuracy': 0.615819209039548, 'precision': 0.617200784030427, 'recall': 0.615819209039548, 'f1': 0.6013689955396608}","{'accuracy': 0.5692090395480226, 'precision': 0.5617170552503464, 'recall': 0.5692090395480226, 'f1': 0.5446989489737097}","{'accuracy': 0.5805084745762712, 'precision': 0.5804634261426295, 'recall': 0.5805084745762712, 'f1': 0.554316661249727}","{'accuracy': 0.6031073446327684, 'precision': 0.6076734550761136, 'recall': 0.6031073446327684, 'f1': 0.5798232773905584}","{'accuracy': 0.5988700564971752, 'precision': 0.602832893437042, 'recall': 0.5988700564971752, 'f1': 0.57719978788574}","{'accuracy': 0.5621468926553672, 'precision': 0.5551166506791669, 'recall': 0.5621468926553672, 'f1': 0.5408822276646943}","{'accuracy': 0.5805084745762712, 'precision': 0.5755277996274368, 'recall': 0.5805084745762712, 'f1': 0.5497458621362771}","{'accuracy': 0.5847457627118644, 'precision': 0.5888207503287497, 'recall': 0.5847457627118644, 'f1': 0.5588465907376667}","{'accuracy': 0.6045197740112994, 'precision': 0.6002966123257125, 'recall': 0.6045197740112994, 'f1': 0.587691779849895}","{'accuracy': 0.57991513437058, 'precision': 0.5799797575687654, 'recall': 0.57991513437058, 'f1': 0.5555779638122694}",0.5879350162619168,0.586962918446639,0.5879350162619168,0.5650152095240198,0.017006023309457285,0.020137466844477713,0.017006023309457285,0.020202981211690157
44,0.569171937268429,2024-07-07 09:55:42.979215,2024-07-07 09:55:53.856545,0 days 00:00:10.877330,gini,10,2,3,470,COMPLETE,"{'accuracy': 0.6087570621468926, 'precision': 0.6110699847621819, 'recall': 0.6087570621468926, 'f1': 0.5932227647435366}","{'accuracy': 0.5748587570621468, 'precision': 0.5699176751281176, 'recall': 0.5748587570621468, 'f1': 0.5514008182095653}","{'accuracy': 0.5706214689265536, 'precision': 0.5656900288946284, 'recall': 0.5706214689265536, 'f1': 0.547461430844549}","{'accuracy': 0.6129943502824858, 'precision': 0.6159163971281706, 'recall': 0.6129943502824858, 'f1': 0.5928352649354005}","{'accuracy': 0.6073446327683616, 'precision': 0.6126521649180494, 'recall': 0.6073446327683616, 'f1': 0.5879369271863085}","{'accuracy': 0.5621468926553672, 'precision': 0.5573778151248289, 'recall': 0.5621468926553672, 'f1': 0.5397013405132546}","{'accuracy': 0.5861581920903954, 'precision': 0.582098994253361, 'recall': 0.5861581920903954, 'f1': 0.5589724640163685}","{'accuracy': 0.5903954802259888, 'precision': 0.5983610836814384, 'recall': 0.5903954802259888, 'f1': 0.5643265791495383}","{'accuracy': 0.6045197740112994, 'precision': 0.600205751389713, 'recall': 0.6045197740112994, 'f1': 0.5868816753072651}","{'accuracy': 0.5898161244695899, 'precision': 0.5948544984808215, 'recall': 0.5898161244695899, 'f1': 0.5689801077785033}",0.5907612734639082,0.5908144393761311,0.5907612734639082,0.569171937268429,0.017581436774461404,0.0209248122279727,0.017581436774461404,0.019964895385815216
45,0.5708571496086903,2024-07-07 09:55:53.857546,2024-07-07 09:56:03.612635,0 days 00:00:09.755089,gini,10,1,2,405,COMPLETE,"{'accuracy': 0.614406779661017, 'precision': 0.6144474881595756, 'recall': 0.614406779661017, 'f1': 0.6007968860618885}","{'accuracy': 0.5861581920903954, 'precision': 0.5829114151853175, 'recall': 0.5861581920903954, 'f1': 0.5661876350072891}","{'accuracy': 0.5875706214689266, 'precision': 0.5881206622585224, 'recall': 0.5875706214689266, 'f1': 0.5632418194182037}","{'accuracy': 0.6016949152542372, 'precision': 0.6035652292441561, 'recall': 0.6016949152542372, 'f1': 0.5791755656393813}","{'accuracy': 0.597457627118644, 'precision': 0.6027799472159017, 'recall': 0.597457627118644, 'f1': 0.575680990196556}","{'accuracy': 0.5649717514124294, 'precision': 0.5572942224605635, 'recall': 0.5649717514124294, 'f1': 0.5479929292460313}","{'accuracy': 0.5847457627118644, 'precision': 0.5788723178188206, 'recall': 0.5847457627118644, 'f1': 0.5593970552170401}","{'accuracy': 0.5918079096045198, 'precision': 0.5967310187751274, 'recall': 0.5918079096045198, 'f1': 0.5697440726602299}","{'accuracy': 0.596045197740113, 'precision': 0.5896254718288616, 'recall': 0.596045197740113, 'f1': 0.5811370364116197}","{'accuracy': 0.5869872701555869, 'precision': 0.5896102865051535, 'recall': 0.5869872701555869, 'f1': 0.5652175062286618}",0.5911846027217733,0.5903958059451999,0.5911846027217734,0.5708571496086903,0.012899683033379943,0.0157632746564562,0.012899683033379943,0.014381615769881355
46,0.5603180957919821,2024-07-07 09:56:03.613633,2024-07-07 09:56:12.784750,0 days 00:00:09.171117,gini,9,1,2,405,COMPLETE,"{'accuracy': 0.6059322033898306, 'precision': 0.6048805255445164, 'recall': 0.6059322033898306, 'f1': 0.5889303055467934}","{'accuracy': 0.5635593220338984, 'precision': 0.5552170661356289, 'recall': 0.5635593220338984, 'f1': 0.5382917952122933}","{'accuracy': 0.5621468926553672, 'precision': 0.5544742226149515, 'recall': 0.5621468926553672, 'f1': 0.5338939293988952}","{'accuracy': 0.614406779661017, 'precision': 0.619599894611359, 'recall': 0.614406779661017, 'f1': 0.5922255502165923}","{'accuracy': 0.5903954802259888, 'precision': 0.5922806790706949, 'recall': 0.5903954802259888, 'f1': 0.5687514545935196}","{'accuracy': 0.5677966101694916, 'precision': 0.5616054107985964, 'recall': 0.5677966101694916, 'f1': 0.5508796661040521}","{'accuracy': 0.577683615819209, 'precision': 0.5673850869404105, 'recall': 0.577683615819209, 'f1': 0.5499632869117644}","{'accuracy': 0.577683615819209, 'precision': 0.5789676278577817, 'recall': 0.577683615819209, 'f1': 0.5506365676863232}","{'accuracy': 0.597457627118644, 'precision': 0.5925916254954408, 'recall': 0.597457627118644, 'f1': 0.5805759224071121}","{'accuracy': 0.5756718528995757, 'precision': 0.5739862621635952, 'recall': 0.5756718528995757, 'f1': 0.5490324798424757}",0.5832733999792231,0.5800988401232975,0.5832733999792231,0.5603180957919821,0.0180413264006848,0.021850363644033362,0.0180413264006848,0.02086741984075394
47,0.5058826219051079,2024-07-07 09:56:12.785747,2024-07-07 09:56:20.753208,0 days 00:00:07.967461,log_loss,4,2,2,428,COMPLETE,"{'accuracy': 0.5663841807909604, 'precision': 0.5708626285411672, 'recall': 0.5663841807909604, 'f1': 0.5547892240341638}","{'accuracy': 0.4915254237288136, 'precision': 0.500151872565999, 'recall': 0.4915254237288136, 'f1': 0.4838076535101337}","{'accuracy': 0.5240112994350282, 'precision': 0.518582675992914, 'recall': 0.5240112994350282, 'f1': 0.5078890521735477}","{'accuracy': 0.5028248587570622, 'precision': 0.5131060141694345, 'recall': 0.5028248587570622, 'f1': 0.48252821915678307}","{'accuracy': 0.5240112994350282, 'precision': 0.5170734474013085, 'recall': 0.5240112994350282, 'f1': 0.5107222286332834}","{'accuracy': 0.5141242937853108, 'precision': 0.5151248939384533, 'recall': 0.5141242937853108, 'f1': 0.5061853192820971}","{'accuracy': 0.5296610169491526, 'precision': 0.537278976280907, 'recall': 0.5296610169491526, 'f1': 0.5188115269630617}","{'accuracy': 0.5268361581920904, 'precision': 0.5352761613303626, 'recall': 0.5268361581920904, 'f1': 0.515348913144213}","{'accuracy': 0.5254237288135594, 'precision': 0.5340719237224983, 'recall': 0.5254237288135594, 'f1': 0.5063303489611212}","{'accuracy': 0.4837340876944837, 'precision': 0.4907790343975941, 'recall': 0.4837340876944837, 'f1': 0.47241373319267427}",0.5188536347581489,0.5232307628340639,0.5188536347581489,0.5058826219051079,0.02308328922320579,0.022465410625984727,0.02308328922320579,0.02316429603595078
48,0.5635636024989179,2024-07-07 09:56:20.753208,2024-07-07 09:56:31.907357,0 days 00:00:11.154149,entropy,10,1,3,484,COMPLETE,"{'accuracy': 0.6073446327683616, 'precision': 0.6103495452968579, 'recall': 0.6073446327683616, 'f1': 0.5873239808704558}","{'accuracy': 0.5805084745762712, 'precision': 0.5799670778459279, 'recall': 0.5805084745762712, 'f1': 0.5518247477874932}","{'accuracy': 0.5819209039548022, 'precision': 0.5811511241163982, 'recall': 0.5819209039548022, 'f1': 0.5518705397163719}","{'accuracy': 0.6073446327683616, 'precision': 0.6151422458462876, 'recall': 0.6073446327683616, 'f1': 0.5797950884721836}","{'accuracy': 0.596045197740113, 'precision': 0.5995923285629966, 'recall': 0.596045197740113, 'f1': 0.5684722287389389}","{'accuracy': 0.5692090395480226, 'precision': 0.5686366010300389, 'recall': 0.5692090395480226, 'f1': 0.5423285309551176}","{'accuracy': 0.5903954802259888, 'precision': 0.5941474350866744, 'recall': 0.5903954802259888, 'f1': 0.5584127991284027}","{'accuracy': 0.5903954802259888, 'precision': 0.5993397864510444, 'recall': 0.5903954802259888, 'f1': 0.5627870743932891}","{'accuracy': 0.6045197740112994, 'precision': 0.6035295332197729, 'recall': 0.6045197740112994, 'f1': 0.5838970313179725}","{'accuracy': 0.5785007072135785, 'precision': 0.5834412819045118, 'recall': 0.5785007072135785, 'f1': 0.5489240036089524}",0.5906184323032788,0.5935296959360511,0.5906184323032787,0.5635636024989179,0.013188326773477381,0.014830586191635896,0.013188326773477381,0.01574966657116267
49,0.5554338504176345,2024-07-07 09:56:31.908358,2024-07-07 09:56:40.909149,0 days 00:00:09.000791,gini,8,1,2,446,COMPLETE,"{'accuracy': 0.6087570621468926, 'precision': 0.6080504325048703, 'recall': 0.6087570621468926, 'f1': 0.5918781959627506}","{'accuracy': 0.538135593220339, 'precision': 0.5207898552675967, 'recall': 0.538135593220339, 'f1': 0.5106134242223604}","{'accuracy': 0.5663841807909604, 'precision': 0.5579595768263356, 'recall': 0.5663841807909604, 'f1': 0.5389802569865505}","{'accuracy': 0.6115819209039548, 'precision': 0.615879626674933, 'recall': 0.6115819209039548, 'f1': 0.5911338939712508}","{'accuracy': 0.5875706214689266, 'precision': 0.5865700693812946, 'recall': 0.5875706214689266, 'f1': 0.5641385194750259}","{'accuracy': 0.557909604519774, 'precision': 0.5482708891513561, 'recall': 0.557909604519774, 'f1': 0.5418731289456183}","{'accuracy': 0.5734463276836158, 'precision': 0.5627620553926248, 'recall': 0.5734463276836158, 'f1': 0.5439885588085057}","{'accuracy': 0.5833333333333334, 'precision': 0.5846195528319249, 'recall': 0.5833333333333334, 'f1': 0.5609875080883625}","{'accuracy': 0.5847457627118644, 'precision': 0.5775631727640849, 'recall': 0.5847457627118644, 'f1': 0.5670224427774369}","{'accuracy': 0.5685997171145686, 'precision': 0.5672193616729426, 'recall': 0.5685997171145686, 'f1': 0.5437225749384831}",0.5780464123894229,0.5729684592467964,0.5780464123894229,0.5554338504176345,0.022301197578589248,0.028105045703393918,0.022301197578589248,0.024889146369620467
