number,value,datetime_start,datetime_complete,duration,params_metric,params_n_neighbors,params_weights,state,fold_0,fold_1,fold_2,fold_3,fold_4,fold_5,fold_6,fold_7,fold_8,fold_9,accuracy,precision,recall,f1,accuracy_std,precision_std,recall_std,f1_std
42,0.5652283152772734,2024-07-07 10:12:09.951456,2024-07-07 10:12:17.477891,0 days 00:00:07.526435,cityblock,99,distance,COMPLETE,"{'accuracy': 0.5903954802259888, 'precision': 0.5872616884759562, 'recall': 0.5903954802259888, 'f1': 0.5851191932597973}","{'accuracy': 0.5550847457627118, 'precision': 0.5495291882423922, 'recall': 0.5550847457627118, 'f1': 0.5457650695682151}","{'accuracy': 0.5494350282485876, 'precision': 0.5418458743449945, 'recall': 0.5494350282485876, 'f1': 0.5397483935855472}","{'accuracy': 0.6059322033898306, 'precision': 0.6025357930430028, 'recall': 0.6059322033898306, 'f1': 0.5988999598765667}","{'accuracy': 0.559322033898305, 'precision': 0.5519599492176479, 'recall': 0.559322033898305, 'f1': 0.5500158437818204}","{'accuracy': 0.5677966101694916, 'precision': 0.5653377349953228, 'recall': 0.5677966101694916, 'f1': 0.5599170371961427}","{'accuracy': 0.5734463276836158, 'precision': 0.5667477901611282, 'recall': 0.5734463276836158, 'f1': 0.5611774720448792}","{'accuracy': 0.577683615819209, 'precision': 0.5731438596663349, 'recall': 0.577683615819209, 'f1': 0.5654824705269235}","{'accuracy': 0.6031073446327684, 'precision': 0.5996140802771891, 'recall': 0.6031073446327684, 'f1': 0.5949017401282831}","{'accuracy': 0.5601131541725601, 'precision': 0.5549825386378279, 'recall': 0.5601131541725601, 'f1': 0.5512559728045581}",0.5742316544003069,0.5692958497061795,0.5742316544003069,0.5652283152772734,0.019880330141967155,0.02116982426079872,0.019880330141967155,0.020841498149624584
43,0.5835001747478759,2024-07-07 10:12:17.478892,2024-07-07 10:12:24.904171,0 days 00:00:07.425279,cityblock,39,distance,COMPLETE,"{'accuracy': 0.6073446327683616, 'precision': 0.6041761473570156, 'recall': 0.6073446327683616, 'f1': 0.6025215177351374}","{'accuracy': 0.5805084745762712, 'precision': 0.5777544926353138, 'recall': 0.5805084745762712, 'f1': 0.5748575907073966}","{'accuracy': 0.5734463276836158, 'precision': 0.5699362001464624, 'recall': 0.5734463276836158, 'f1': 0.5664919044499639}","{'accuracy': 0.5932203389830508, 'precision': 0.5879513635012352, 'recall': 0.5932203389830508, 'f1': 0.5881361166075847}","{'accuracy': 0.5819209039548022, 'precision': 0.577111946591164, 'recall': 0.5819209039548022, 'f1': 0.5766377116658429}","{'accuracy': 0.5706214689265536, 'precision': 0.5692026797436596, 'recall': 0.5706214689265536, 'f1': 0.5654958160943355}","{'accuracy': 0.6002824858757062, 'precision': 0.5967989476871836, 'recall': 0.6002824858757062, 'f1': 0.5932477735115489}","{'accuracy': 0.594632768361582, 'precision': 0.5915649542542476, 'recall': 0.594632768361582, 'f1': 0.5863111723031963}","{'accuracy': 0.5988700564971752, 'precision': 0.5941071702853902, 'recall': 0.5988700564971752, 'f1': 0.5937098651007647}","{'accuracy': 0.5926449787835927, 'precision': 0.5917935231698792, 'recall': 0.5926449787835927, 'f1': 0.5875922793029865}",0.5893492436410711,0.5860397425371551,0.5893492436410712,0.5835001747478759,0.012132373064806107,0.01187070616617008,0.012132373064806107,0.012213061219549662
44,0.586971374281841,2024-07-07 10:12:24.905182,2024-07-07 10:12:32.281702,0 days 00:00:07.376520,cityblock,27,distance,COMPLETE,"{'accuracy': 0.594632768361582, 'precision': 0.5925002488074275, 'recall': 0.594632768361582, 'f1': 0.5919608735665579}","{'accuracy': 0.5861581920903954, 'precision': 0.5831717654708662, 'recall': 0.5861581920903954, 'f1': 0.5816698618083944}","{'accuracy': 0.5805084745762712, 'precision': 0.5770535007167805, 'recall': 0.5805084745762712, 'f1': 0.5752371641539729}","{'accuracy': 0.596045197740113, 'precision': 0.5921854522041153, 'recall': 0.596045197740113, 'f1': 0.592973262336778}","{'accuracy': 0.5847457627118644, 'precision': 0.580558463465536, 'recall': 0.5847457627118644, 'f1': 0.5808942544983124}","{'accuracy': 0.5692090395480226, 'precision': 0.5678863680913429, 'recall': 0.5692090395480226, 'f1': 0.5663660227561806}","{'accuracy': 0.6031073446327684, 'precision': 0.6005794838159534, 'recall': 0.6031073446327684, 'f1': 0.5989696403651308}","{'accuracy': 0.5903954802259888, 'precision': 0.5881341487491837, 'recall': 0.5903954802259888, 'f1': 0.5848118270395491}","{'accuracy': 0.6031073446327684, 'precision': 0.5991892617167655, 'recall': 0.6031073446327684, 'f1': 0.598924899375801}","{'accuracy': 0.6011315417256011, 'precision': 0.6001004800641938, 'recall': 0.6011315417256011, 'f1': 0.5979059369177325}",0.5909041146245375,0.5881359173102165,0.5909041146245374,0.586971374281841,0.01096572897302065,0.010906371576178379,0.01096572897302065,0.011051901983288393
45,0.5333408427748971,2024-07-07 10:12:32.282704,2024-07-07 10:12:40.246108,0 days 00:00:07.963404,cityblock,254,uniform,COMPLETE,"{'accuracy': 0.5536723163841808, 'precision': 0.543098471492468, 'recall': 0.5536723163841808, 'f1': 0.5419908191703741}","{'accuracy': 0.5268361581920904, 'precision': 0.5147858410032508, 'recall': 0.5268361581920904, 'f1': 0.5128406637454764}","{'accuracy': 0.5423728813559322, 'precision': 0.5275510973018954, 'recall': 0.5423728813559322, 'f1': 0.5238930223541552}","{'accuracy': 0.556497175141243, 'precision': 0.5515019401063938, 'recall': 0.556497175141243, 'f1': 0.5457178986996926}","{'accuracy': 0.5692090395480226, 'precision': 0.5614497222392956, 'recall': 0.5692090395480226, 'f1': 0.5543035862260061}","{'accuracy': 0.5240112994350282, 'precision': 0.5137006102948064, 'recall': 0.5240112994350282, 'f1': 0.5127287523021605}","{'accuracy': 0.5451977401129944, 'precision': 0.5308946168015779, 'recall': 0.5451977401129944, 'f1': 0.5291527384565256}","{'accuracy': 0.5480225988700564, 'precision': 0.5402404916176103, 'recall': 0.5480225988700564, 'f1': 0.5325235415955694}","{'accuracy': 0.556497175141243, 'precision': 0.5475312918198367, 'recall': 0.556497175141243, 'f1': 0.5407871260095837}","{'accuracy': 0.5544554455445545, 'precision': 0.5463618425762484, 'recall': 0.5544554455445545, 'f1': 0.5394702791894278}",0.5476771829725345,0.5377115925253383,0.5476771829725345,0.5333408427748971,0.013864089350244248,0.015677881717238135,0.013864089350244248,0.013796345999222002
46,0.5574165940504274,2024-07-07 10:12:40.247113,2024-07-07 10:12:42.552617,0 days 00:00:02.305504,cosine,9,distance,COMPLETE,"{'accuracy': 0.5734463276836158, 'precision': 0.572564038232251, 'recall': 0.5734463276836158, 'f1': 0.5723273908430327}","{'accuracy': 0.5451977401129944, 'precision': 0.5429333016758991, 'recall': 0.5451977401129944, 'f1': 0.5431597983484553}","{'accuracy': 0.5522598870056498, 'precision': 0.5480872308860629, 'recall': 0.5522598870056498, 'f1': 0.5473014392495708}","{'accuracy': 0.5677966101694916, 'precision': 0.5673296688670463, 'recall': 0.5677966101694916, 'f1': 0.567511117824744}","{'accuracy': 0.5480225988700564, 'precision': 0.5473461983330091, 'recall': 0.5480225988700564, 'f1': 0.5476557978570739}","{'accuracy': 0.557909604519774, 'precision': 0.5585110543118885, 'recall': 0.557909604519774, 'f1': 0.5575843964608229}","{'accuracy': 0.5621468926553672, 'precision': 0.5595407213933182, 'recall': 0.5621468926553672, 'f1': 0.5597552291030522}","{'accuracy': 0.5734463276836158, 'precision': 0.5725718196708665, 'recall': 0.5734463276836158, 'f1': 0.5720670335998969}","{'accuracy': 0.557909604519774, 'precision': 0.5592306268807523, 'recall': 0.557909604519774, 'f1': 0.5585133492885646}","{'accuracy': 0.5502121640735502, 'precision': 0.5480341459047973, 'recall': 0.5502121640735502, 'f1': 0.5482903879290609}",0.558834775729389,0.5576148806155891,0.558834775729389,0.5574165940504274,0.01022220829564924,0.010812792110686177,0.01022220829564924,0.010696314290731007
47,0.574652258579346,2024-07-07 10:12:42.552617,2024-07-07 10:12:50.099971,0 days 00:00:07.547354,cityblock,81,distance,COMPLETE,"{'accuracy': 0.5932203389830508, 'precision': 0.5896373857543165, 'recall': 0.5932203389830508, 'f1': 0.5877898201811675}","{'accuracy': 0.5649717514124294, 'precision': 0.5603658177362247, 'recall': 0.5649717514124294, 'f1': 0.5575811420121967}","{'accuracy': 0.5607344632768362, 'precision': 0.5546245648318174, 'recall': 0.5607344632768362, 'f1': 0.5514043059910098}","{'accuracy': 0.5932203389830508, 'precision': 0.589290456485309, 'recall': 0.5932203389830508, 'f1': 0.5884189427759852}","{'accuracy': 0.5720338983050848, 'precision': 0.5656862723609867, 'recall': 0.5720338983050848, 'f1': 0.5646649173216534}","{'accuracy': 0.5847457627118644, 'precision': 0.5848875987020723, 'recall': 0.5847457627118644, 'f1': 0.5754016905000985}","{'accuracy': 0.5819209039548022, 'precision': 0.5753012907727102, 'recall': 0.5819209039548022, 'f1': 0.5710782284566155}","{'accuracy': 0.596045197740113, 'precision': 0.5951597429207001, 'recall': 0.596045197740113, 'f1': 0.5849103398292813}","{'accuracy': 0.596045197740113, 'precision': 0.5918598155336341, 'recall': 0.596045197740113, 'f1': 0.5881552832242956}","{'accuracy': 0.5841584158415841, 'precision': 0.5815340151116, 'recall': 0.5841584158415841, 'f1': 0.5771179155011562}",0.5827096268948929,0.5788346960209371,0.5827096268948928,0.574652258579346,0.012888423671757583,0.014215413372125495,0.012888423671757583,0.013336371043455555
48,0.5260435125774123,2024-07-07 10:12:50.100972,2024-07-07 10:12:52.043749,0 days 00:00:01.942777,euclidean,148,uniform,COMPLETE,"{'accuracy': 0.5635593220338984, 'precision': 0.5552055911124127, 'recall': 0.5635593220338984, 'f1': 0.5533422188123746}","{'accuracy': 0.5056497175141242, 'precision': 0.49579928807811324, 'recall': 0.5056497175141242, 'f1': 0.49496235290816115}","{'accuracy': 0.5211864406779662, 'precision': 0.5093063672319463, 'recall': 0.5211864406779662, 'f1': 0.5050855262896822}","{'accuracy': 0.5663841807909604, 'precision': 0.5616648202101462, 'recall': 0.5663841807909604, 'f1': 0.5573657947882448}","{'accuracy': 0.5494350282485876, 'precision': 0.5419820916779706, 'recall': 0.5494350282485876, 'f1': 0.5399221148680089}","{'accuracy': 0.5296610169491526, 'precision': 0.5203696400516893, 'recall': 0.5296610169491526, 'f1': 0.5189431437455424}","{'accuracy': 0.5240112994350282, 'precision': 0.5114623418241427, 'recall': 0.5240112994350282, 'f1': 0.5081668708481412}","{'accuracy': 0.538135593220339, 'precision': 0.5310821817982203, 'recall': 0.538135593220339, 'f1': 0.5244139049497168}","{'accuracy': 0.5536723163841808, 'precision': 0.5473657965729019, 'recall': 0.5536723163841808, 'f1': 0.541832001382808}","{'accuracy': 0.5332390381895332, 'precision': 0.5238616601642955, 'recall': 0.5332390381895332, 'f1': 0.5164011971814426}",0.538493395344377,0.5298099778721839,0.538493395344377,0.5260435125774123,0.019578990221754928,0.021488800854895015,0.019578990221754928,0.021184616549645246
49,0.5655355707515548,2024-07-07 10:12:52.044755,2024-07-07 10:12:59.659772,0 days 00:00:07.615017,cityblock,102,distance,COMPLETE,"{'accuracy': 0.5903954802259888, 'precision': 0.5863519329459446, 'recall': 0.5903954802259888, 'f1': 0.5839975537759887}","{'accuracy': 0.556497175141243, 'precision': 0.5510053651993659, 'recall': 0.556497175141243, 'f1': 0.5469770193019226}","{'accuracy': 0.5480225988700564, 'precision': 0.5407139359230162, 'recall': 0.5480225988700564, 'f1': 0.5384471796150512}","{'accuracy': 0.6002824858757062, 'precision': 0.5964572821796645, 'recall': 0.6002824858757062, 'f1': 0.5934901143101609}","{'accuracy': 0.5677966101694916, 'precision': 0.5617377382793636, 'recall': 0.5677966101694916, 'f1': 0.5588087270754786}","{'accuracy': 0.5748587570621468, 'precision': 0.5718049074019141, 'recall': 0.5748587570621468, 'f1': 0.5670473555514361}","{'accuracy': 0.5635593220338984, 'precision': 0.5551216956995562, 'recall': 0.5635593220338984, 'f1': 0.5510862611156404}","{'accuracy': 0.5819209039548022, 'precision': 0.5775431802974176, 'recall': 0.5819209039548022, 'f1': 0.5723407082908455}","{'accuracy': 0.597457627118644, 'precision': 0.5944860044306893, 'recall': 0.597457627118644, 'f1': 0.588972789333377}","{'accuracy': 0.562942008486563, 'precision': 0.5589804486325894, 'recall': 0.562942008486563, 'f1': 0.5541879991456471}",0.5743732968938541,0.5694202490989522,0.5743732968938541,0.5655355707515548,0.01771022620071009,0.01901246133257967,0.01771022620071009,0.018800712309931748
