number,value,datetime_start,datetime_complete,duration,params_C,params_gamma,params_kernel,state,fold_0,fold_1,fold_2,fold_3,fold_4,accuracy,balanced_accuracy,precision,recall,f1,accuracy_std,balanced_accuracy_std,precision_std,recall_std,f1_std
0,0.4936124821501238,2024-07-10 12:11:39.344593,2024-07-10 12:13:05.094674,0 days 00:01:25.750081,0.0030960101581081526,2.8698379250004886,linear,COMPLETE,"{'accuracy': 0.509180790960452, 'balanced_accuracy': 0.531156036362746, 'precision': 0.4916309179024971, 'recall': 0.509180790960452, 'f1': 0.48920387499410206}","{'accuracy': 0.5324858757062146, 'balanced_accuracy': 0.5538894589804574, 'precision': 0.5184318818503676, 'recall': 0.5324858757062146, 'f1': 0.508055147021634}","{'accuracy': 0.5098870056497176, 'balanced_accuracy': 0.5299309939324383, 'precision': 0.4948708928130348, 'recall': 0.5098870056497176, 'f1': 0.49202626647646597}","{'accuracy': 0.5240112994350282, 'balanced_accuracy': 0.5501671061078436, 'precision': 0.5075649258454789, 'recall': 0.5240112994350282, 'f1': 0.49431045756322844}","{'accuracy': 0.5067137809187279, 'balanced_accuracy': 0.526337896513684, 'precision': 0.4889804095565862, 'recall': 0.5067137809187279, 'f1': 0.4844666646951888}",0.516455750534028,0.5382962983794338,0.5002958055935929,0.516455750534028,0.4936124821501238,0.011236443502829622,0.01272819477572167,0.012392593716391637,0.011236443502829622,0.008869549205096777
1,0.21534102145881046,2024-07-10 12:13:05.095675,2024-07-10 12:14:43.585546,0 days 00:01:38.489871,1.4510161404606145e-09,0.33723885299463113,sigmoid,COMPLETE,"{'accuracy': 0.3862994350282486, 'balanced_accuracy': 0.3333333333333333, 'precision': 0.14922725350314406, 'recall': 0.3862994350282486, 'f1': 0.21528863062705245}","{'accuracy': 0.3862994350282486, 'balanced_accuracy': 0.3333333333333333, 'precision': 0.14922725350314406, 'recall': 0.3862994350282486, 'f1': 0.21528863062705245}","{'accuracy': 0.3862994350282486, 'balanced_accuracy': 0.3333333333333333, 'precision': 0.14922725350314406, 'recall': 0.3862994350282486, 'f1': 0.21528863062705245}","{'accuracy': 0.3862994350282486, 'balanced_accuracy': 0.3333333333333333, 'precision': 0.14922725350314406, 'recall': 0.3862994350282486, 'f1': 0.21528863062705245}","{'accuracy': 0.38657243816254416, 'balanced_accuracy': 0.3333333333333333, 'precision': 0.14943824994693403, 'recall': 0.38657243816254416, 'f1': 0.21555058478584266}",0.38635403565510773,0.3333333333333333,0.14926945279190204,0.38635403565510773,0.21534102145881046,0.0001220907132710791,0.0,9.436047826501639e-05,0.0001220907132710791,0.00011714946120873757
2,0.49507269670281673,2024-07-10 12:14:43.585546,2024-07-10 12:16:08.962637,0 days 00:01:25.377091,4455052.394518218,2.1663579511421804e-08,sigmoid,COMPLETE,"{'accuracy': 0.5049435028248588, 'balanced_accuracy': 0.5236903455098652, 'precision': 0.4940278523413702, 'recall': 0.5049435028248588, 'f1': 0.4944307641925554}","{'accuracy': 0.5218926553672316, 'balanced_accuracy': 0.5397143608551649, 'precision': 0.5106860497769911, 'recall': 0.5218926553672316, 'f1': 0.5091896680231599}","{'accuracy': 0.518361581920904, 'balanced_accuracy': 0.5367007486761898, 'precision': 0.5078460413132636, 'recall': 0.518361581920904, 'f1': 0.5065736332211931}","{'accuracy': 0.5007062146892656, 'balanced_accuracy': 0.5244921987358245, 'precision': 0.48283000969588485, 'recall': 0.5007062146892656, 'f1': 0.475846529227273}","{'accuracy': 0.5053003533568905, 'balanced_accuracy': 0.5248599119385062, 'precision': 0.49263318235204484, 'recall': 0.5053003533568905, 'f1': 0.48932288884990205}",0.5102408616318301,0.5298915131431101,0.49760462709591086,0.5102408616318301,0.49507269670281673,0.009288306087893753,0.007677533986992051,0.011530482257213466,0.009288306087893753,0.013552474898980075
3,0.49320999979417834,2024-07-10 12:16:08.963637,2024-07-10 12:17:28.226003,0 days 00:01:19.262366,0.043541197871659006,1.5977931030670635e-07,linear,COMPLETE,"{'accuracy': 0.4936440677966102, 'balanced_accuracy': 0.5116974506858895, 'precision': 0.4819113180215728, 'recall': 0.4936440677966102, 'f1': 0.48333259065735296}","{'accuracy': 0.530367231638418, 'balanced_accuracy': 0.5496447226893219, 'precision': 0.5182350428751527, 'recall': 0.530367231638418, 'f1': 0.5139257888609106}","{'accuracy': 0.5211864406779662, 'balanced_accuracy': 0.5384561997008553, 'precision': 0.5111245394605992, 'recall': 0.5211864406779662, 'f1': 0.5086633381549747}","{'accuracy': 0.5035310734463276, 'balanced_accuracy': 0.5298212559328789, 'precision': 0.48304439482305667, 'recall': 0.5035310734463276, 'f1': 0.47464952256904647}","{'accuracy': 0.5024734982332155, 'balanced_accuracy': 0.5202919623561326, 'precision': 0.4884183908564751, 'recall': 0.5024734982332155, 'f1': 0.4854787587286071}",0.5102404623585075,0.5299823182730157,0.49654673720737125,0.5102404623585075,0.49320999979417834,0.015047285691856843,0.014888604160863121,0.01692242358736449,0.015047285691856843,0.01710099556784237
4,0.5252171527219194,2024-07-10 12:17:28.227004,2024-07-10 12:19:07.685547,0 days 00:01:39.458543,0.13225121917959448,0.04334465747226369,rbf,COMPLETE,"{'accuracy': 0.5360169491525424, 'balanced_accuracy': 0.5487474300266807, 'precision': 0.5296642874660613, 'recall': 0.5360169491525424, 'f1': 0.5310073587219858}","{'accuracy': 0.528954802259887, 'balanced_accuracy': 0.5394383285200788, 'precision': 0.5231339296445082, 'recall': 0.528954802259887, 'f1': 0.5216703873112246}","{'accuracy': 0.5402542372881356, 'balanced_accuracy': 0.5462076998534526, 'precision': 0.5338718525517471, 'recall': 0.5402542372881356, 'f1': 0.534667659862667}","{'accuracy': 0.538135593220339, 'balanced_accuracy': 0.5518065159985516, 'precision': 0.5291167153497661, 'recall': 0.538135593220339, 'f1': 0.5289880748527378}","{'accuracy': 0.5173144876325089, 'balanced_accuracy': 0.5244023739213745, 'precision': 0.509117738383502, 'recall': 0.5173144876325089, 'f1': 0.5097522828609815}",0.5321352139106825,0.5421204696640276,0.524980904679117,0.5321352139106825,0.5252171527219194,0.009310745225710224,0.010903741854587746,0.009658407218676494,0.009310745225710224,0.009859008179724108
5,0.21534102145881046,2024-07-10 12:19:07.686548,2024-07-10 12:20:53.982369,0 days 00:01:46.295821,141.5458165193241,7.512169189276564e-09,rbf,COMPLETE,"{'accuracy': 0.3862994350282486, 'balanced_accuracy': 0.3333333333333333, 'precision': 0.14922725350314406, 'recall': 0.3862994350282486, 'f1': 0.21528863062705245}","{'accuracy': 0.3862994350282486, 'balanced_accuracy': 0.3333333333333333, 'precision': 0.14922725350314406, 'recall': 0.3862994350282486, 'f1': 0.21528863062705245}","{'accuracy': 0.3862994350282486, 'balanced_accuracy': 0.3333333333333333, 'precision': 0.14922725350314406, 'recall': 0.3862994350282486, 'f1': 0.21528863062705245}","{'accuracy': 0.3862994350282486, 'balanced_accuracy': 0.3333333333333333, 'precision': 0.14922725350314406, 'recall': 0.3862994350282486, 'f1': 0.21528863062705245}","{'accuracy': 0.38657243816254416, 'balanced_accuracy': 0.3333333333333333, 'precision': 0.14943824994693403, 'recall': 0.38657243816254416, 'f1': 0.21555058478584266}",0.38635403565510773,0.3333333333333333,0.14926945279190204,0.38635403565510773,0.21534102145881046,0.0001220907132710791,0.0,9.436047826501639e-05,0.0001220907132710791,0.00011714946120873757
6,0.21534102145881046,2024-07-10 12:20:53.982369,2024-07-10 12:22:26.459385,0 days 00:01:32.477016,0.0001236731388656227,1.1868429491784135e-09,linear,COMPLETE,"{'accuracy': 0.3862994350282486, 'balanced_accuracy': 0.3333333333333333, 'precision': 0.14922725350314406, 'recall': 0.3862994350282486, 'f1': 0.21528863062705245}","{'accuracy': 0.3862994350282486, 'balanced_accuracy': 0.3333333333333333, 'precision': 0.14922725350314406, 'recall': 0.3862994350282486, 'f1': 0.21528863062705245}","{'accuracy': 0.3862994350282486, 'balanced_accuracy': 0.3333333333333333, 'precision': 0.14922725350314406, 'recall': 0.3862994350282486, 'f1': 0.21528863062705245}","{'accuracy': 0.3862994350282486, 'balanced_accuracy': 0.3333333333333333, 'precision': 0.14922725350314406, 'recall': 0.3862994350282486, 'f1': 0.21528863062705245}","{'accuracy': 0.38657243816254416, 'balanced_accuracy': 0.3333333333333333, 'precision': 0.14943824994693403, 'recall': 0.38657243816254416, 'f1': 0.21555058478584266}",0.38635403565510773,0.3333333333333333,0.14926945279190204,0.38635403565510773,0.21534102145881046,0.0001220907132710791,0.0,9.436047826501639e-05,0.0001220907132710791,0.00011714946120873757
7,0.21534102145881046,2024-07-10 12:22:26.460385,2024-07-10 12:24:00.160216,0 days 00:01:33.699831,4.872708398361315e-10,1.0058296249730971,poly,COMPLETE,"{'accuracy': 0.3862994350282486, 'balanced_accuracy': 0.3333333333333333, 'precision': 0.14922725350314406, 'recall': 0.3862994350282486, 'f1': 0.21528863062705245}","{'accuracy': 0.3862994350282486, 'balanced_accuracy': 0.3333333333333333, 'precision': 0.14922725350314406, 'recall': 0.3862994350282486, 'f1': 0.21528863062705245}","{'accuracy': 0.3862994350282486, 'balanced_accuracy': 0.3333333333333333, 'precision': 0.14922725350314406, 'recall': 0.3862994350282486, 'f1': 0.21528863062705245}","{'accuracy': 0.3862994350282486, 'balanced_accuracy': 0.3333333333333333, 'precision': 0.14922725350314406, 'recall': 0.3862994350282486, 'f1': 0.21528863062705245}","{'accuracy': 0.38657243816254416, 'balanced_accuracy': 0.3333333333333333, 'precision': 0.14943824994693403, 'recall': 0.38657243816254416, 'f1': 0.21555058478584266}",0.38635403565510773,0.3333333333333333,0.14926945279190204,0.38635403565510773,0.21534102145881046,0.0001220907132710791,0.0,9.436047826501639e-05,0.0001220907132710791,0.00011714946120873757
8,0.48106335715854137,2024-07-10 12:24:00.161216,2024-07-10 12:27:59.805881,0 days 00:03:59.644665,8.594202586649937,1.079938466818161e-08,linear,COMPLETE,"{'accuracy': 0.480225988700565, 'balanced_accuracy': 0.4953312614100945, 'precision': 0.4731412389152831, 'recall': 0.480225988700565, 'f1': 0.47490706882690314}","{'accuracy': 0.5098870056497176, 'balanced_accuracy': 0.5233812903033718, 'precision': 0.5026357129246258, 'recall': 0.5098870056497176, 'f1': 0.5032102198338536}","{'accuracy': 0.4851694915254237, 'balanced_accuracy': 0.49901479728723147, 'precision': 0.48139153465756485, 'recall': 0.4851694915254237, 'f1': 0.48204878111007093}","{'accuracy': 0.4738700564971751, 'balanced_accuracy': 0.48648034522058864, 'precision': 0.4651786116731563, 'recall': 0.4738700564971751, 'f1': 0.4671053334074317}","{'accuracy': 0.4826855123674912, 'balanced_accuracy': 0.49609856132032376, 'precision': 0.47680690057339636, 'recall': 0.4826855123674912, 'f1': 0.4780453826144476}",0.4863676109480745,0.500061251108322,0.47983079974880527,0.4863676109480745,0.48106335715854137,0.013802750254243185,0.013851317728749197,0.014063079003055824,0.013802750254243185,0.013539655369792382
9,0.39534747589515773,2024-07-10 12:27:59.806881,2024-07-10 12:28:56.965856,0 days 00:00:57.158975,90.7819644340428,1.3823454432319928,sigmoid,COMPLETE,"{'accuracy': 0.3926553672316384, 'balanced_accuracy': 0.3967067322578699, 'precision': 0.39755272008848896, 'recall': 0.3926553672316384, 'f1': 0.393024116347317}","{'accuracy': 0.3771186440677966, 'balanced_accuracy': 0.3920367674158083, 'precision': 0.38083959111866766, 'recall': 0.3771186440677966, 'f1': 0.3692408556006394}","{'accuracy': 0.3855932203389831, 'balanced_accuracy': 0.3945661818667199, 'precision': 0.39750271078648663, 'recall': 0.3855932203389831, 'f1': 0.3838396055596489}","{'accuracy': 0.4230225988700565, 'balanced_accuracy': 0.43058368333412395, 'precision': 0.4369814722259516, 'recall': 0.4230225988700565, 'f1': 0.4240920687324804}","{'accuracy': 0.407773851590106, 'balanced_accuracy': 0.4189961521580059, 'precision': 0.4176541063299569, 'recall': 0.407773851590106, 'f1': 0.4065407332357031}",0.3972327364197161,0.40657790340650557,0.4061061201099103,0.39723273641971607,0.39534747589515773,0.018284142505611615,0.0172021545313541,0.021634579642357564,0.018284142505611615,0.02104118182116155
10,0.503854862221925,2024-07-10 12:28:56.966856,2024-07-10 12:31:39.913208,0 days 00:02:42.946352,799338782.3687483,0.0026470841444489936,rbf,COMPLETE,"{'accuracy': 0.4957627118644068, 'balanced_accuracy': 0.5013713862051484, 'precision': 0.5002277150222108, 'recall': 0.4957627118644068, 'f1': 0.4963189999109265}","{'accuracy': 0.509180790960452, 'balanced_accuracy': 0.5182637797821944, 'precision': 0.5074518121860414, 'recall': 0.509180790960452, 'f1': 0.5067330077783914}","{'accuracy': 0.5120056497175142, 'balanced_accuracy': 0.5170657743940358, 'precision': 0.5146156014207732, 'recall': 0.5120056497175142, 'f1': 0.5124335225250372}","{'accuracy': 0.5127118644067796, 'balanced_accuracy': 0.5238831678772122, 'precision': 0.5109835060058104, 'recall': 0.5127118644067796, 'f1': 0.5099628713822265}","{'accuracy': 0.4925795053003534, 'balanced_accuracy': 0.4949552780459269, 'precision': 0.49720344420316703, 'recall': 0.4925795053003534, 'f1': 0.4938259095130432}",0.5044481044499012,0.5111078772609036,0.5060964157676006,0.5044481044499011,0.503854862221925,0.009540757711535341,0.012304645961513984,0.007277085033265617,0.009540757711535341,0.008314956758006045
11,0.4935669568501127,2024-07-10 12:31:39.913208,2024-07-10 12:35:46.416530,0 days 00:04:06.503322,442391565.4833952,0.0013101543398482494,rbf,COMPLETE,"{'accuracy': 0.4887005649717514, 'balanced_accuracy': 0.49386808477737576, 'precision': 0.4930138310039339, 'recall': 0.4887005649717514, 'f1': 0.48922727527195886}","{'accuracy': 0.5007062146892656, 'balanced_accuracy': 0.5117451555305519, 'precision': 0.4990886300210335, 'recall': 0.5007062146892656, 'f1': 0.4973495336242861}","{'accuracy': 0.5098870056497176, 'balanced_accuracy': 0.5167922904158564, 'precision': 0.5124814353493651, 'recall': 0.5098870056497176, 'f1': 0.5098073857916517}","{'accuracy': 0.4915254237288136, 'balanced_accuracy': 0.5011161472725271, 'precision': 0.49023790946441814, 'recall': 0.4915254237288136, 'f1': 0.48889246332883096}","{'accuracy': 0.48197879858657244, 'balanced_accuracy': 0.48613251423982723, 'precision': 0.4848369887305755, 'recall': 0.48197879858657244, 'f1': 0.4825581262338358}",0.49455960152522416,0.5019308384472276,0.4959317589138652,0.49455960152522405,0.4935669568501127,0.01089175510879965,0.012574203162038423,0.010581656008956634,0.01089175510879965,0.010487343522978579
12,0.4902169738058729,2024-07-10 12:35:46.416530,2024-07-10 12:40:41.030103,0 days 00:04:54.613573,194624.68574599072,0.0010415720259912345,rbf,COMPLETE,"{'accuracy': 0.4879943502824859, 'balanced_accuracy': 0.4942764961558747, 'precision': 0.49186606818573364, 'recall': 0.4879943502824859, 'f1': 0.488185963529919}","{'accuracy': 0.4943502824858757, 'balanced_accuracy': 0.5049631415705008, 'precision': 0.4927576918171569, 'recall': 0.4943502824858757, 'f1': 0.4910368993110935}","{'accuracy': 0.5049435028248588, 'balanced_accuracy': 0.5121908899261594, 'precision': 0.5077839175795958, 'recall': 0.5049435028248588, 'f1': 0.5048229968276511}","{'accuracy': 0.490819209039548, 'balanced_accuracy': 0.5003948598048055, 'precision': 0.4894819995322264, 'recall': 0.490819209039548, 'f1': 0.48829019887736735}","{'accuracy': 0.4784452296819788, 'balanced_accuracy': 0.4835714500691915, 'precision': 0.48103223442963144, 'recall': 0.4784452296819788, 'f1': 0.4787488104833342}",0.4913105148629494,0.4990793675053064,0.4925843823088688,0.4913105148629494,0.4902169738058729,0.009641737909934705,0.010860759801199153,0.009677923115625191,0.009641737909934705,0.009398994902453611
13,0.21534102145881046,2024-07-10 12:40:41.031103,2024-07-10 12:42:24.406065,0 days 00:01:43.374962,4.266162983020342e-06,0.004851562365499215,rbf,COMPLETE,"{'accuracy': 0.3862994350282486, 'balanced_accuracy': 0.3333333333333333, 'precision': 0.14922725350314406, 'recall': 0.3862994350282486, 'f1': 0.21528863062705245}","{'accuracy': 0.3862994350282486, 'balanced_accuracy': 0.3333333333333333, 'precision': 0.14922725350314406, 'recall': 0.3862994350282486, 'f1': 0.21528863062705245}","{'accuracy': 0.3862994350282486, 'balanced_accuracy': 0.3333333333333333, 'precision': 0.14922725350314406, 'recall': 0.3862994350282486, 'f1': 0.21528863062705245}","{'accuracy': 0.3862994350282486, 'balanced_accuracy': 0.3333333333333333, 'precision': 0.14922725350314406, 'recall': 0.3862994350282486, 'f1': 0.21528863062705245}","{'accuracy': 0.38657243816254416, 'balanced_accuracy': 0.3333333333333333, 'precision': 0.14943824994693403, 'recall': 0.38657243816254416, 'f1': 0.21555058478584266}",0.38635403565510773,0.3333333333333333,0.14926945279190204,0.38635403565510773,0.21534102145881046,0.0001220907132710791,0.0,9.436047826501639e-05,0.0001220907132710791,0.00011714946120873757
14,0.4907992768500173,2024-07-10 12:42:24.406065,2024-07-10 12:44:10.379415,0 days 00:01:45.973350,43242.81176564139,6.6374128680225e-06,rbf,COMPLETE,"{'accuracy': 0.4887005649717514, 'balanced_accuracy': 0.5044616474070379, 'precision': 0.48104726306995665, 'recall': 0.4887005649717514, 'f1': 0.4826209344615129}","{'accuracy': 0.5176553672316384, 'balanced_accuracy': 0.5325117721529096, 'precision': 0.5100287736532225, 'recall': 0.5176553672316384, 'f1': 0.5106184755953204}","{'accuracy': 0.4964689265536723, 'balanced_accuracy': 0.5117743575192301, 'precision': 0.490677705223577, 'recall': 0.4964689265536723, 'f1': 0.49104615968844284}","{'accuracy': 0.4901129943502825, 'balanced_accuracy': 0.503874616371475, 'precision': 0.4794329276413249, 'recall': 0.4901129943502825, 'f1': 0.4808220230262026}","{'accuracy': 0.49681978798586574, 'balanced_accuracy': 0.5131228757882568, 'precision': 0.4884573841426361, 'recall': 0.49681978798586574, 'f1': 0.48888879147860775}",0.4979515282186421,0.5131490538477819,0.4899288107461435,0.497951528218642,0.4907992768500173,0.01160542060528478,0.0116005555537102,0.012204301488903297,0.01160542060528478,0.011863203851453188
15,0.5209136571546304,2024-07-10 12:44:10.380422,2024-07-10 12:45:55.394391,0 days 00:01:45.013969,769995978.7740899,0.040137105747755336,poly,COMPLETE,"{'accuracy': 0.5233050847457628, 'balanced_accuracy': 0.5308537999115036, 'precision': 0.5238568554217, 'recall': 0.5233050847457628, 'f1': 0.5229566027941851}","{'accuracy': 0.509180790960452, 'balanced_accuracy': 0.5173911972573413, 'precision': 0.5071541271451158, 'recall': 0.509180790960452, 'f1': 0.5079049950275183}","{'accuracy': 0.5346045197740112, 'balanced_accuracy': 0.5377410600202239, 'precision': 0.5349465430663657, 'recall': 0.5346045197740112, 'f1': 0.534685245374891}","{'accuracy': 0.528954802259887, 'balanced_accuracy': 0.5347836868720762, 'precision': 0.5302174502428201, 'recall': 0.528954802259887, 'f1': 0.5291786491842249}","{'accuracy': 0.5095406360424029, 'balanced_accuracy': 0.5113900770291241, 'precision': 0.5103798825798612, 'recall': 0.5095406360424029, 'f1': 0.5098427933923325}",0.5211171667565032,0.5264319642180537,0.5213109716911726,0.5211171667565031,0.5209136571546304,0.011452263284495091,0.011458549073668084,0.012161832176413175,0.011452263284495091,0.011767855338002104
16,0.21534102145881046,2024-07-10 12:45:55.394391,2024-07-10 12:47:31.218434,0 days 00:01:35.824043,2.073580090165834e-06,0.057084748309968604,poly,COMPLETE,"{'accuracy': 0.3862994350282486, 'balanced_accuracy': 0.3333333333333333, 'precision': 0.14922725350314406, 'recall': 0.3862994350282486, 'f1': 0.21528863062705245}","{'accuracy': 0.3862994350282486, 'balanced_accuracy': 0.3333333333333333, 'precision': 0.14922725350314406, 'recall': 0.3862994350282486, 'f1': 0.21528863062705245}","{'accuracy': 0.3862994350282486, 'balanced_accuracy': 0.3333333333333333, 'precision': 0.14922725350314406, 'recall': 0.3862994350282486, 'f1': 0.21528863062705245}","{'accuracy': 0.3862994350282486, 'balanced_accuracy': 0.3333333333333333, 'precision': 0.14922725350314406, 'recall': 0.3862994350282486, 'f1': 0.21528863062705245}","{'accuracy': 0.38657243816254416, 'balanced_accuracy': 0.3333333333333333, 'precision': 0.14943824994693403, 'recall': 0.38657243816254416, 'f1': 0.21555058478584266}",0.38635403565510773,0.3333333333333333,0.14926945279190204,0.38635403565510773,0.21534102145881046,0.0001220907132710791,0.0,9.436047826501639e-05,0.0001220907132710791,0.00011714946120873757
17,0.21534102145881046,2024-07-10 12:47:31.219442,2024-07-10 12:49:05.096312,0 days 00:01:33.876870,6176.351761863666,1.4313881178886157e-05,poly,COMPLETE,"{'accuracy': 0.3862994350282486, 'balanced_accuracy': 0.3333333333333333, 'precision': 0.14922725350314406, 'recall': 0.3862994350282486, 'f1': 0.21528863062705245}","{'accuracy': 0.3862994350282486, 'balanced_accuracy': 0.3333333333333333, 'precision': 0.14922725350314406, 'recall': 0.3862994350282486, 'f1': 0.21528863062705245}","{'accuracy': 0.3862994350282486, 'balanced_accuracy': 0.3333333333333333, 'precision': 0.14922725350314406, 'recall': 0.3862994350282486, 'f1': 0.21528863062705245}","{'accuracy': 0.3862994350282486, 'balanced_accuracy': 0.3333333333333333, 'precision': 0.14922725350314406, 'recall': 0.3862994350282486, 'f1': 0.21528863062705245}","{'accuracy': 0.38657243816254416, 'balanced_accuracy': 0.3333333333333333, 'precision': 0.14943824994693403, 'recall': 0.38657243816254416, 'f1': 0.21555058478584266}",0.38635403565510773,0.3333333333333333,0.14926945279190204,0.38635403565510773,0.21534102145881046,0.0001220907132710791,0.0,9.436047826501639e-05,0.0001220907132710791,0.00011714946120873757
