number,value,datetime_start,datetime_complete,duration,params_C,params_gamma,params_kernel,state,fold_0,fold_1,fold_2,fold_3,fold_4,accuracy,balanced_accuracy,precision,recall,f1,accuracy_std,balanced_accuracy_std,precision_std,recall_std,f1_std
36,0.4813820975975761,2024-07-10 13:19:49.138177,2024-07-10 13:55:55.181971,0 days 00:36:06.043794,87.22030150004139,0.3806474317705245,linear,COMPLETE,"{'accuracy': 0.4809322033898305, 'balanced_accuracy': 0.49416217045283095, 'precision': 0.47532963327399996, 'recall': 0.4809322033898305, 'f1': 0.47669444464921673}","{'accuracy': 0.5028248587570622, 'balanced_accuracy': 0.5158946440901944, 'precision': 0.49613063512608846, 'recall': 0.5028248587570622, 'f1': 0.4971504547253117}","{'accuracy': 0.4887005649717514, 'balanced_accuracy': 0.5022855257875738, 'precision': 0.48511158204548915, 'recall': 0.4887005649717514, 'f1': 0.48570075668595264}","{'accuracy': 0.4724576271186441, 'balanced_accuracy': 0.48337119775233733, 'precision': 0.4650935653678773, 'recall': 0.4724576271186441, 'f1': 0.46698849772091633}","{'accuracy': 0.48480565371024736, 'balanced_accuracy': 0.497627834193414, 'precision': 0.47962514074777296, 'recall': 0.48480565371024736, 'f1': 0.48037633420648307}",0.4859441815895071,0.4986682744552701,0.48025811131224555,0.4859441815895071,0.4813820975975761,0.011189931117823829,0.0118871817820162,0.01151246272075696,0.011189931117823829,0.011151830235458364
37,0.21534102145881046,2024-07-10 13:55:55.182972,2024-07-10 13:57:38.945026,0 days 00:01:43.762054,3.021840989642894e-08,0.018486224458128003,rbf,COMPLETE,"{'accuracy': 0.3862994350282486, 'balanced_accuracy': 0.3333333333333333, 'precision': 0.14922725350314406, 'recall': 0.3862994350282486, 'f1': 0.21528863062705245}","{'accuracy': 0.3862994350282486, 'balanced_accuracy': 0.3333333333333333, 'precision': 0.14922725350314406, 'recall': 0.3862994350282486, 'f1': 0.21528863062705245}","{'accuracy': 0.3862994350282486, 'balanced_accuracy': 0.3333333333333333, 'precision': 0.14922725350314406, 'recall': 0.3862994350282486, 'f1': 0.21528863062705245}","{'accuracy': 0.3862994350282486, 'balanced_accuracy': 0.3333333333333333, 'precision': 0.14922725350314406, 'recall': 0.3862994350282486, 'f1': 0.21528863062705245}","{'accuracy': 0.38657243816254416, 'balanced_accuracy': 0.3333333333333333, 'precision': 0.14943824994693403, 'recall': 0.38657243816254416, 'f1': 0.21555058478584266}",0.38635403565510773,0.3333333333333333,0.14926945279190204,0.38635403565510773,0.21534102145881046,0.0001220907132710791,0.0,9.436047826501639e-05,0.0001220907132710791,0.00011714946120873757
38,0.2152842110368503,2024-07-10 13:57:38.946012,2024-07-10 13:59:37.320503,0 days 00:01:58.374491,1605.747460329028,1.8025778307096987,rbf,COMPLETE,"{'accuracy': 0.3862994350282486, 'balanced_accuracy': 0.3333333333333333, 'precision': 0.14922725350314406, 'recall': 0.3862994350282486, 'f1': 0.21528863062705245}","{'accuracy': 0.3862994350282486, 'balanced_accuracy': 0.3333333333333333, 'precision': 0.14922725350314406, 'recall': 0.3862994350282486, 'f1': 0.21528863062705245}","{'accuracy': 0.3862994350282486, 'balanced_accuracy': 0.3333333333333333, 'precision': 0.14922725350314406, 'recall': 0.3862994350282486, 'f1': 0.21528863062705245}","{'accuracy': 0.3855932203389831, 'balanced_accuracy': 0.3327239488117002, 'precision': 0.14905971132538778, 'recall': 0.3855932203389831, 'f1': 0.2150045785172515}","{'accuracy': 0.38657243816254416, 'balanced_accuracy': 0.3333333333333333, 'precision': 0.14943824994693403, 'recall': 0.38657243816254416, 'f1': 0.21555058478584266}",0.3862127927172546,0.3332114564290067,0.1492359443563508,0.3862127927172546,0.2152842110368503,0.000365969755716814,0.0002725250429615678,0.00013436166303304573,0.000365969755716814,0.00019313720414648595
39,0.4902365536826584,2024-07-10 13:59:37.320503,2024-07-10 14:01:11.949122,0 days 00:01:34.628619,0.0008318224072538132,1.1953701774828144e-06,linear,COMPLETE,"{'accuracy': 0.5155367231638418, 'balanced_accuracy': 0.5371440603148417, 'precision': 0.4985028181968263, 'recall': 0.5155367231638418, 'f1': 0.4944586019421947}","{'accuracy': 0.528954802259887, 'balanced_accuracy': 0.5504009104171965, 'precision': 0.5135794505936049, 'recall': 0.528954802259887, 'f1': 0.5014338813268912}","{'accuracy': 0.5035310734463276, 'balanced_accuracy': 0.526152402028997, 'precision': 0.4843408220035863, 'recall': 0.5035310734463276, 'f1': 0.4806576644651274}","{'accuracy': 0.5127118644067796, 'balanced_accuracy': 0.5379337501770959, 'precision': 0.4926476899041312, 'recall': 0.5127118644067796, 'f1': 0.48279028771745014}","{'accuracy': 0.5151943462897527, 'balanced_accuracy': 0.5349388131600185, 'precision': 0.4992995576373107, 'recall': 0.5151943462897527, 'f1': 0.4918423329616282}",0.5151857619133178,0.5373139872196299,0.4976740676670919,0.5151857619133178,0.4902365536826584,0.009105790076810854,0.00868767770806202,0.010716227933165243,0.009105790076810854,0.008558422174052754
40,0.35323677718025465,2024-07-10 14:01:11.950116,2024-07-10 14:03:05.831102,0 days 00:01:53.880986,0.07634847852594204,0.0017022273769057253,rbf,COMPLETE,"{'accuracy': 0.4081920903954802, 'balanced_accuracy': 0.36405603664303215, 'precision': 0.46534656564824545, 'recall': 0.4081920903954802, 'f1': 0.341146552915482}","{'accuracy': 0.4152542372881356, 'balanced_accuracy': 0.3696869171335944, 'precision': 0.474364058121022, 'recall': 0.4152542372881356, 'f1': 0.3495730513262473}","{'accuracy': 0.4096045197740113, 'balanced_accuracy': 0.36581766520214476, 'precision': 0.4740849227113588, 'recall': 0.4096045197740113, 'f1': 0.34602188032323156}","{'accuracy': 0.4244350282485876, 'balanced_accuracy': 0.38050043502534714, 'precision': 0.5408065813707766, 'recall': 0.4244350282485876, 'f1': 0.3658035224745695}","{'accuracy': 0.41908127208480567, 'balanced_accuracy': 0.3760830957525146, 'precision': 0.44527101491341703, 'recall': 0.41908127208480567, 'f1': 0.3636388788617431}",0.41531342955820405,0.37122882995132656,0.47997462855296397,0.4153134295582041,0.35323677718025465,0.006721399149230503,0.006939627512355674,0.03600352289390705,0.006721399149230503,0.010929066214086066
41,0.21534102145881046,2024-07-10 14:03:05.831102,2024-07-10 14:04:44.764018,0 days 00:01:38.932916,86789750.85647908,1.4629629508868355e-10,poly,COMPLETE,"{'accuracy': 0.3862994350282486, 'balanced_accuracy': 0.3333333333333333, 'precision': 0.14922725350314406, 'recall': 0.3862994350282486, 'f1': 0.21528863062705245}","{'accuracy': 0.3862994350282486, 'balanced_accuracy': 0.3333333333333333, 'precision': 0.14922725350314406, 'recall': 0.3862994350282486, 'f1': 0.21528863062705245}","{'accuracy': 0.3862994350282486, 'balanced_accuracy': 0.3333333333333333, 'precision': 0.14922725350314406, 'recall': 0.3862994350282486, 'f1': 0.21528863062705245}","{'accuracy': 0.3862994350282486, 'balanced_accuracy': 0.3333333333333333, 'precision': 0.14922725350314406, 'recall': 0.3862994350282486, 'f1': 0.21528863062705245}","{'accuracy': 0.38657243816254416, 'balanced_accuracy': 0.3333333333333333, 'precision': 0.14943824994693403, 'recall': 0.38657243816254416, 'f1': 0.21555058478584266}",0.38635403565510773,0.3333333333333333,0.14926945279190204,0.38635403565510773,0.21534102145881046,0.0001220907132710791,0.0,9.436047826501639e-05,0.0001220907132710791,0.00011714946120873757
42,0.3987708197934946,2024-07-10 14:04:44.765018,2024-07-10 14:05:56.080860,0 days 00:01:11.315842,67051178.5951719,0.14431410458118352,sigmoid,COMPLETE,"{'accuracy': 0.3898305084745763, 'balanced_accuracy': 0.38579111813201616, 'precision': 0.39036524503764614, 'recall': 0.3898305084745763, 'f1': 0.38983883796803076}","{'accuracy': 0.3912429378531073, 'balanced_accuracy': 0.40148413794248666, 'precision': 0.38988907097262193, 'recall': 0.3912429378531073, 'f1': 0.3871606304691984}","{'accuracy': 0.4046610169491525, 'balanced_accuracy': 0.4129778655073606, 'precision': 0.40780448745294945, 'recall': 0.4046610169491525, 'f1': 0.4035740226484523}","{'accuracy': 0.4145480225988701, 'balanced_accuracy': 0.42202348145295926, 'precision': 0.42416896491721756, 'recall': 0.4145480225988701, 'f1': 0.41390469245609274}","{'accuracy': 0.4049469964664311, 'balanced_accuracy': 0.4236184292220842, 'precision': 0.41233856921205875, 'recall': 0.4049469964664311, 'f1': 0.3993759154256989}",0.4010458964684275,0.40917900645138144,0.4049132675184988,0.4010458964684275,0.3987708197934946,0.010398052856103202,0.0157647797285018,0.01476183914874182,0.010398052856103202,0.010805644307885342
43,0.2284693712359207,2024-07-10 14:05:56.080860,2024-07-10 14:08:02.825362,0 days 00:02:06.744502,380095.93771033426,0.4629234078484677,rbf,COMPLETE,"{'accuracy': 0.3912429378531073, 'balanced_accuracy': 0.3385668552411114, 'precision': 0.6453604171974651, 'recall': 0.3912429378531073, 'f1': 0.23277814695913693}","{'accuracy': 0.3912429378531073, 'balanced_accuracy': 0.338158539715207, 'precision': 0.4026147645644007, 'recall': 0.3912429378531073, 'f1': 0.2293861945407913}","{'accuracy': 0.3905367231638418, 'balanced_accuracy': 0.33773366482730166, 'precision': 0.6668832318549833, 'recall': 0.3905367231638418, 'f1': 0.22789007564723243}","{'accuracy': 0.3877118644067797, 'balanced_accuracy': 0.3349997141609529, 'precision': 0.3378711533730951, 'recall': 0.3877118644067797, 'f1': 0.225537692392158}","{'accuracy': 0.3872791519434629, 'balanced_accuracy': 0.3344462811123639, 'precision': 0.3262886389178572, 'recall': 0.3872791519434629, 'f1': 0.22675474664028492}",0.38960272304405985,0.33678101101138735,0.47580364118156027,0.3896027230440598,0.2284693712359207,0.001951108307417624,0.0019116979629653478,0.16733023413318043,0.001951108307417624,0.002796264245888161
44,0.48149794053201633,2024-07-10 14:08:02.826602,2024-07-10 14:24:03.434402,0 days 00:16:00.607800,41.875826172885944,0.026877981381570677,linear,COMPLETE,"{'accuracy': 0.4759887005649718, 'balanced_accuracy': 0.4901369399081708, 'precision': 0.46949423019224656, 'recall': 0.4759887005649718, 'f1': 0.4711381589743742}","{'accuracy': 0.510593220338983, 'balanced_accuracy': 0.5243037426194163, 'precision': 0.5037114191544544, 'recall': 0.510593220338983, 'f1': 0.5044796167041201}","{'accuracy': 0.4858757062146893, 'balanced_accuracy': 0.4996408370234599, 'precision': 0.4829202216621217, 'recall': 0.4858757062146893, 'f1': 0.48318086772487634}","{'accuracy': 0.4745762711864407, 'balanced_accuracy': 0.4851433998441926, 'precision': 0.4677739188660849, 'recall': 0.4745762711864407, 'f1': 0.4696175822924313}","{'accuracy': 0.4833922261484099, 'balanced_accuracy': 0.49538139680204357, 'precision': 0.4781242916768189, 'recall': 0.4833922261484099, 'f1': 0.4790734769642798}",0.48608522489069894,0.4989212632394566,0.48040481631034526,0.48608522489069894,0.48149794053201633,0.014511493720680864,0.015201254524105513,0.014433522201015011,0.014511493720680864,0.01401192075546863
45,0.5207748712555527,2024-07-10 14:24:03.435402,2024-07-10 14:25:45.796279,0 days 00:01:42.360877,199433707.2005024,0.0028996899722551683,poly,COMPLETE,"{'accuracy': 0.5233050847457628, 'balanced_accuracy': 0.5308537999115036, 'precision': 0.5238568554217, 'recall': 0.5233050847457628, 'f1': 0.5229566027941851}","{'accuracy': 0.509180790960452, 'balanced_accuracy': 0.5173911972573413, 'precision': 0.5071541271451158, 'recall': 0.509180790960452, 'f1': 0.5079049950275183}","{'accuracy': 0.5346045197740112, 'balanced_accuracy': 0.5377410600202239, 'precision': 0.5349465430663657, 'recall': 0.5346045197740112, 'f1': 0.534685245374891}","{'accuracy': 0.5282485875706214, 'balanced_accuracy': 0.5341183508773989, 'precision': 0.5295684673380148, 'recall': 0.5282485875706214, 'f1': 0.5284847196888361}","{'accuracy': 0.5095406360424029, 'balanced_accuracy': 0.5113900770291241, 'precision': 0.5103798825798612, 'recall': 0.5095406360424029, 'f1': 0.5098427933923325}",0.5209759238186501,0.5262988970191184,0.5211811751102114,0.52097592381865,0.5207748712555527,0.011335191022389595,0.011340570110059758,0.012045925513980548,0.011335191022389595,0.011649509260514564
46,0.48690939984817405,2024-07-10 14:25:45.797212,2024-07-10 14:33:20.318134,0 days 00:07:34.520922,3016247.3676992287,0.0006594239506943876,rbf,COMPLETE,"{'accuracy': 0.4781073446327684, 'balanced_accuracy': 0.4857451128530106, 'precision': 0.4813789244854601, 'recall': 0.4781073446327684, 'f1': 0.4779174932686018}","{'accuracy': 0.4992937853107345, 'balanced_accuracy': 0.5086526632768958, 'precision': 0.49858567736836645, 'recall': 0.4992937853107345, 'f1': 0.49709024213531466}","{'accuracy': 0.4985875706214689, 'balanced_accuracy': 0.5066671329730122, 'precision': 0.5021571007551505, 'recall': 0.4985875706214689, 'f1': 0.49842332748079016}","{'accuracy': 0.4872881355932203, 'balanced_accuracy': 0.49706817983141893, 'precision': 0.48644974168403876, 'recall': 0.4872881355932203, 'f1': 0.4848838771750592}","{'accuracy': 0.4763250883392226, 'balanced_accuracy': 0.4825280356336312, 'precision': 0.4781903525477934, 'recall': 0.4763250883392226, 'f1': 0.4762320591811045}",0.487920384899483,0.49613222491359377,0.48935235936816185,0.487920384899483,0.48690939984817405,0.010889094187807981,0.011848921250075977,0.010557068873359022,0.010889094187807981,0.010430517831829657
47,0.21534102145881046,2024-07-10 14:33:20.319134,2024-07-10 14:35:18.684344,0 days 00:01:58.365210,0.8196087876480882,2.785716212391811,rbf,COMPLETE,"{'accuracy': 0.3862994350282486, 'balanced_accuracy': 0.3333333333333333, 'precision': 0.14922725350314406, 'recall': 0.3862994350282486, 'f1': 0.21528863062705245}","{'accuracy': 0.3862994350282486, 'balanced_accuracy': 0.3333333333333333, 'precision': 0.14922725350314406, 'recall': 0.3862994350282486, 'f1': 0.21528863062705245}","{'accuracy': 0.3862994350282486, 'balanced_accuracy': 0.3333333333333333, 'precision': 0.14922725350314406, 'recall': 0.3862994350282486, 'f1': 0.21528863062705245}","{'accuracy': 0.3862994350282486, 'balanced_accuracy': 0.3333333333333333, 'precision': 0.14922725350314406, 'recall': 0.3862994350282486, 'f1': 0.21528863062705245}","{'accuracy': 0.38657243816254416, 'balanced_accuracy': 0.3333333333333333, 'precision': 0.14943824994693403, 'recall': 0.38657243816254416, 'f1': 0.21555058478584266}",0.38635403565510773,0.3333333333333333,0.14926945279190204,0.38635403565510773,0.21534102145881046,0.0001220907132710791,0.0,9.436047826501639e-05,0.0001220907132710791,0.00011714946120873757
48,0.21534102145881046,2024-07-10 14:35:18.685342,2024-07-10 14:36:55.265195,0 days 00:01:36.579853,3.70223054162691e-05,0.10513154569353113,poly,COMPLETE,"{'accuracy': 0.3862994350282486, 'balanced_accuracy': 0.3333333333333333, 'precision': 0.14922725350314406, 'recall': 0.3862994350282486, 'f1': 0.21528863062705245}","{'accuracy': 0.3862994350282486, 'balanced_accuracy': 0.3333333333333333, 'precision': 0.14922725350314406, 'recall': 0.3862994350282486, 'f1': 0.21528863062705245}","{'accuracy': 0.3862994350282486, 'balanced_accuracy': 0.3333333333333333, 'precision': 0.14922725350314406, 'recall': 0.3862994350282486, 'f1': 0.21528863062705245}","{'accuracy': 0.3862994350282486, 'balanced_accuracy': 0.3333333333333333, 'precision': 0.14922725350314406, 'recall': 0.3862994350282486, 'f1': 0.21528863062705245}","{'accuracy': 0.38657243816254416, 'balanced_accuracy': 0.3333333333333333, 'precision': 0.14943824994693403, 'recall': 0.38657243816254416, 'f1': 0.21555058478584266}",0.38635403565510773,0.3333333333333333,0.14926945279190204,0.38635403565510773,0.21534102145881046,0.0001220907132710791,0.0,9.436047826501639e-05,0.0001220907132710791,0.00011714946120873757
49,0.21534102145881046,2024-07-10 14:36:55.265195,2024-07-10 14:38:41.786218,0 days 00:01:46.521023,0.011038755508042793,0.004870044474178297,sigmoid,COMPLETE,"{'accuracy': 0.3862994350282486, 'balanced_accuracy': 0.3333333333333333, 'precision': 0.14922725350314406, 'recall': 0.3862994350282486, 'f1': 0.21528863062705245}","{'accuracy': 0.3862994350282486, 'balanced_accuracy': 0.3333333333333333, 'precision': 0.14922725350314406, 'recall': 0.3862994350282486, 'f1': 0.21528863062705245}","{'accuracy': 0.3862994350282486, 'balanced_accuracy': 0.3333333333333333, 'precision': 0.14922725350314406, 'recall': 0.3862994350282486, 'f1': 0.21528863062705245}","{'accuracy': 0.3862994350282486, 'balanced_accuracy': 0.3333333333333333, 'precision': 0.14922725350314406, 'recall': 0.3862994350282486, 'f1': 0.21528863062705245}","{'accuracy': 0.38657243816254416, 'balanced_accuracy': 0.3333333333333333, 'precision': 0.14943824994693403, 'recall': 0.38657243816254416, 'f1': 0.21555058478584266}",0.38635403565510773,0.3333333333333333,0.14926945279190204,0.38635403565510773,0.21534102145881046,0.0001220907132710791,0.0,9.436047826501639e-05,0.0001220907132710791,0.00011714946120873757
