number,value,datetime_start,datetime_complete,duration,params_dropout_rate,params_learning_rate,params_num_layers,params_num_units,state,fold_0,fold_1,fold_2,fold_3,fold_4,accuracy,balanced_accuracy,precision,recall,f1,accuracy_std,balanced_accuracy_std,precision_std,recall_std,f1_std
36,0.522101031378709,2024-07-10 16:24:06.184712,2024-07-10 16:24:31.574203,0 days 00:00:25.389491,0.05,0.006007265513592063,4,96,COMPLETE,"{'accuracy': 0.4498587570621469, 'balanced_accuracy': 0.4120132677971297, 'precision': 0.3206264278190449, 'recall': 0.4498587570621469, 'f1': 0.3705417701495607}","{'accuracy': 0.5437853107344632, 'balanced_accuracy': 0.5749092751888588, 'precision': 0.52891165433165, 'recall': 0.5437853107344632, 'f1': 0.5014558773702934}","{'accuracy': 0.5522598870056498, 'balanced_accuracy': 0.5367528759612429, 'precision': 0.5581894358083619, 'recall': 0.5522598870056498, 'f1': 0.5447505500415726}","{'accuracy': 0.6031073446327684, 'balanced_accuracy': 0.630096151918932, 'precision': 0.6019775075893602, 'recall': 0.6031073446327684, 'f1': 0.5820943105550896}","{'accuracy': 0.6134275618374558, 'balanced_accuracy': 0.6013924161400783, 'precision': 0.6209108844979062, 'recall': 0.6134275618374558, 'f1': 0.6116626487770288}",0.5524877722544967,0.5510327974012483,0.5261231820092647,0.5524877722544969,0.522101031378709,0.06497018275663131,0.08498167035651664,0.12041960331026132,0.06497018275663131,0.09424689597190189
37,0.5895440503619588,2024-07-10 16:24:31.574203,2024-07-10 16:24:56.792770,0 days 00:00:25.218567,0.05,0.004406878159662066,1,112,COMPLETE,"{'accuracy': 0.4936440677966102, 'balanced_accuracy': 0.500194613819284, 'precision': 0.4832795453897132, 'recall': 0.4936440677966102, 'f1': 0.4805610836247997}","{'accuracy': 0.5508474576271186, 'balanced_accuracy': 0.5532009729315975, 'precision': 0.5514916987133837, 'recall': 0.5508474576271186, 'f1': 0.5467368709933724}","{'accuracy': 0.6186440677966102, 'balanced_accuracy': 0.6124911934602565, 'precision': 0.6190818168158417, 'recall': 0.6186440677966102, 'f1': 0.6157266945968711}","{'accuracy': 0.6483050847457628, 'balanced_accuracy': 0.6556189676657072, 'precision': 0.6506308378221465, 'recall': 0.6483050847457628, 'f1': 0.6421561726781041}","{'accuracy': 0.6671378091872792, 'balanced_accuracy': 0.6643076767326721, 'precision': 0.6674776648674298, 'recall': 0.6671378091872792, 'f1': 0.6625394299166465}",0.5957156974306762,0.5971626849219034,0.594392312721703,0.5957156974306763,0.5895440503619588,0.07215304635427704,0.06981401905416874,0.07632221459479589,0.07215304635427704,0.07498605429411691
38,0.2034392810685758,2024-07-10 16:24:56.793770,2024-07-10 16:25:21.559590,0 days 00:00:24.765820,0.1,0.0988415749709003,2,96,COMPLETE,"{'accuracy': 0.3862994350282486, 'balanced_accuracy': 0.33338928480637753, 'precision': 0.32607190803826147, 'recall': 0.3862994350282486, 'f1': 0.2165210321490104}","{'accuracy': 0.3862994350282486, 'balanced_accuracy': 0.3333333333333333, 'precision': 0.14922725350314406, 'recall': 0.3862994350282486, 'f1': 0.21528863062705245}","{'accuracy': 0.3862994350282486, 'balanced_accuracy': 0.3333333333333333, 'precision': 0.14922725350314406, 'recall': 0.3862994350282486, 'f1': 0.21528863062705245}","{'accuracy': 0.3538135593220339, 'balanced_accuracy': 0.3333333333333333, 'precision': 0.1251840347601264, 'recall': 0.3538135593220339, 'f1': 0.18493541285377044}","{'accuracy': 0.35406360424028266, 'balanced_accuracy': 0.3333333333333333, 'precision': 0.1253610358476195, 'recall': 0.35406360424028266, 'f1': 0.18516269908599334}",0.37335509372941245,0.3333445236279421,0.17501429713045907,0.37335509372941245,0.2034392810685758,0.017724989765062135,2.502225943362167e-05,0.08528898881913954,0.017724989765062135,0.01679563164282111
39,0.5868555673028306,2024-07-10 16:25:21.560586,2024-07-10 16:25:46.501295,0 days 00:00:24.940709,0.1,0.006495836747950802,1,128,COMPLETE,"{'accuracy': 0.5056497175141242, 'balanced_accuracy': 0.5084186275992116, 'precision': 0.49487207847411463, 'recall': 0.5056497175141242, 'f1': 0.4857530950901324}","{'accuracy': 0.538135593220339, 'balanced_accuracy': 0.5369359213639594, 'precision': 0.5431297084905752, 'recall': 0.538135593220339, 'f1': 0.5332494592299479}","{'accuracy': 0.5967514124293786, 'balanced_accuracy': 0.5858602357852188, 'precision': 0.5992351348055003, 'recall': 0.5967514124293786, 'f1': 0.5907311321032859}","{'accuracy': 0.661723163841808, 'balanced_accuracy': 0.6601393231341942, 'precision': 0.6623032947682346, 'recall': 0.661723163841808, 'f1': 0.6583391410548068}","{'accuracy': 0.6713780918727915, 'balanced_accuracy': 0.6674590020983526, 'precision': 0.6722834602372073, 'recall': 0.6713780918727915, 'f1': 0.6662050090359796}",0.5947275957756883,0.5917626219961873,0.5943647353551265,0.5947275957756882,0.5868555673028306,0.073323467721952,0.07140087864713271,0.07621435738139841,0.073323467721952,0.07828885605959532
40,0.5573841138613591,2024-07-10 16:25:46.502291,2024-07-10 16:26:13.026019,0 days 00:00:26.523728,0.05,0.009761645974734773,1,112,COMPLETE,"{'accuracy': 0.4759887005649718, 'balanced_accuracy': 0.4675455675301228, 'precision': 0.4698921955740465, 'recall': 0.4759887005649718, 'f1': 0.45044271663266755}","{'accuracy': 0.5056497175141242, 'balanced_accuracy': 0.4914385322035366, 'precision': 0.5193096423303454, 'recall': 0.5056497175141242, 'f1': 0.4933154628487742}","{'accuracy': 0.588276836158192, 'balanced_accuracy': 0.5783964223210839, 'precision': 0.5931366415477017, 'recall': 0.588276836158192, 'f1': 0.5826482294641532}","{'accuracy': 0.6320621468926554, 'balanced_accuracy': 0.6336439638276371, 'precision': 0.632009085553255, 'recall': 0.6320621468926554, 'f1': 0.6300474244641014}","{'accuracy': 0.6360424028268551, 'balanced_accuracy': 0.6353289366452376, 'precision': 0.6341019402925857, 'recall': 0.6360424028268551, 'f1': 0.6304667358970991}",0.5676039607913597,0.5612706845055235,0.5696899010595868,0.5676039607913597,0.5573841138613591,0.07331052115155669,0.07854415034350729,0.07259492696364912,0.07331052115155669,0.08185437736058772
41,0.5948707316756642,2024-07-10 16:26:13.027016,2024-07-10 16:26:38.420634,0 days 00:00:25.393618,0.05,0.004109622447759389,1,112,COMPLETE,"{'accuracy': 0.4936440677966102, 'balanced_accuracy': 0.49730309470876227, 'precision': 0.4864308392048154, 'recall': 0.4936440677966102, 'f1': 0.48301993740270244}","{'accuracy': 0.556497175141243, 'balanced_accuracy': 0.5598152283251107, 'precision': 0.5574113428075727, 'recall': 0.556497175141243, 'f1': 0.5535224561447106}","{'accuracy': 0.623587570621469, 'balanced_accuracy': 0.6216280445494302, 'precision': 0.6225389638405482, 'recall': 0.623587570621469, 'f1': 0.6211061379448117}","{'accuracy': 0.663135593220339, 'balanced_accuracy': 0.6667721111310486, 'precision': 0.6652047593603025, 'recall': 0.663135593220339, 'f1': 0.6574840576388944}","{'accuracy': 0.6636042402826855, 'balanced_accuracy': 0.6540507893746303, 'precision': 0.6628993510352907, 'recall': 0.6636042402826855, 'f1': 0.6592210692472017}",0.6000937294124693,0.5999138536177965,0.598897051249706,0.6000937294124694,0.5948707316756642,0.07381058894321062,0.07072695400785069,0.0765206825315041,0.07381058894321062,0.0757792371707644
42,0.5946757605634623,2024-07-10 16:26:38.421804,2024-07-10 16:27:03.181793,0 days 00:00:24.759989,0.05,0.0041544358846621575,1,112,COMPLETE,"{'accuracy': 0.5225988700564972, 'balanced_accuracy': 0.5343741550098012, 'precision': 0.5118761779441376, 'recall': 0.5225988700564972, 'f1': 0.50534802003081}","{'accuracy': 0.5614406779661016, 'balanced_accuracy': 0.5641988087518892, 'precision': 0.5616694313465929, 'recall': 0.5614406779661016, 'f1': 0.5562733613601487}","{'accuracy': 0.6186440677966102, 'balanced_accuracy': 0.6159921929450057, 'precision': 0.6172212996769345, 'recall': 0.6186440677966102, 'f1': 0.6157822895456213}","{'accuracy': 0.6461864406779662, 'balanced_accuracy': 0.6542550810997564, 'precision': 0.650200526467848, 'recall': 0.6461864406779662, 'f1': 0.6390767942164475}","{'accuracy': 0.6614840989399293, 'balanced_accuracy': 0.6620297471663895, 'precision': 0.6617462015932585, 'recall': 0.6614840989399293, 'f1': 0.6568983376642843}",0.6020708310874209,0.6061699969945684,0.6005427274057543,0.6020708310874209,0.5946757605634623,0.05856064701282049,0.05577899717804661,0.06297385801515036,0.05856064701282049,0.06273510968635403
43,0.5924543075265211,2024-07-10 16:27:03.182800,2024-07-10 16:27:29.093875,0 days 00:00:25.911075,0.1,0.0023839691124257394,1,128,COMPLETE,"{'accuracy': 0.5176553672316384, 'balanced_accuracy': 0.5263157348498827, 'precision': 0.5107553603916374, 'recall': 0.5176553672316384, 'f1': 0.5103800759721723}","{'accuracy': 0.5586158192090396, 'balanced_accuracy': 0.5619064840406355, 'precision': 0.558383826955308, 'recall': 0.5586158192090396, 'f1': 0.5544349431978152}","{'accuracy': 0.6214689265536724, 'balanced_accuracy': 0.6204260265733536, 'precision': 0.6206473352886993, 'recall': 0.6214689265536724, 'f1': 0.6197868639442693}","{'accuracy': 0.6306497175141242, 'balanced_accuracy': 0.6399427286697834, 'precision': 0.6303625321364026, 'recall': 0.6306497175141242, 'f1': 0.6205187254745903}","{'accuracy': 0.662190812720848, 'balanced_accuracy': 0.6661137970436445, 'precision': 0.6626966079050327, 'recall': 0.662190812720848, 'f1': 0.6571509290437587}",0.5981161286458645,0.60294095423546,0.5965691325354159,0.5981161286458645,0.5924543075265211,0.05861646800823713,0.05749112784698892,0.06106700777623305,0.05861646800823713,0.05895333870959671
44,0.5902935372952799,2024-07-10 16:27:29.094879,2024-07-10 16:27:55.533698,0 days 00:00:26.438819,0.1,0.0038105483025718213,1,128,COMPLETE,"{'accuracy': 0.5028248587570622, 'balanced_accuracy': 0.5103260446491698, 'precision': 0.49154796430362396, 'recall': 0.5028248587570622, 'f1': 0.48675971078374974}","{'accuracy': 0.5621468926553672, 'balanced_accuracy': 0.5625487955810816, 'precision': 0.5636901240714087, 'recall': 0.5621468926553672, 'f1': 0.5574003901642164}","{'accuracy': 0.6094632768361582, 'balanced_accuracy': 0.6025049760056497, 'precision': 0.6122874811638145, 'recall': 0.6094632768361582, 'f1': 0.608251520330077}","{'accuracy': 0.6504237288135594, 'balanced_accuracy': 0.6557079420101587, 'precision': 0.6522796172025929, 'recall': 0.6504237288135594, 'f1': 0.6442760604625769}","{'accuracy': 0.6607773851590106, 'balanced_accuracy': 0.6619798773751979, 'precision': 0.6639339860791619, 'recall': 0.6607773851590106, 'f1': 0.6547800047357795}",0.5971272284442315,0.5986135271242515,0.5967478345641204,0.5971272284442316,0.5902935372952799,0.06549923341513036,0.0640030357732253,0.07070902237461862,0.06549923341513036,0.06927539030104025
45,0.5772479799217327,2024-07-10 16:27:55.534698,2024-07-10 16:28:24.036745,0 days 00:00:28.502047,0.15000000000000002,0.002173223183428965,2,128,COMPLETE,"{'accuracy': 0.5233050847457628, 'balanced_accuracy': 0.535638301993369, 'precision': 0.508555873631111, 'recall': 0.5233050847457628, 'f1': 0.5003992871086215}","{'accuracy': 0.5508474576271186, 'balanced_accuracy': 0.5585244277097714, 'precision': 0.5489931767057059, 'recall': 0.5508474576271186, 'f1': 0.5491149853619963}","{'accuracy': 0.5911016949152542, 'balanced_accuracy': 0.5987079770988188, 'precision': 0.5876261146253311, 'recall': 0.5911016949152542, 'f1': 0.5843677923327778}","{'accuracy': 0.6285310734463276, 'balanced_accuracy': 0.6437857103798391, 'precision': 0.6352646130930264, 'recall': 0.6285310734463276, 'f1': 0.6130491505912441}","{'accuracy': 0.6508833922261484, 'balanced_accuracy': 0.6614991494245932, 'precision': 0.6537301250580378, 'recall': 0.6508833922261484, 'f1': 0.6393086842140233}",0.5889337405921223,0.5996311133212784,0.5868339806226425,0.5889337405921224,0.5772479799217327,0.052839600563832204,0.053765634974356116,0.05995964529026709,0.052839600563832204,0.054500306277380645
46,0.564791301304678,2024-07-10 16:28:24.037749,2024-07-10 16:28:51.500444,0 days 00:00:27.462695,0.1,0.0013939764761121628,3,96,COMPLETE,"{'accuracy': 0.518361581920904, 'balanced_accuracy': 0.5265907128064302, 'precision': 0.5062982073665354, 'recall': 0.518361581920904, 'f1': 0.5002313780252602}","{'accuracy': 0.5515536723163842, 'balanced_accuracy': 0.5576697068200985, 'precision': 0.5477786035578512, 'recall': 0.5515536723163842, 'f1': 0.5435186841943662}","{'accuracy': 0.5798022598870056, 'balanced_accuracy': 0.5941646930286951, 'precision': 0.5762246641580708, 'recall': 0.5798022598870056, 'f1': 0.5673345074326103}","{'accuracy': 0.6242937853107344, 'balanced_accuracy': 0.6406436358927748, 'precision': 0.6274046581439859, 'recall': 0.6242937853107344, 'f1': 0.6100133090308936}","{'accuracy': 0.615547703180212, 'balanced_accuracy': 0.6260063215619448, 'precision': 0.6159415632462034, 'recall': 0.615547703180212, 'f1': 0.6028586278402595}",0.577911800523048,0.5890150140219886,0.5747295392945293,0.577911800523048,0.564791301304678,0.04419361655373302,0.047275025884434975,0.0497104983601984,0.04419361655373302,0.04505864834394137
47,0.44790643396155316,2024-07-10 16:28:51.501451,2024-07-10 16:29:19.704501,0 days 00:00:28.203050,0.1,0.0544750184566395,1,128,COMPLETE,"{'accuracy': 0.4152542372881356, 'balanced_accuracy': 0.38859668721270335, 'precision': 0.4327377286318644, 'recall': 0.4152542372881356, 'f1': 0.39745418791623466}","{'accuracy': 0.4717514124293785, 'balanced_accuracy': 0.4725513205367344, 'precision': 0.49170657249010924, 'recall': 0.4717514124293785, 'f1': 0.4586947923869981}","{'accuracy': 0.4590395480225989, 'balanced_accuracy': 0.4336795436496321, 'precision': 0.47288889495229675, 'recall': 0.4590395480225989, 'f1': 0.4385823227218235}","{'accuracy': 0.4936440677966102, 'balanced_accuracy': 0.4807945544144734, 'precision': 0.4909724443535123, 'recall': 0.4936440677966102, 'f1': 0.4728560374476929}","{'accuracy': 0.49540636042402825, 'balanced_accuracy': 0.4910844317173901, 'precision': 0.5014642235676514, 'recall': 0.49540636042402825, 'f1': 0.4719448293350168}",0.46701912519215033,0.4533413075061866,0.4779539727990868,0.46701912519215033,0.44790643396155316,0.032712361986015404,0.04220692954528244,0.027301603621672152,0.032712361986015404,0.0314208689615303
48,0.5896716751138704,2024-07-10 16:29:19.704501,2024-07-10 16:29:46.681135,0 days 00:00:26.976634,0.15000000000000002,0.004003339042942764,1,112,COMPLETE,"{'accuracy': 0.5049435028248588, 'balanced_accuracy': 0.5083734413640991, 'precision': 0.4970384608686058, 'recall': 0.5049435028248588, 'f1': 0.4924271490042453}","{'accuracy': 0.5515536723163842, 'balanced_accuracy': 0.5500855520763047, 'precision': 0.5546778931882131, 'recall': 0.5515536723163842, 'f1': 0.5486321577585588}","{'accuracy': 0.6271186440677966, 'balanced_accuracy': 0.6237297779451034, 'precision': 0.626835141937052, 'recall': 0.6271186440677966, 'f1': 0.6248652427680556}","{'accuracy': 0.6320621468926554, 'balanced_accuracy': 0.6393270707611087, 'precision': 0.63503559992369, 'recall': 0.6320621468926554, 'f1': 0.6233313976827419}","{'accuracy': 0.665017667844523, 'balanced_accuracy': 0.665206277540511, 'precision': 0.6671134915063266, 'recall': 0.665017667844523, 'f1': 0.659102428355751}",0.5961391267892436,0.5973444239374255,0.5961401174847776,0.5961391267892436,0.5896716751138704,0.06576273994989677,0.06559953777376826,0.06897919484883176,0.06576273994989677,0.06769958173138978
49,0.5874741808944569,2024-07-10 16:29:46.681135,2024-07-10 16:30:11.106441,0 days 00:00:24.425306,0.05,0.002030751849327517,2,96,COMPLETE,"{'accuracy': 0.5134180790960452, 'balanced_accuracy': 0.5197798802680785, 'precision': 0.5033156767453946, 'recall': 0.5134180790960452, 'f1': 0.5010657625320937}","{'accuracy': 0.5614406779661016, 'balanced_accuracy': 0.5632536195393967, 'precision': 0.5612104305295145, 'recall': 0.5614406779661016, 'f1': 0.5569208099448075}","{'accuracy': 0.6038135593220338, 'balanced_accuracy': 0.6023391906804519, 'precision': 0.6031354425328276, 'recall': 0.6038135593220338, 'f1': 0.6011986768182676}","{'accuracy': 0.6412429378531074, 'balanced_accuracy': 0.6558283791424121, 'precision': 0.644490898930745, 'recall': 0.6412429378531074, 'f1': 0.6283336390983466}","{'accuracy': 0.6565371024734983, 'balanced_accuracy': 0.6626580495299925, 'precision': 0.6590615824505618, 'recall': 0.6565371024734983, 'f1': 0.6498520160787694}",0.5952904713421573,0.6007718238320664,0.5942428062378087,0.5952904713421573,0.5874741808944569,0.05870332008454494,0.06089108397013458,0.06356945861012292,0.05870332008454494,0.059474310999858226
