number,value,datetime_start,datetime_complete,duration,params_dropout_rate,params_learning_rate,params_num_layers,params_num_units,state,fold_0,fold_1,fold_2,fold_3,fold_4,mse,rmse,mae,mdae,r2,mse_std,rmse_std,mae_std,mdae_std,r2_std
21,43.94765560295879,2024-07-10 17:42:48.773469,2024-07-10 17:43:06.281782,0 days 00:00:17.508313,0.2,0.0240043647026555,1,80,COMPLETE,"{'mse': 2283.4081052976408, 'rmse': 47.785019674555336, 'mae': 36.61826023408732, 'mdae': 28.141133133291017, 'r2': 0.2356711478097947}","{'mse': 1900.7784614428929, 'rmse': 43.597918086106965, 'mae': 34.502058155393875, 'mdae': 28.448629791191404, 'r2': 0.3072270443766745}","{'mse': 1891.9465137867764, 'rmse': 43.49651151284177, 'mae': 34.205755418772924, 'mdae': 27.905632786328127, 'r2': 0.31873870277954164}","{'mse': 1863.8517157588133, 'rmse': 43.172348971984526, 'mae': 33.04818527351197, 'mdae': 26.37416183685547, 'r2': 0.3228505697096551}","{'mse': 1737.7625955567044, 'rmse': 41.68647976930535, 'mae': 31.800878975972335, 'mdae': 24.760897612480463, 'r2': 0.3956656419311688}",1935.5494783685656,43.94765560295879,34.03502761154768,27.126091032029297,0.31603062132136694,205.16827644827612,2.2784439241208134,1.7948282801692492,1.5448820351362607,0.05685668355348559
22,44.41841107381549,2024-07-10 17:43:06.282780,2024-07-10 17:43:23.137509,0 days 00:00:16.854729,0.25,0.04517787474812945,1,64,COMPLETE,"{'mse': 2303.833102757873, 'rmse': 47.99826145557642, 'mae': 36.65081233634237, 'mdae': 27.838918380312503, 'r2': 0.22883425569727767}","{'mse': 1879.6223436094174, 'rmse': 43.3546115610487, 'mae': 33.99291671220941, 'mdae': 27.77808629033203, 'r2': 0.3149377726800068}","{'mse': 1876.3775516629705, 'rmse': 43.31717386514234, 'mae': 34.0234471290805, 'mdae': 28.079520969384767, 'r2': 0.32434485034003}","{'mse': 1928.1512070998524, 'rmse': 43.910718590110235, 'mae': 34.2347145744475, 'mdae': 28.733884647099615, 'r2': 0.29949014701003196}","{'mse': 1893.232348518157, 'rmse': 43.51128989719975, 'mae': 32.50113814178343, 'mdae': 24.274512866542963, 'r2': 0.34159858260136433}",1976.243310729654,44.41841107381549,34.280605778772646,27.340984630734376,0.3018411216657421,184.2739287318777,2.014965386551249,1.4946057815862712,1.7555520028948557,0.04357213941399957
23,43.869089455705044,2024-07-10 17:43:23.138504,2024-07-10 17:43:40.568181,0 days 00:00:17.429677,0.3,0.026373627146279117,1,80,COMPLETE,"{'mse': 2233.119210784396, 'rmse': 47.25589075220565, 'mae': 36.38352101329967, 'mdae': 28.366759288964843, 'r2': 0.2525044300128517}","{'mse': 1906.9739707046936, 'rmse': 43.66891309277909, 'mae': 34.64449225966857, 'mdae': 28.360812710024415, 'r2': 0.3049689794048991}","{'mse': 1892.339311744603, 'rmse': 43.50102655966412, 'mae': 34.365321679165056, 'mdae': 29.042731816958007, 'r2': 0.3185972621815414}","{'mse': 1869.2457656773215, 'rmse': 43.23477495809735, 'mae': 33.050576499590896, 'mdae': 26.333396489140625, 'r2': 0.3208908763507934}","{'mse': 1737.626045543485, 'rmse': 41.68484191577899, 'mae': 31.90092061169997, 'mdae': 25.163530191406252, 'r2': 0.3957131293525199}",1927.8608608908994,43.869089455705044,34.06896641268484,27.453446099298834,0.31853493546052114,183.37510543437006,2.0505643181355477,1.696596597161785,1.6341289908899497,0.05124961162757073
24,53.93438114802615,2024-07-10 17:43:40.569191,2024-07-10 17:44:00.712375,0 days 00:00:20.143184,0.4,0.07827261670764944,2,96,COMPLETE,"{'mse': 2779.4397673044273, 'rmse': 52.72039232881739, 'mae': 39.300254327068664, 'mdae': 28.81088616529297, 'r2': 0.06963367514249541}","{'mse': 2795.81429281286, 'rmse': 52.87546021372164, 'mae': 38.94848420129881, 'mdae': 28.714534798593746, 'r2': -0.01898488976754109}","{'mse': 3675.2432551563975, 'rmse': 60.62378456642572, 'mae': 44.10726734449549, 'mdae': 27.837209442167968, 'r2': -0.3233994562548015}","{'mse': 2377.5704144220726, 'rmse': 48.76033648799066, 'mae': 35.86619656597073, 'mdae': 25.14054510073242, 'r2': 0.13621323091915982}","{'mse': 2991.207441553696, 'rmse': 54.691932143175336, 'mae': 39.75220601569715, 'mdae': 27.38632071728516, 'r2': -0.0402395779861735}",2923.8550342498907,53.93438114802615,39.59488169090617,27.577899244814454,-0.03535540358937217,475.604271412106,4.321105823358802,2.9493263209119887,1.4880218800913114,0.17586907641647967
25,44.36796647549907,2024-07-10 17:44:00.713374,2024-07-10 17:44:21.652553,0 days 00:00:20.939179,0.3,0.03546424774113051,1,112,COMPLETE,"{'mse': 2245.2614192033393, 'rmse': 47.384189548871035, 'mae': 36.443946012343105, 'mdae': 28.6809134750293, 'r2': 0.24844004914183115}","{'mse': 1883.7397425685658, 'rmse': 43.40207071751953, 'mae': 33.67100226832275, 'mdae': 27.194658742329104, 'r2': 0.3134371124482803}","{'mse': 1929.109095415305, 'rmse': 43.921624462391016, 'mae': 34.75343792588789, 'mdae': 29.594322808671876, 'r2': 0.30535701974367235}","{'mse': 1894.7762436880382, 'rmse': 43.529027598696004, 'mae': 34.146229990443125, 'mdae': 28.638974322485353, 'r2': 0.31161548792057236}","{'mse': 1901.2146368882395, 'rmse': 43.602920050017744, 'mae': 32.83681321315356, 'mdae': 24.422013225859374, 'r2': 0.3388226158896924}",1970.8202275526976,44.36796647549907,34.37028588203008,27.706176514875004,0.3035344570288097,154.32791615391199,1.696974654233453,1.3544010545170808,2.0268632945206653,0.03334417233823499
26,46.45139832464038,2024-07-10 17:44:21.652553,2024-07-10 17:44:38.471620,0 days 00:00:16.819067,0.4,0.014188556477072792,2,48,COMPLETE,"{'mse': 2295.951254332904, 'rmse': 47.916085548935484, 'mae': 36.35462548007969, 'mdae': 27.576223064316405, 'r2': 0.23147255944412726}","{'mse': 2154.7819027138316, 'rmse': 46.41962842067816, 'mae': 34.82481883138907, 'mdae': 26.061365276762697, 'r2': 0.21465091395578018}","{'mse': 2040.4526084124723, 'rmse': 45.17136934400453, 'mae': 34.763992059307306, 'mdae': 26.539256028535156, 'r2': 0.265263906355541}","{'mse': 2042.353545721296, 'rmse': 45.1924058412616, 'mae': 33.898064172328986, 'mdae': 26.45450394866211, 'r2': 0.25799969587516147}","{'mse': 2261.716041024465, 'rmse': 47.55750246832213, 'mae': 35.014693600234814, 'mdae': 23.8962372746875, 'r2': 0.21345256522302813}",2159.051070440994,46.45139832464038,34.97123882866797,26.105517118592775,0.23656792817072764,119.35649311920747,1.2838731083086936,0.8848362597817097,1.356075591750861,0.02410092389143102
27,45.671595769837346,2024-07-10 17:44:38.472650,2024-07-10 17:44:56.036556,0 days 00:00:17.563906,0.15000000000000002,0.004071237438230497,1,64,COMPLETE,"{'mse': 2474.751596892705, 'rmse': 49.74687524752389, 'mae': 38.10075499083256, 'mdae': 29.36233253775879, 'r2': 0.1716224344126519}","{'mse': 2054.4849950270727, 'rmse': 45.326427115172805, 'mae': 35.8203034914521, 'mdae': 29.656356357060552, 'r2': 0.25120592896015415}","{'mse': 2016.3720089246615, 'rmse': 44.90403109882966, 'mae': 35.89204535663236, 'mdae': 30.40466578821289, 'r2': 0.27393496567215814}","{'mse': 1982.7482503053336, 'rmse': 44.528061380497284, 'mae': 35.13744508451722, 'mdae': 28.5551433128418, 'r2': 0.2796546867158757}","{'mse': 1923.049124105295, 'rmse': 43.85258400716308, 'mae': 34.237809728630594, 'mdae': 27.654403591503907, 'r2': 0.3312293284925413}",2090.281195051014,45.671595769837346,35.837671730412964,29.12658031747559,0.26152946885067624,220.27898525551453,2.34161666578594,1.4295698453480463,1.056360354561135,0.058159996186072184
28,58.45991924760689,2024-07-10 17:44:56.036556,2024-07-10 17:45:17.806074,0 days 00:00:21.769518,0.3,0.059283220598370996,3,80,COMPLETE,"{'mse': 4666.887915611621, 'rmse': 68.31462446366533, 'mae': 51.10916623069039, 'mdae': 36.114379523188475, 'r2': -0.5621548664752631}","{'mse': 3742.32538909487, 'rmse': 61.174548540180254, 'mae': 45.71732293934284, 'mdae': 33.440602050273434, 'r2': -0.36395791161239255}","{'mse': 3158.892757017538, 'rmse': 56.20402794300011, 'mae': 43.604216061699965, 'mdae': 34.83235974636719, 'r2': -0.13746945896410967}","{'mse': 2756.2211837421646, 'rmse': 52.499725558731875, 'mae': 42.02165387621529, 'mdae': 36.05109009499999, 'r2': -0.001353052147363032}","{'mse': 2927.5317095371634, 'rmse': 54.10666973245686, 'mae': 42.673488266049986, 'mdae': 33.95614713310547, 'r2': -0.01809533760997506}",3450.3717910006717,58.45991924760689,45.02516947479969,34.87891570958691,-0.2166061253618207,775.4539361677865,6.40406438950622,3.676435502116612,1.2065217684068206,0.24141225722143267
29,46.01286389714568,2024-07-10 17:45:17.806074,2024-07-10 17:45:38.624610,0 days 00:00:20.818536,0.35000000000000003,0.017711724118496336,2,96,COMPLETE,"{'mse': 2269.5391937433633, 'rmse': 47.63968087365157, 'mae': 36.81499167797, 'mdae': 28.81913457980469, 'r2': 0.24031351078679164}","{'mse': 1974.5692804778876, 'rmse': 44.43612584910939, 'mae': 35.707751095602276, 'mdae': 30.573299943828122, 'r2': 0.28033265092803794}","{'mse': 1912.2299966569753, 'rmse': 43.72905208962316, 'mae': 34.76882074858219, 'mdae': 29.321663101210937, 'r2': 0.3114349276719447}","{'mse': 1980.4783062303036, 'rmse': 44.50256516460937, 'mae': 35.06365093814197, 'mdae': 28.75943204682617, 'r2': 0.28047937213703955}","{'mse': 2475.748650667164, 'rmse': 49.75689550873491, 'mae': 36.64220021949829, 'mdae': 24.470889629970703, 'r2': 0.13901934857712617}",2122.513085555139,46.01286389714568,35.79948293595894,28.38888386032813,0.250315962020188,241.1805684669323,2.5810466718674685,0.915636176261017,2.3084004834146805,0.06714414732457968
30,44.07139215439459,2024-07-10 17:45:38.625610,2024-07-10 17:46:00.244012,0 days 00:00:21.618402,0.45,0.011642992406938125,1,128,COMPLETE,"{'mse': 2221.7907912646197, 'rmse': 47.13587584064414, 'mae': 36.51911977952521, 'mdae': 28.850302554829103, 'r2': 0.25629641002229075}","{'mse': 1926.7478446829086, 'rmse': 43.8947359564095, 'mae': 34.863874785003915, 'mdae': 29.048339362490232, 'r2': 0.29776203477779484}","{'mse': 1921.3064745139577, 'rmse': 43.83271009775642, 'mae': 34.427095416982766, 'mdae': 29.021890505703126, 'r2': 0.30816662540547934}","{'mse': 1842.729779195014, 'rmse': 42.9270285390803, 'mae': 33.00717911471078, 'mdae': 26.197739287304685, 'r2': 0.33052430640763186}","{'mse': 1811.9163156741608, 'rmse': 42.566610338082604, 'mae': 32.44813261048724, 'mdae': 25.116861517978514, 'r2': 0.36987751588899076}",1944.8982410661324,44.07139215439459,34.253080341341985,27.647026645661136,0.3125253785004375,162.54082546810224,1.8064587732976085,1.6084458346490205,1.8576847349599945,0.041868487587253464
31,43.929259146749075,2024-07-10 17:46:00.245011,2024-07-10 17:46:17.950257,0 days 00:00:17.705246,0.25,0.025260262102772164,1,80,COMPLETE,"{'mse': 2261.864052952729, 'rmse': 47.55905857933617, 'mae': 36.399120140634956, 'mdae': 28.190949604462887, 'r2': 0.24288262295613794}","{'mse': 1936.7565517847986, 'rmse': 44.00859633963345, 'mae': 34.94177945420685, 'mdae': 28.788169702783204, 'r2': 0.29411418115276955}","{'mse': 1882.3195516505834, 'rmse': 43.38570676675192, 'mae': 34.26919626805068, 'mdae': 28.775367626630857, 'r2': 0.32220522610110647}","{'mse': 1840.4337482905728, 'rmse': 42.90027678571052, 'mae': 32.93851852704621, 'mdae': 27.01219712680664, 'r2': 0.33135846934330215}","{'mse': 1746.626201045188, 'rmse': 41.79265726231329, 'mae': 31.83633163803559, 'mdae': 24.945190392978517, 'r2': 0.39258318328764963}",1933.6000211447742,43.929259146749075,34.07698920559485,27.542374890732425,0.3166287365681931,196.23715793410264,2.18523796259629,1.7673256370430241,1.6216797415439375,0.054686686492307936
32,43.80946208906485,2024-07-10 17:46:17.951262,2024-07-10 17:46:35.725538,0 days 00:00:17.774276,0.2,0.03018764853371594,1,80,COMPLETE,"{'mse': 2279.6927835222314, 'rmse': 47.746128466318936, 'mae': 36.44347221894631, 'mdae': 27.934867373295894, 'r2': 0.23691478341813288}","{'mse': 1894.4172398787423, 'rmse': 43.524903674548696, 'mae': 34.2430234943139, 'mdae': 27.603670016181642, 'r2': 0.3095455061825948}","{'mse': 1879.3456775077664, 'rmse': 43.351420709219745, 'mae': 34.071242857481735, 'mdae': 28.81034170251953, 'r2': 0.3232760731581149}","{'mse': 1840.1255098230195, 'rmse': 42.8966841355252, 'mae': 33.23084332337915, 'mdae': 26.935060696987303, 'r2': 0.33147045437995104}","{'mse': 1724.5891908999022, 'rmse': 41.52817345971169, 'mae': 31.467915818873802, 'mdae': 24.221690753505854, 'r2': 0.4002469012281553}",1923.6340803263324,43.80946208906485,33.89129954259898,27.101126108498043,0.3202907436733898,209.87224439274445,2.3358916373415757,1.8012957693419702,1.7455528140894272,0.05829643242033989
33,43.89790701527848,2024-07-10 17:46:35.726534,2024-07-10 17:46:52.585179,0 days 00:00:16.858645,0.2,0.03453481479112848,1,64,COMPLETE,"{'mse': 2288.32810456958, 'rmse': 47.83647253476765, 'mae': 36.64536569990467, 'mdae': 28.110434713144535, 'r2': 0.23402426857363323}","{'mse': 1905.979686676426, 'rmse': 43.657527262505674, 'mae': 34.11515552178019, 'mdae': 28.18473564203125, 'r2': 0.3053313641325065}","{'mse': 1886.8086174937284, 'rmse': 43.43741034515903, 'mae': 34.20409449889842, 'mdae': 28.59198762138672, 'r2': 0.32058878145146996}","{'mse': 1854.569512050926, 'rmse': 43.06471307289677, 'mae': 33.304531165580414, 'mdae': 27.793712706757816, 'r2': 0.3262228545859097}","{'mse': 1721.703227871823, 'rmse': 41.49341186106323, 'mae': 31.60333896538793, 'mdae': 24.526723774521486, 'r2': 0.4012505404009883}",1931.4778297324967,43.89790701527848,33.97449717031033,27.441518891568364,0.31748356182890153,212.07774835367297,2.3589164383414163,1.8219003874920712,1.6540457120823042,0.0596155471865659
34,45.36955221443202,2024-07-10 17:46:52.586189,2024-07-10 17:47:11.113978,0 days 00:00:18.527789,0.15000000000000002,0.06165955040414388,1,96,COMPLETE,"{'mse': 2158.734270837385, 'rmse': 46.462181081363205, 'mae': 36.24440613012154, 'mdae': 29.81152452296386, 'r2': 0.27740342009615326}","{'mse': 1893.2089748236708, 'rmse': 43.51102130292589, 'mae': 34.185577845812084, 'mdae': 28.255305261777345, 'r2': 0.30998588015060735}","{'mse': 2010.703203500487, 'rmse': 44.84086532952377, 'mae': 34.66827257779127, 'mdae': 27.15322445988281, 'r2': 0.2759762166847113}","{'mse': 1989.070642302977, 'rmse': 44.598998220845466, 'mae': 34.95621457285279, 'mdae': 28.29697038792969, 'r2': 0.2773577206519561}","{'mse': 2250.0503027877335, 'rmse': 47.43469513750176, 'mae': 35.154659656139664, 'mdae': 25.45362918310547, 'r2': 0.21750950973703742}",2060.3534788504503,45.36955221443202,35.04182615654347,27.794130763131836,0.27164654946409306,142.43186362152974,1.5641334311597543,0.7646833953626021,1.6143199593270865,0.033485923915696825
35,45.82126848797351,2024-07-10 17:47:11.114974,2024-07-10 17:47:30.208716,0 days 00:00:19.093742,0.3,0.017034325688312223,2,80,COMPLETE,"{'mse': 2302.339225315238, 'rmse': 47.98269714506718, 'mae': 36.59882231586262, 'mdae': 29.139126355810546, 'r2': 0.2293343036862433}","{'mse': 1937.4210535638474, 'rmse': 44.01614537375856, 'mae': 34.77621178644235, 'mdae': 28.82337403194336, 'r2': 0.2938719915074075}","{'mse': 1978.1055917737267, 'rmse': 44.47589899905034, 'mae': 34.17142469769772, 'mdae': 26.32405117567383, 'r2': 0.28771412316855405}","{'mse': 1952.4721268740823, 'rmse': 44.18678679055632, 'mae': 34.76063282995711, 'mdae': 29.053707056328125, 'r2': 0.29065419894076616}","{'mse': 2346.9000162293023, 'rmse': 48.44481413143519, 'mae': 36.05259700034536, 'mdae': 25.890807269960938, 'r2': 0.18382849395760037}",2103.447602751239,45.82126848797351,35.271937726061026,27.846213177943362,0.2570806222521143,203.03693273745063,2.196291449319895,1.0109843528422087,1.598835413086277,0.04887467077991514
36,51.01217332317153,2024-07-10 17:47:30.209712,2024-07-10 17:47:50.622335,0 days 00:00:20.412623,0.1,0.02048987291156296,4,64,COMPLETE,"{'mse': 2386.9327496189885, 'rmse': 48.85624575854134, 'mae': 36.857632423134206, 'mdae': 27.633171586166995, 'r2': 0.20101817781115283}","{'mse': 3319.329022155683, 'rmse': 57.61361837409349, 'mae': 42.85176362162666, 'mdae': 28.73717692247559, 'r2': -0.20978926477285498}","{'mse': 2495.9296991693536, 'rmse': 49.95928041084412, 'mae': 36.82360898363702, 'mdae': 25.6067360690625, 'r2': 0.10125350149363888}","{'mse': 1970.2230917362767, 'rmse': 44.38719513256359, 'mae': 34.206621689401366, 'mdae': 27.22223956407227, 'r2': 0.2842051581496401}","{'mse': 2942.468702924329, 'rmse': 54.24452693981513, 'mae': 39.576317559150986, 'mdae': 25.776297048925784, 'r2': -0.023289912710850347}",2622.9766531209257,51.01217332317153,38.06318885539005,26.995124238140626,0.0706795319941453,520.7990631080875,5.091024696418281,3.281883668016507,1.3140200502466317,0.19429946328255615
37,49.64238603736441,2024-07-10 17:47:50.622335,2024-07-10 17:48:11.436181,0 days 00:00:20.813846,0.2,0.0021562595018097346,1,112,COMPLETE,"{'mse': 4346.40251206831, 'rmse': 65.9272516647578, 'mae': 50.22286507196035, 'mdae': 36.29107740499024, 'r2': -0.45487827405813874}","{'mse': 2154.9392530521145, 'rmse': 46.421323258305705, 'mae': 36.74919328544852, 'mdae': 30.760322149921876, 'r2': 0.21459356479009273}","{'mse': 2098.2441642543486, 'rmse': 45.80659520477754, 'mae': 36.62821002610211, 'mdae': 30.952961283740237, 'r2': 0.24445404200983967}","{'mse': 2061.2255027006995, 'rmse': 45.40072138965084, 'mae': 36.09278623478856, 'mdae': 29.366249716435544, 'r2': 0.251143391369272}","{'mse': 1994.1617896367118, 'rmse': 44.65603866933017, 'mae': 35.377385179912736, 'mdae': 29.026921335273443, 'r2': 0.3064987771592479}",2530.994644342437,49.64238603736441,39.01408795964245,31.279506378072266,0.11236230025406271,1016.5221249272323,9.126072050704765,6.289245913229512,2.9251802742555193,0.3188300847438304
38,47.26872094699205,2024-07-10 17:48:11.437185,2024-07-10 17:48:30.256039,0 days 00:00:18.818854,0.25,0.0988415749709003,1,96,COMPLETE,"{'mse': 2143.1097809566127, 'rmse': 46.293733711557685, 'mae': 36.4313596942502, 'mdae': 28.9692689412207, 'r2': 0.28263343061810997}","{'mse': 2121.803359505193, 'rmse': 46.06303680289862, 'mae': 36.104998868530984, 'mdae': 29.22716467115234, 'r2': 0.22667053818566396}","{'mse': 2081.968413527261, 'rmse': 45.62859206163676, 'mae': 35.694816391051255, 'mdae': 28.74446757649414, 'r2': 0.2503146934462165}","{'mse': 2154.0197094226037, 'rmse': 46.411417877744306, 'mae': 35.69041778387498, 'mdae': 28.13155471708984, 'r2': 0.2174306535561138}","{'mse': 2698.472552893853, 'rmse': 51.94682428112284, 'mae': 38.43437872514107, 'mdae': 27.60423849029297, 'r2': 0.061563597818702576}",2239.8747632611044,47.26872094699205,36.4711942925697,28.535338879250002,0.20772258272496136,257.8380094154087,2.6322004332165805,1.1404115049617463,0.6596670790939815,0.08550064846536769
39,45.27518038250088,2024-07-10 17:48:30.257036,2024-07-10 17:48:47.628547,0 days 00:00:17.371511,0.15000000000000002,0.03221404796485073,2,48,COMPLETE,"{'mse': 2156.2771804354325, 'rmse': 46.43573172068501, 'mae': 36.734396467493205, 'mdae': 31.30493082443359, 'r2': 0.2782258859016721}","{'mse': 1935.690518491322, 'rmse': 43.99648302411594, 'mae': 34.86529998131705, 'mdae': 29.263996761289057, 'r2': 0.29450271619275215}","{'mse': 1967.4556999539636, 'rmse': 44.35601086610431, 'mae': 35.486580047296634, 'mdae': 31.210038991718747, 'r2': 0.29154898798292317}","{'mse': 1847.0804016352158, 'rmse': 42.97767329248078, 'mae': 33.09807225382375, 'mdae': 27.04681052280762, 'r2': 0.32894369702659454}","{'mse': 2362.9323925464937, 'rmse': 48.61000300911834, 'mae': 35.8869269774882, 'mdae': 24.677413622675786, 'r2': 0.17825298216171903}",2053.8872386124854,45.27518038250088,35.21425514548376,28.700638144584957,0.2742948538531322,206.27805912131353,2.248688491235874,1.3635869629540829,2.8424587622852457,0.05685959249779242
40,45.226988898192126,2024-07-10 17:48:47.629542,2024-07-10 17:49:05.390515,0 days 00:00:17.760973,0.35000000000000003,0.0049508612887092344,1,80,COMPLETE,"{'mse': 2341.1931542901566, 'rmse': 48.385877632736566, 'mae': 37.76858930010875, 'mdae': 30.5755055556543, 'r2': 0.21632866581205867}","{'mse': 2030.9868126936046, 'rmse': 45.06647104770469, 'mae': 35.551186621440834, 'mdae': 29.646024914970702, 'r2': 0.2597702648662834}","{'mse': 2003.3877969466473, 'rmse': 44.759220245069585, 'mae': 35.6242862220571, 'mdae': 29.81491184446289, 'r2': 0.27861038383597436}","{'mse': 1953.5034125786483, 'rmse': 44.198454866416405, 'mae': 34.71137849662448, 'mdae': 28.08444240299316, 'r2': 0.2902795261481781}","{'mse': 1911.8686901367582, 'rmse': 43.72492069903338, 'mae': 33.92523951870434, 'mdae': 26.95544730421875, 'r2': 0.3351175007909801}",2048.187973329163,45.226988898192126,35.5161360317871,29.015266404459965,0.27602126829069495,170.07578076824194,1.839649603854343,1.4374506199521526,1.4646606590473448,0.043386829900148784
41,43.860050071829384,2024-07-10 17:49:05.390515,2024-07-10 17:49:22.734986,0 days 00:00:17.344471,0.2,0.04433696876621911,1,64,COMPLETE,"{'mse': 2237.9845422909457, 'rmse': 47.30734131496871, 'mae': 36.25634357300337, 'mdae': 28.19702555250977, 'r2': 0.2508758498053547}","{'mse': 1892.6360687672707, 'rmse': 43.50443734571533, 'mae': 33.72143250747818, 'mdae': 26.790296604345702, 'r2': 0.31019468608461687}","{'mse': 1875.0003504966126, 'rmse': 43.30127423640801, 'mae': 34.02156194076542, 'mdae': 27.987764899843754, 'r2': 0.3248407596304299}","{'mse': 1882.5056446106732, 'rmse': 43.387851348167416, 'mae': 33.872626350062816, 'mdae': 28.469329960053713, 'r2': 0.31607347623815485}","{'mse': 1747.1853355485598, 'rmse': 41.799346113887474, 'mae': 31.620485066113158, 'mdae': 24.395934118808597, 'r2': 0.39238873544302844}",1927.0623883428125,43.860050071829384,33.89848988748459,27.16807022711231,0.31887470144031693,183.64998680500975,2.04890093691445,1.6428591644741986,1.6771536023693758,0.05036601135329673
