number,value,datetime_start,datetime_complete,duration,params_colsample_bytree,params_learning_rate,params_max_depth,params_min_child_samples,params_min_split_gain,params_n_estimators,params_num_leaves,params_reg_alpha,params_reg_lambda,state,fold_0,fold_1,fold_2,fold_3,fold_4,fold_5,fold_6,fold_7,fold_8,fold_9,accuracy,precision,recall,f1,accuracy_std,precision_std,recall_std,f1_std
39,0.6109995529205465,2024-07-07 10:15:19.688695,2024-07-07 10:15:22.841101,0 days 00:00:03.152406,0.7598181149510451,0.06769204945960994,6,3,1.6704066573822147,196,21,1.497686967100047,3.3503895049626107,COMPLETE,"{'accuracy': 0.6129943502824858, 'precision': 0.6132978776775999, 'recall': 0.6129943502824858, 'f1': 0.6067434521722974}","{'accuracy': 0.6115819209039548, 'precision': 0.6129010561760698, 'recall': 0.6115819209039548, 'f1': 0.6046545079297716}","{'accuracy': 0.6073446327683616, 'precision': 0.6062435182270041, 'recall': 0.6073446327683616, 'f1': 0.5973659151872036}","{'accuracy': 0.6370056497175142, 'precision': 0.6337179881436127, 'recall': 0.6370056497175142, 'f1': 0.631214187657325}","{'accuracy': 0.614406779661017, 'precision': 0.6152145638337545, 'recall': 0.614406779661017, 'f1': 0.6078875838482365}","{'accuracy': 0.6045197740112994, 'precision': 0.604359288242982, 'recall': 0.6045197740112994, 'f1': 0.5956271364315857}","{'accuracy': 0.6228813559322034, 'precision': 0.6265666123741072, 'recall': 0.6228813559322034, 'f1': 0.6127470134304147}","{'accuracy': 0.6200564971751412, 'precision': 0.6220032507780815, 'recall': 0.6200564971751412, 'f1': 0.6130079926112059}","{'accuracy': 0.6214689265536724, 'precision': 0.6183902068298911, 'recall': 0.6214689265536724, 'f1': 0.6169396407099547}","{'accuracy': 0.6308345120226309, 'precision': 0.6368106885070886, 'recall': 0.6308345120226309, 'f1': 0.6238080992274703}",0.618309439902828,0.618950505079019,0.618309439902828,0.6109995529205465,0.010217006528560384,0.010860629192327016,0.010217006528560384,0.011082057644798561
40,0.6036382597293828,2024-07-07 10:15:22.842605,2024-07-07 10:15:25.662615,0 days 00:00:02.820010,0.8729451518810307,0.2454574967531133,8,2,2.1124118823578693,301,25,3.4085639148241698,4.350182436652118,COMPLETE,"{'accuracy': 0.6059322033898306, 'precision': 0.6068215375565503, 'recall': 0.6059322033898306, 'f1': 0.6015887605584954}","{'accuracy': 0.6016949152542372, 'precision': 0.6011454841122397, 'recall': 0.6016949152542372, 'f1': 0.5960615764731114}","{'accuracy': 0.5988700564971752, 'precision': 0.599277154347042, 'recall': 0.5988700564971752, 'f1': 0.5903608959736564}","{'accuracy': 0.6313559322033898, 'precision': 0.6287792857520008, 'recall': 0.6313559322033898, 'f1': 0.6252770618006119}","{'accuracy': 0.5875706214689266, 'precision': 0.5835963619114167, 'recall': 0.5875706214689266, 'f1': 0.5791333802855706}","{'accuracy': 0.6002824858757062, 'precision': 0.6011245626514908, 'recall': 0.6002824858757062, 'f1': 0.5899570059854483}","{'accuracy': 0.615819209039548, 'precision': 0.6183232950043176, 'recall': 0.615819209039548, 'f1': 0.6040360298050373}","{'accuracy': 0.6115819209039548, 'precision': 0.612205635115604, 'recall': 0.6115819209039548, 'f1': 0.6051556470769226}","{'accuracy': 0.6299435028248588, 'precision': 0.6276557019859409, 'recall': 0.6299435028248588, 'f1': 0.6233896402115581}","{'accuracy': 0.6294200848656294, 'precision': 0.6405617979850136, 'recall': 0.6294200848656294, 'f1': 0.6214225991234158}",0.6112470932323257,0.6119490816421618,0.6112470932323257,0.6036382597293828,0.015124212523112617,0.017042338591515684,0.015124212523112617,0.015644164634450404
41,0.6144927973273651,2024-07-07 10:15:25.663623,2024-07-07 10:15:29.069193,0 days 00:00:03.405570,0.7118967978771223,0.09674332305998695,8,4,1.1007244018557656,144,18,0.5807205793235983,4.641985033328522,COMPLETE,"{'accuracy': 0.6186440677966102, 'precision': 0.6182995843015784, 'recall': 0.6186440677966102, 'f1': 0.614168596854536}","{'accuracy': 0.6115819209039548, 'precision': 0.6121737194726387, 'recall': 0.6115819209039548, 'f1': 0.6073121382274446}","{'accuracy': 0.6045197740112994, 'precision': 0.6021922285914497, 'recall': 0.6045197740112994, 'f1': 0.5956912574658746}","{'accuracy': 0.6285310734463276, 'precision': 0.6264342043736895, 'recall': 0.6285310734463276, 'f1': 0.6249152307532555}","{'accuracy': 0.6242937853107344, 'precision': 0.6242933461435036, 'recall': 0.6242937853107344, 'f1': 0.6209359598653096}","{'accuracy': 0.6016949152542372, 'precision': 0.600740189903081, 'recall': 0.6016949152542372, 'f1': 0.5962650106415959}","{'accuracy': 0.6271186440677966, 'precision': 0.6264826898230167, 'recall': 0.6271186440677966, 'f1': 0.6210638406968002}","{'accuracy': 0.6101694915254238, 'precision': 0.6100177971710256, 'recall': 0.6101694915254238, 'f1': 0.605562624181277}","{'accuracy': 0.6257062146892656, 'precision': 0.6240343433614034, 'recall': 0.6257062146892656, 'f1': 0.6235887906482394}","{'accuracy': 0.637906647807638, 'precision': 0.6411891936519013, 'recall': 0.637906647807638, 'f1': 0.6354245239393171}",0.6190166534813287,0.6185857296793287,0.6190166534813287,0.6144927973273651,0.011688004994300843,0.012467543570833519,0.011688004994300843,0.013044195893284684
42,0.6130786470001657,2024-07-07 10:15:29.070193,2024-07-07 10:15:32.344801,0 days 00:00:03.274608,0.8092291352393489,0.08986352515400318,8,4,1.2445150429849845,150,18,0.4657324567992809,3.880845445530783,COMPLETE,"{'accuracy': 0.6200564971751412, 'precision': 0.6188434508257648, 'recall': 0.6200564971751412, 'f1': 0.6152996454589553}","{'accuracy': 0.617231638418079, 'precision': 0.6168336654807679, 'recall': 0.617231638418079, 'f1': 0.6125191202236379}","{'accuracy': 0.614406779661017, 'precision': 0.6133361227423904, 'recall': 0.614406779661017, 'f1': 0.604668824158578}","{'accuracy': 0.6313559322033898, 'precision': 0.627785084537111, 'recall': 0.6313559322033898, 'f1': 0.6260525829313}","{'accuracy': 0.6087570621468926, 'precision': 0.6075892208332603, 'recall': 0.6087570621468926, 'f1': 0.6056240962149785}","{'accuracy': 0.6031073446327684, 'precision': 0.6034034126829874, 'recall': 0.6031073446327684, 'f1': 0.5969236360210677}","{'accuracy': 0.6257062146892656, 'precision': 0.6271014997336034, 'recall': 0.6257062146892656, 'f1': 0.6177963376977619}","{'accuracy': 0.6186440677966102, 'precision': 0.6203157809026606, 'recall': 0.6186440677966102, 'f1': 0.61369089898423}","{'accuracy': 0.6115819209039548, 'precision': 0.6113401284706628, 'recall': 0.6115819209039548, 'f1': 0.6103547236075523}","{'accuracy': 0.6308345120226309, 'precision': 0.6348838419436784, 'recall': 0.6308345120226309, 'f1': 0.6278566047035954}",0.6181681969649749,0.6181432208152887,0.6181681969649749,0.6130786470001657,0.009242227399502685,0.009766320154703278,0.009242227399502685,0.009482662517731657
43,0.6132314284451044,2024-07-07 10:15:32.345802,2024-07-07 10:15:35.712628,0 days 00:00:03.366826,0.7493016501874794,0.08734999685077496,7,3,1.007642391884751,77,20,0.6080688632306914,4.641900973169668,COMPLETE,"{'accuracy': 0.6299435028248588, 'precision': 0.6328472543420434, 'recall': 0.6299435028248588, 'f1': 0.6270796062325166}","{'accuracy': 0.6045197740112994, 'precision': 0.6047688535918292, 'recall': 0.6045197740112994, 'f1': 0.6014467567574933}","{'accuracy': 0.596045197740113, 'precision': 0.5925439165264476, 'recall': 0.596045197740113, 'f1': 0.5877053965305649}","{'accuracy': 0.6299435028248588, 'precision': 0.6265104065963133, 'recall': 0.6299435028248588, 'f1': 0.6237919732017849}","{'accuracy': 0.6186440677966102, 'precision': 0.6182926261076027, 'recall': 0.6186440677966102, 'f1': 0.616309284069162}","{'accuracy': 0.6031073446327684, 'precision': 0.6027175320880234, 'recall': 0.6031073446327684, 'f1': 0.5980066545415422}","{'accuracy': 0.617231638418079, 'precision': 0.6173154118801871, 'recall': 0.617231638418079, 'f1': 0.6121076634581216}","{'accuracy': 0.6200564971751412, 'precision': 0.6202357572037079, 'recall': 0.6200564971751412, 'f1': 0.6168150190762327}","{'accuracy': 0.6242937853107344, 'precision': 0.6227326782382294, 'recall': 0.6242937853107344, 'f1': 0.6226578956517781}","{'accuracy': 0.6294200848656294, 'precision': 0.63363774501636, 'recall': 0.6294200848656294, 'f1': 0.6263940349318482}",0.6173205395600092,0.6171602181590744,0.6173205395600092,0.6132314284451044,0.012208664176533567,0.013395418399196573,0.012208664176533567,0.013380077746055792
44,0.6103125873153917,2024-07-07 10:15:35.713634,2024-07-07 10:15:38.387002,0 days 00:00:02.673368,0.604456959317088,0.11664783587021077,6,4,1.4162061982296499,223,17,2.654530338937755,5.177760511879833,COMPLETE,"{'accuracy': 0.615819209039548, 'precision': 0.6147084390651703, 'recall': 0.615819209039548, 'f1': 0.6091408676405033}","{'accuracy': 0.615819209039548, 'precision': 0.6160821338373279, 'recall': 0.615819209039548, 'f1': 0.6092238515704044}","{'accuracy': 0.6045197740112994, 'precision': 0.6049924856948657, 'recall': 0.6045197740112994, 'f1': 0.5943915302817461}","{'accuracy': 0.6412429378531074, 'precision': 0.6388362412384457, 'recall': 0.6412429378531074, 'f1': 0.6347944738733194}","{'accuracy': 0.6031073446327684, 'precision': 0.6008827179094046, 'recall': 0.6031073446327684, 'f1': 0.597107971392972}","{'accuracy': 0.5988700564971752, 'precision': 0.5961059407534864, 'recall': 0.5988700564971752, 'f1': 0.5906330663509589}","{'accuracy': 0.6059322033898306, 'precision': 0.6057985716036045, 'recall': 0.6059322033898306, 'f1': 0.5945766253881415}","{'accuracy': 0.6228813559322034, 'precision': 0.6248156970726105, 'recall': 0.6228813559322034, 'f1': 0.6172831704751819}","{'accuracy': 0.6186440677966102, 'precision': 0.616015660219656, 'recall': 0.6186440677966102, 'f1': 0.6153405327505833}","{'accuracy': 0.6449787835926449, 'precision': 0.6489191794409389, 'recall': 0.6449787835926449, 'f1': 0.6406337834301065}",0.6171814941784735,0.616715706683551,0.6171814941784735,0.6103125873153917,0.015671055037561644,0.016762974702021455,0.015671055037561644,0.017184978009104408
45,0.6120139958669857,2024-07-07 10:15:38.388002,2024-07-07 10:15:44.066147,0 days 00:00:05.678145,0.6671098086080646,0.031476011112762894,8,2,0.7620500833038992,125,22,1.6865960734600027,3.181832689161096,COMPLETE,"{'accuracy': 0.6242937853107344, 'precision': 0.6250727992234749, 'recall': 0.6242937853107344, 'f1': 0.6208606403013183}","{'accuracy': 0.6059322033898306, 'precision': 0.6069359696744311, 'recall': 0.6059322033898306, 'f1': 0.6013197977042423}","{'accuracy': 0.6129943502824858, 'precision': 0.6131359604016482, 'recall': 0.6129943502824858, 'f1': 0.6044917823191658}","{'accuracy': 0.6285310734463276, 'precision': 0.6254592975859978, 'recall': 0.6285310734463276, 'f1': 0.6233545850650833}","{'accuracy': 0.614406779661017, 'precision': 0.6143079121005844, 'recall': 0.614406779661017, 'f1': 0.6106416832611485}","{'accuracy': 0.596045197740113, 'precision': 0.5958571332223105, 'recall': 0.596045197740113, 'f1': 0.5901466100882942}","{'accuracy': 0.6186440677966102, 'precision': 0.6198266332075432, 'recall': 0.6186440677966102, 'f1': 0.611939247344074}","{'accuracy': 0.614406779661017, 'precision': 0.6153054186002754, 'recall': 0.614406779661017, 'f1': 0.6096424488961164}","{'accuracy': 0.6214689265536724, 'precision': 0.6190130024918569, 'recall': 0.6214689265536724, 'f1': 0.6186772686359571}","{'accuracy': 0.6336633663366337, 'precision': 0.6388640124265331, 'recall': 0.6336633663366337, 'f1': 0.6290658950544568}",0.6170386530178441,0.6173778138934657,0.617038653017844,0.6120139958669857,0.010942205405493616,0.011540916152007715,0.010942205405493616,0.011540670821360023
46,0.602306738495283,2024-07-07 10:15:44.067147,2024-07-07 10:15:46.549425,0 days 00:00:02.482278,0.714088047417448,0.1349840402484298,8,4,1.798906893650114,195,19,4.0851829686849275,3.890618332795287,COMPLETE,"{'accuracy': 0.5988700564971752, 'precision': 0.5969015815292531, 'recall': 0.5988700564971752, 'f1': 0.5910882819278261}","{'accuracy': 0.6087570621468926, 'precision': 0.6099993111423538, 'recall': 0.6087570621468926, 'f1': 0.6018480291345922}","{'accuracy': 0.6016949152542372, 'precision': 0.5990737355594542, 'recall': 0.6016949152542372, 'f1': 0.5880851967082196}","{'accuracy': 0.6200564971751412, 'precision': 0.6156555405655809, 'recall': 0.6200564971751412, 'f1': 0.6091230443098299}","{'accuracy': 0.6031073446327684, 'precision': 0.6020387428364807, 'recall': 0.6031073446327684, 'f1': 0.5971857970767869}","{'accuracy': 0.596045197740113, 'precision': 0.5950585726155567, 'recall': 0.596045197740113, 'f1': 0.58584468572775}","{'accuracy': 0.6059322033898306, 'precision': 0.607242690540507, 'recall': 0.6059322033898306, 'f1': 0.5948387488526687}","{'accuracy': 0.614406779661017, 'precision': 0.6165301219772621, 'recall': 0.614406779661017, 'f1': 0.6058428433417566}","{'accuracy': 0.6257062146892656, 'precision': 0.621545313849567, 'recall': 0.6257062146892656, 'f1': 0.6194800365347091}","{'accuracy': 0.6364922206506365, 'precision': 0.6412873024088301, 'recall': 0.6364922206506365, 'f1': 0.6297307213386925}",0.6111068491837077,0.6105332913024846,0.6111068491837077,0.602306738495283,0.012952956629578544,0.014020443980916423,0.012952956629578544,0.014092052872526926
47,0.5959960771344576,2024-07-07 10:15:46.550426,2024-07-07 10:15:49.417825,0 days 00:00:02.867399,0.7789399266856207,0.07436977053232054,3,3,2.293573840218437,262,21,1.2853225156385792,4.854662488337207,COMPLETE,"{'accuracy': 0.615819209039548, 'precision': 0.6158836109541179, 'recall': 0.615819209039548, 'f1': 0.6052127444042399}","{'accuracy': 0.6115819209039548, 'precision': 0.6119332604141118, 'recall': 0.6115819209039548, 'f1': 0.6011721811918989}","{'accuracy': 0.5875706214689266, 'precision': 0.5846213301197842, 'recall': 0.5875706214689266, 'f1': 0.5714344119027551}","{'accuracy': 0.6200564971751412, 'precision': 0.6156525264660415, 'recall': 0.6200564971751412, 'f1': 0.6110350502159912}","{'accuracy': 0.6101694915254238, 'precision': 0.6113204689182797, 'recall': 0.6101694915254238, 'f1': 0.6019035224896799}","{'accuracy': 0.5918079096045198, 'precision': 0.592225744063364, 'recall': 0.5918079096045198, 'f1': 0.5810906069199445}","{'accuracy': 0.6002824858757062, 'precision': 0.6001670621259809, 'recall': 0.6002824858757062, 'f1': 0.5855459678732328}","{'accuracy': 0.6115819209039548, 'precision': 0.6121265704507914, 'recall': 0.6115819209039548, 'f1': 0.6014930372730527}","{'accuracy': 0.6031073446327684, 'precision': 0.5981863845033678, 'recall': 0.6031073446327684, 'f1': 0.5947642710094736}","{'accuracy': 0.620933521923621, 'precision': 0.6257686811332757, 'recall': 0.620933521923621, 'f1': 0.6063089780643064}",0.6072910923053565,0.6067885639149115,0.6072910923053565,0.5959960771344576,0.011363479757722865,0.01255361255622923,0.011363479757722865,0.012673466149894043
48,0.6093513111682758,2024-07-07 10:15:49.418825,2024-07-07 10:15:56.764807,0 days 00:00:07.345982,0.7497338414485232,0.051758688066854616,7,1,0.16990318567050045,126,24,0.5642338533275959,5.512391774141548,COMPLETE,"{'accuracy': 0.6200564971751412, 'precision': 0.621396703485322, 'recall': 0.6200564971751412, 'f1': 0.6175870384987189}","{'accuracy': 0.614406779661017, 'precision': 0.6134870093716003, 'recall': 0.614406779661017, 'f1': 0.6099206008759482}","{'accuracy': 0.6087570621468926, 'precision': 0.6080915565750535, 'recall': 0.6087570621468926, 'f1': 0.6020693629090368}","{'accuracy': 0.6129943502824858, 'precision': 0.6094301667287426, 'recall': 0.6129943502824858, 'f1': 0.6094004490972305}","{'accuracy': 0.6031073446327684, 'precision': 0.6017078880497412, 'recall': 0.6031073446327684, 'f1': 0.6009835637395885}","{'accuracy': 0.596045197740113, 'precision': 0.5946593189546676, 'recall': 0.596045197740113, 'f1': 0.5913732815397476}","{'accuracy': 0.615819209039548, 'precision': 0.6160191959406345, 'recall': 0.615819209039548, 'f1': 0.611701624403122}","{'accuracy': 0.6101694915254238, 'precision': 0.6094480150940564, 'recall': 0.6101694915254238, 'f1': 0.6064114512404637}","{'accuracy': 0.6200564971751412, 'precision': 0.6185875098545222, 'recall': 0.6200564971751412, 'f1': 0.6185888677067573}","{'accuracy': 0.6294200848656294, 'precision': 0.6320601061962408, 'recall': 0.6294200848656294, 'f1': 0.6254768716721438}",0.613083251424416,0.6124887470250581,0.6130832514244161,0.6093513111682758,0.009371407068801496,0.010462084808887535,0.009371407068801496,0.00985417073480455
49,0.593881125350814,2024-07-07 10:15:56.765806,2024-07-07 10:15:59.876855,0 days 00:00:03.111049,0.8545204063058215,0.2708043568420192,8,5,2.7610252584829413,355,28,8.247480368863462,6.599208068589937,COMPLETE,"{'accuracy': 0.6073446327683616, 'precision': 0.6077027768382169, 'recall': 0.6073446327683616, 'f1': 0.5990417786077427}","{'accuracy': 0.6073446327683616, 'precision': 0.6089291824706675, 'recall': 0.6073446327683616, 'f1': 0.5967967295403651}","{'accuracy': 0.596045197740113, 'precision': 0.5976010978835773, 'recall': 0.596045197740113, 'f1': 0.580075796700734}","{'accuracy': 0.6257062146892656, 'precision': 0.6231240510901529, 'recall': 0.6257062146892656, 'f1': 0.6165552830097325}","{'accuracy': 0.6059322033898306, 'precision': 0.6066881122818909, 'recall': 0.6059322033898306, 'f1': 0.5980674430349792}","{'accuracy': 0.5861581920903954, 'precision': 0.5863064513361654, 'recall': 0.5861581920903954, 'f1': 0.5728180535983518}","{'accuracy': 0.6087570621468926, 'precision': 0.614829742886549, 'recall': 0.6087570621468926, 'f1': 0.592260238489158}","{'accuracy': 0.597457627118644, 'precision': 0.5977167757262811, 'recall': 0.597457627118644, 'f1': 0.585812956019171}","{'accuracy': 0.6073446327683616, 'precision': 0.6027155935972001, 'recall': 0.6073446327683616, 'f1': 0.5962788450004242}","{'accuracy': 0.6124469589816125, 'precision': 0.6172767357683268, 'recall': 0.6124469589816125, 'f1': 0.6011041295074813}",0.6054537354461839,0.6062890519879028,0.6054537354461837,0.593881125350814,0.010570986453333894,0.010787113439426775,0.010570986453333894,0.012141111705717649
