number,value,datetime_start,datetime_complete,duration,params_alpha,params_colsample_bytree,params_gamma,params_lambda,params_learning_rate,params_max_depth,params_max_leaves,params_n_estimators,state,fold_0,fold_1,fold_2,fold_3,fold_4,mse,rmse,mae,mdae,r2,mse_std,rmse_std,mae_std,mdae_std,r2_std
19,39.63854551753516,2024-07-10 18:42:30.344019,2024-07-10 18:42:38.662075,0 days 00:00:08.318056,9.04164732570101,0.7504178497498635,7.670325785274439,6.3039938943049165,0.1134441512153406,5,4,284,COMPLETE,"{'mse': 1618.0423579169285, 'rmse': 40.22489723935822, 'mae': 30.688707834445797, 'mdae': 23.517491384653326, 'r2': 0.4583900900795944}","{'mse': 1543.8014847604409, 'rmse': 39.291239287663615, 'mae': 30.503034493270217, 'mdae': 24.350272504248046, 'r2': 0.4373337349996581}","{'mse': 1573.295871244754, 'rmse': 39.66479385103059, 'mae': 30.895259146647525, 'mdae': 25.366428612924807, 'r2': 0.43347997507048563}","{'mse': 1567.1919776011155, 'rmse': 39.587775608148476, 'mae': 30.73114684932336, 'mdae': 25.04430066126953, 'r2': 0.4306289787886113}","{'mse': 1554.253479233556, 'rmse': 39.424021601474855, 'mae': 30.42875534049774, 'mdae': 23.918454702929694, 'r2': 0.4594838322274104}",1571.317034151359,39.63854551753516,30.649380732836924,24.439389573205084,0.44386332223315195,28.515163218448937,0.3583702792729618,0.18626681043893709,0.7672239025752398,0.013969829729576841
20,39.63038670951802,2024-07-10 18:42:38.663073,2024-07-10 18:42:44.553014,0 days 00:00:05.889941,6.926677466297347,0.5679252264422305,2.761604930292873,2.394117999785312,0.15571365929331854,7,5,136,COMPLETE,"{'mse': 1605.1765036651848, 'rmse': 40.064654043997244, 'mae': 30.57077070335062, 'mdae': 23.478429764370116, 'r2': 0.46269669807921865}","{'mse': 1553.7947298627314, 'rmse': 39.41820302680897, 'mae': 30.590813802255, 'mdae': 24.699623337109372, 'r2': 0.4336915167789577}","{'mse': 1578.4685341361676, 'rmse': 39.72994505579095, 'mae': 30.936792202832866, 'mdae': 25.49233292591797, 'r2': 0.43161737747282136}","{'mse': 1558.9725846011202, 'rmse': 39.48382687381151, 'mae': 30.59338578937341, 'mdae': 25.047206724541017, 'r2': 0.4336151376338784}","{'mse': 1556.7210569108333, 'rmse': 39.4553045471814, 'mae': 30.373654548184096, 'mdae': 23.461021655527347, 'r2': 0.4586256931608915}",1570.6266818352076,39.63038670951802,30.6130834091992,24.435722881493163,0.44404928462515353,21.608353882676532,0.2718710385123124,0.2029703545220534,0.9255313769333856,0.015255366334203654
21,39.62637648543214,2024-07-10 18:42:44.553014,2024-07-10 18:42:50.283838,0 days 00:00:05.730824,6.795136644437667,0.5736306798333981,2.637734226428301,2.054250832209088,0.15419524391589143,7,5,139,COMPLETE,"{'mse': 1613.1711246648258, 'rmse': 40.16430162052897, 'mae': 30.670391025430703, 'mdae': 23.617364320507818, 'r2': 0.46002064578783264}","{'mse': 1549.2907120444422, 'rmse': 39.361030373256774, 'mae': 30.439679642181304, 'mdae': 24.1833108549707, 'r2': 0.4353330872194118}","{'mse': 1574.9383603786644, 'rmse': 39.68549307213738, 'mae': 30.812637584412073, 'mdae': 25.29466669412109, 'r2': 0.43288853959919493}","{'mse': 1561.8967840539683, 'rmse': 39.52083987030094, 'mae': 30.71333009986382, 'mdae': 24.626641694931642, 'r2': 0.4325527569858849}","{'mse': 1552.3771383331089, 'rmse': 39.40021749093663, 'mae': 30.369838399199203, 'mdae': 23.571843562207036, 'r2': 0.4601363593772577}",1570.3348238950018,39.62637648543214,30.60117535021742,24.258765425347658,0.4441862777939164,25.945494996611583,0.32617198261184605,0.18820429237570763,0.7241158063304789,0.014547241923624821
22,40.14310538500682,2024-07-10 18:42:50.284842,2024-07-10 18:42:55.284993,0 days 00:00:05.000151,7.018281193973781,0.6114531591706283,4.445430201557547,4.130565941746692,0.06680293643459219,8,5,92,COMPLETE,"{'mse': 1636.744320820371, 'rmse': 40.45669685998069, 'mae': 31.012595807756746, 'mdae': 24.210641406376954, 'r2': 0.45212995208388174}","{'mse': 1590.7674483015994, 'rmse': 39.88442613729824, 'mae': 31.016743573660822, 'mdae': 25.61650960722656, 'r2': 0.4202161434254107}","{'mse': 1619.4713790644662, 'rmse': 40.242656212835485, 'mae': 31.51139464751807, 'mdae': 26.201886476689456, 'r2': 0.4168528737608892}","{'mse': 1611.518737387923, 'rmse': 40.14372600280053, 'mae': 31.3126424304015, 'mdae': 25.416396490624997, 'r2': 0.414524779145222}","{'mse': 1599.0418804489136, 'rmse': 39.98802171211916, 'mae': 30.961124527579095, 'mdae': 25.186530731464842, 'r2': 0.44390795910951697}",1611.5087532046548,40.14310538500682,31.162900197383248,25.32639294247656,0.4295263415049842,17.929459198090658,0.2231682462042407,0.23902808791432512,0.7285636853891491,0.0172488954885581
23,39.620581279867686,2024-07-10 18:42:55.286500,2024-07-10 18:43:02.101851,0 days 00:00:06.815351,8.827455723167212,0.6715039305371111,6.271918276179958,2.0060183990757876,0.14347414518867813,8,4,204,COMPLETE,"{'mse': 1621.7206105475138, 'rmse': 40.27059237889994, 'mae': 30.795301130673327, 'mdae': 24.172197720014655, 'r2': 0.45715886268547323}","{'mse': 1553.0731368776092, 'rmse': 39.409048921251696, 'mae': 30.5829301845851, 'mdae': 24.551354545415037, 'r2': 0.43395451434295607}","{'mse': 1565.8196072448504, 'rmse': 39.57043855259694, 'mae': 30.844434866474952, 'mdae': 24.92456475546875, 'r2': 0.4361720645528371}","{'mse': 1547.8637622873132, 'rmse': 39.34289976968288, 'mae': 30.53663071122339, 'mdae': 25.188104066777342, 'r2': 0.43765104490986495}","{'mse': 1561.0343139165489, 'rmse': 39.50992677690695, 'mae': 30.49922259055323, 'mdae': 24.36450792460937, 'r2': 0.45712568998991754}",1569.902286174767,39.620581279867686,30.651703896701996,24.64014580245703,0.44441243529620983,29.788272613649575,0.37387367546703343,0.15731147648312765,0.41351781556607903,0.011694939896234397
24,39.78817620144158,2024-07-10 18:43:02.101851,2024-07-10 18:43:08.951192,0 days 00:00:06.849341,9.01149302745724,0.6803222620640019,6.401787555431159,3.3009004389731835,0.21007903927564528,8,3,211,COMPLETE,"{'mse': 1630.9510139650174, 'rmse': 40.38503452969945, 'mae': 30.92641155924151, 'mdae': 23.883172104140623, 'r2': 0.4540691549661282}","{'mse': 1566.8951915127448, 'rmse': 39.58402697443433, 'mae': 30.9046982970079, 'mdae': 24.931092174916994, 'r2': 0.42891681750631316}","{'mse': 1589.4178447939757, 'rmse': 39.86750361878676, 'mae': 31.20370964990691, 'mdae': 26.079891687890626, 'r2': 0.4276746964678082}","{'mse': 1569.493993707332, 'rmse': 39.616839774360244, 'mae': 30.702925426066837, 'mdae': 24.97428277227539, 'r2': 0.4297926413902743}","{'mse': 1559.2607695320635, 'rmse': 39.4874761099271, 'mae': 30.604983803532203, 'mdae': 24.45323604394531, 'r2': 0.4577424680295906}",1583.2037627022266,39.78817620144158,30.868545747151074,24.86433495663379,0.43963915567202294,28.920619813021485,0.3619344990198197,0.23123866980933422,0.8102169577321949,0.014925024800928947
25,39.57615511571101,2024-07-10 18:43:08.952190,2024-07-10 18:43:18.295680,0 days 00:00:09.343490,8.052725906455143,0.7305883778847562,7.796202144069653,4.497822399568222,0.12425215415615116,9,4,319,COMPLETE,"{'mse': 1617.3956000438077, 'rmse': 40.216857162684995, 'mae': 30.671452064496716, 'mdae': 23.392163574638673, 'r2': 0.4586065803783108}","{'mse': 1548.676594903953, 'rmse': 39.353228519448734, 'mae': 30.59116422658358, 'mdae': 24.381321382412104, 'r2': 0.4355569132754965}","{'mse': 1574.2918709655244, 'rmse': 39.67734707569956, 'mae': 30.86440359672738, 'mdae': 24.807574037539066, 'r2': 0.4331213306495897}","{'mse': 1551.133293080758, 'rmse': 39.3844295766837, 'mae': 30.50798758786815, 'mdae': 24.633461179189453, 'r2': 0.43646320314360276}","{'mse': 1540.4771908380249, 'rmse': 39.24891324403804, 'mae': 30.286660284379533, 'mdae': 23.571620306132814, 'r2': 0.4642747538558145}",1566.3949099664137,39.57615511571101,30.58433355201107,24.157228095982422,0.44560455626056295,31.152913928022354,0.3918804403052675,0.2124344627076623,0.638009756903139,0.014645641821229669
26,39.60011023669372,2024-07-10 18:43:18.296680,2024-07-10 18:43:27.482135,0 days 00:00:09.185455,9.19603310407603,0.7519309382108817,8.097309804890712,5.872694181039123,0.12345985233337983,9,4,337,COMPLETE,"{'mse': 1623.420219274497, 'rmse': 40.29168920850176, 'mae': 30.741819354546912, 'mdae': 23.585104562529303, 'r2': 0.45658994993419866}","{'mse': 1539.5269312779294, 'rmse': 39.23680582409747, 'mae': 30.484257084515438, 'mdae': 24.215509401953124, 'r2': 0.4388916730287967}","{'mse': 1573.1305797961163, 'rmse': 39.66271019227148, 'mae': 30.831027165565676, 'mdae': 24.934637298129882, 'r2': 0.433539494018774}","{'mse': 1551.003598460473, 'rmse': 39.38278302076268, 'mae': 30.54954094098642, 'mdae': 24.977736086484374, 'r2': 0.43651032204125695}","{'mse': 1554.453865091082, 'rmse': 39.42656293783522, 'mae': 30.40150513440671, 'mdae': 24.141229513808597, 'r2': 0.45941414488410826}",1568.3070387800194,39.60011023669372,30.60162993600423,24.370843372581056,0.44498911678142694,33.09208088097006,0.4157944530121591,0.1794545540553536,0.5874561687623284,0.012070867901388418
27,39.711671266152514,2024-07-10 18:43:27.483135,2024-07-10 18:43:37.993385,0 days 00:00:10.510250,9.410436820019205,0.739013540248122,8.440455048363278,7.661016752501415,0.1194506007192285,9,3,394,COMPLETE,"{'mse': 1621.8898282521088, 'rmse': 40.27269333248161, 'mae': 30.73219093263534, 'mdae': 23.45030614130859, 'r2': 0.45710222017219526}","{'mse': 1556.7728042699594, 'rmse': 39.45596031362004, 'mae': 30.676810927257563, 'mdae': 24.748579649018556, 'r2': 0.43260610390680454}","{'mse': 1577.8814146430104, 'rmse': 39.72255548983487, 'mae': 31.030511267687004, 'mdae': 25.968938499274902, 'r2': 0.43182879031383836}","{'mse': 1569.946448042383, 'rmse': 39.622549741812215, 'mae': 30.698600842803923, 'mdae': 24.360472579619138, 'r2': 0.4296282617925725}","{'mse': 1559.0334360265465, 'rmse': 39.48459745301383, 'mae': 30.545690592457795, 'mdae': 24.261981361132825, 'r2': 0.4578215268426157}",1577.1047862468015,39.711671266152514,30.736760912568325,24.558055646070805,0.4417973806056053,26.445737533776217,0.3315710629685887,0.1787933267345727,0.919333703942083,0.014343562922343315
28,41.32971197696362,2024-07-10 18:43:37.994393,2024-07-10 18:43:46.513566,0 days 00:00:08.519173,4.735160224454391,0.8546005312408889,7.72267097741285,5.793574662990938,0.08535724325171413,10,2,327,COMPLETE,"{'mse': 1754.4698848510895, 'rmse': 41.886392597729035, 'mae': 32.60999378173278, 'mdae': 26.67213513774414, 'r2': 0.41272348548674476}","{'mse': 1681.012025533789, 'rmse': 41.0001466525888, 'mae': 32.279953461062334, 'mdae': 26.407606147421877, 'r2': 0.3873248813628857}","{'mse': 1703.1104443186123, 'rmse': 41.268758696120386, 'mae': 32.8435639553744, 'mdae': 27.268733481997074, 'r2': 0.386735712584224}","{'mse': 1704.5387125188572, 'rmse': 41.28605954216093, 'mae': 32.42413663662343, 'mdae': 27.193782532851564, 'r2': 0.380730018203153}","{'mse': 1698.0335293229532, 'rmse': 41.20720239621895, 'mae': 32.560689652945904, 'mdae': 26.952084005273434, 'r2': 0.4094820514916223}",1708.2329193090602,41.32971197696362,32.54366749754777,26.89886826105762,0.39539922982572595,27.489764051300313,0.3313367061804492,0.2112223561308701,0.3603307502497292,0.01461072469115396
29,39.90068144144122,2024-07-10 18:43:46.514573,2024-07-10 18:43:56.969453,0 days 00:00:10.454880,7.585423201803664,0.7873488617729952,8.80550355285542,4.671511303913993,0.03494482102655523,10,4,379,COMPLETE,"{'mse': 1626.3818908200315, 'rmse': 40.328425345158614, 'mae': 30.90309400716429, 'mdae': 24.08919734368652, 'r2': 0.455598584874352}","{'mse': 1572.5236881585029, 'rmse': 39.655058796558386, 'mae': 30.878031719627206, 'mdae': 24.903484058139647, 'r2': 0.42686541049802995}","{'mse': 1591.184399465732, 'rmse': 39.88965278697888, 'mae': 31.122381507925837, 'mdae': 25.42238311738281, 'r2': 0.4270385868745814}","{'mse': 1586.6425778057824, 'rmse': 39.83268228233924, 'mae': 31.036346288663896, 'mdae': 25.69113704892578, 'r2': 0.42356244944186383}","{'mse': 1583.8480103129739, 'rmse': 39.797587996170996, 'mae': 30.79624208027475, 'mdae': 24.320431964257807, 'r2': 0.44919186715234294}",1592.1161133126045,39.90068144144122,30.947219120731198,24.885326706478516,0.436451379768234,20.35433516758137,0.25429761410704604,0.13053112925202234,0.6875713813844916,0.014794859614292631
30,53.19216955318268,2024-07-10 18:43:56.970454,2024-07-10 18:44:07.080040,0 days 00:00:10.109586,6.133167439906148,0.7407527995752111,9.851536001104442,8.050683058173334,0.10749466021666701,3,1,425,COMPLETE,"{'mse': 2996.0654454077708, 'rmse': 54.736326561140096, 'mae': 43.8457860948098, 'mdae': 37.22641636708984, 'r2': -0.002877785036486058}","{'mse': 2747.200401895838, 'rmse': 52.41374249083763, 'mae': 42.57482340256376, 'mdae': 36.890008468183595, 'r2': -0.0012666813712980396}","{'mse': 2777.3124546841996, 'rmse': 52.70021304211397, 'mae': 42.8173008709724, 'mdae': 36.70566413613281, 'r2': -6.816888161331747e-05}","{'mse': 2754.872190605896, 'rmse': 52.48687636548679, 'mae': 42.72295256250158, 'mdae': 37.467108758496096, 'r2': -0.0008629541819686892}","{'mse': 2875.5000548223347, 'rmse': 53.62368930633489, 'mae': 43.89996006118336, 'mdae': 37.06036833335938, 'r2': -5.088159007460291e-07}",2830.1901094832074,53.19216955318268,43.172164598406184,37.069913212652345,-0.00101521965745337,105.97611176724082,0.9894491577853826,0.6457531220513578,0.29469974148929057,0.001170695394168476
31,39.62348779683289,2024-07-10 18:44:07.081040,2024-07-10 18:44:16.027437,0 days 00:00:08.946397,8.739145473725237,0.6391000503281955,7.053370701244227,5.802712953195086,0.13978909537845405,9,4,324,COMPLETE,"{'mse': 1620.5624015970545, 'rmse': 40.25620947875066, 'mae': 30.71571485709769, 'mdae': 23.843633473657228, 'r2': 0.45754655182244663}","{'mse': 1547.0475166829447, 'rmse': 39.332524921277866, 'mae': 30.54444338827812, 'mdae': 24.50113182395508, 'r2': 0.43615066018340964}","{'mse': 1576.6066446040893, 'rmse': 39.70650632584148, 'mae': 30.827491102488754, 'mdae': 25.52318181272949, 'r2': 0.43228781570596464}","{'mse': 1564.6398397419737, 'rmse': 39.55552856102385, 'mae': 30.683363931773886, 'mdae': 24.992285748188475, 'r2': 0.43155618704382215}","{'mse': 1541.8713491145488, 'rmse': 39.26666969727059, 'mae': 30.242694880427806, 'mdae': 23.39424103123047, 'r2': 0.46378991332049413}",1570.1455503481222,39.62348779683289,30.60274163201325,24.45089477795215,0.4442662256152275,31.412048216864157,0.39491322204563223,0.2251708117371813,0.855965954426787,0.015235084775789616
32,39.706479515378696,2024-07-10 18:44:16.027437,2024-07-10 18:44:23.970950,0 days 00:00:07.943513,9.343756809837656,0.718302845264531,8.174566475547984,1.7104742927457217,0.07787838528190981,8,4,265,COMPLETE,"{'mse': 1618.4189325362709, 'rmse': 40.229577831941896, 'mae': 30.780372288645218, 'mdae': 24.01457772060547, 'r2': 0.45826403865414045}","{'mse': 1557.5763214934925, 'rmse': 39.46614145686772, 'mae': 30.671922483414438, 'mdae': 24.67336814005371, 'r2': 0.4323132475781303}","{'mse': 1578.4212363060037, 'rmse': 39.72934980975656, 'mae': 31.042689330957614, 'mdae': 25.72278620614258, 'r2': 0.43163440870541614}","{'mse': 1568.518846207518, 'rmse': 39.604530627284525, 'mae': 30.756627838531315, 'mdae': 25.12873319664063, 'r2': 0.4301469188085717}","{'mse': 1560.471038060349, 'rmse': 39.502797851042764, 'mae': 30.48085028291531, 'mdae': 23.837385707421873, 'r2': 0.4573215780553199}",1576.681274920727,39.706479515378696,30.746492444892777,24.675370194172853,0.44193603836031564,24.695423644266544,0.309756790763053,0.2031684047202889,0.7812629223757622,0.01450020207696623
33,39.72542647725872,2024-07-10 18:44:23.971949,2024-07-10 18:44:33.887056,0 days 00:00:09.915107,8.004041767341057,0.8146148181751853,4.655011531574966,7.310761427639846,0.12707095435090168,8,3,351,COMPLETE,"{'mse': 1624.9704762361832, 'rmse': 40.310922542608516, 'mae': 30.845423399163337, 'mdae': 23.988289782094725, 'r2': 0.45607102993852355}","{'mse': 1558.5461634701198, 'rmse': 39.478426557679825, 'mae': 30.76223620208651, 'mdae': 24.354902667968748, 'r2': 0.4319597711966031}","{'mse': 1575.8989607302635, 'rmse': 39.69759389094336, 'mae': 31.029674856519392, 'mdae': 25.602584452480468, 'r2': 0.4325426419552224}","{'mse': 1573.6520162991999, 'rmse': 39.6692830323312, 'mae': 30.801848083014743, 'mdae': 25.07842147448242, 'r2': 0.4282820047846839}","{'mse': 1557.9524490954536, 'rmse': 39.47090636273069, 'mae': 30.589234843687464, 'mdae': 24.069207105175792, 'r2': 0.4581974571018773}",1578.204013166244,39.72542647725872,30.80568347689429,24.61868109644043,0.44141058099538205,27.43033408596642,0.34370111680818244,0.15851166070658945,0.697911341940154,0.014465870476937023
34,39.65061981288483,2024-07-10 18:44:33.888057,2024-07-10 18:44:42.454076,0 days 00:00:08.566019,9.955233805748943,0.7782767940886001,6.610778968175074,1.666451345736867,0.09895439492022057,9,4,298,COMPLETE,"{'mse': 1614.2872193470785, 'rmse': 40.17819333104811, 'mae': 30.729080198512, 'mdae': 23.961185322841793, 'r2': 0.4596470536273062}","{'mse': 1552.1385773561647, 'rmse': 39.397189967765016, 'mae': 30.652453213616862, 'mdae': 24.80172830664063, 'r2': 0.4342951313980261}","{'mse': 1569.0318543667297, 'rmse': 39.61100673255768, 'mae': 30.859111904373556, 'mdae': 24.904736632958986, 'r2': 0.4350153829948241}","{'mse': 1567.6691199658399, 'rmse': 39.593801534657416, 'mae': 30.724853014489103, 'mdae': 25.009577189570315, 'r2': 0.4304556298694303}","{'mse': 1558.1104263769225, 'rmse': 39.47290749839594, 'mae': 30.45625140966633, 'mdae': 23.850973384951175, 'r2': 0.45814251800994954}",1572.247439482547,39.65061981288483,30.68434994813157,24.505640167392578,0.4435111431799073,24.509516334777214,0.30779038445805995,0.14767310177861204,0.5536059905608269,0.014159837370799224
35,39.65190127597492,2024-07-10 18:44:42.455074,2024-07-10 18:44:50.467280,0 days 00:00:08.012206,7.434603758507258,0.6654509623961362,8.090301010594526,0.05458575377312869,0.14074142883162893,10,5,250,COMPLETE,"{'mse': 1633.4207404864874, 'rmse': 40.415600211879664, 'mae': 30.982883381730545, 'mdae': 24.144903649521485, 'r2': 0.4532424594520853}","{'mse': 1548.939152449516, 'rmse': 39.356564286653835, 'mae': 30.436400926292993, 'mdae': 23.9119957075, 'r2': 0.43546121944765137}","{'mse': 1576.6312335954433, 'rmse': 39.70681595891873, 'mae': 30.95878591483285, 'mdae': 25.3115935733789, 'r2': 0.43227896158243373}","{'mse': 1553.2386144527102, 'rmse': 39.41114835237246, 'mae': 30.50657965696886, 'mdae': 24.773091903906256, 'r2': 0.4356983262193592}","{'mse': 1549.9478902531491, 'rmse': 39.36937757004991, 'mae': 30.408614475524764, 'mdae': 23.541599067773433, 'r2': 0.4609811687216101}",1572.4355262474612,39.65190127597492,30.65865287107,24.33663678041601,0.4435324270846279,35.92734019048281,0.45034909764504705,0.28733545580583947,0.7053723168971099,0.012766179226639158
36,40.46640044218586,2024-07-10 18:44:50.468280,2024-07-10 18:45:01.410904,0 days 00:00:10.942624,8.671693962682525,0.7382164942767874,7.130834372514281,4.532735364285546,0.1714879273355306,9,0,202,COMPLETE,"{'mse': 1755.3568081145427, 'rmse': 41.89697850817577, 'mae': 31.27227073693194, 'mdae': 23.461168406176757, 'r2': 0.41242660424227373}","{'mse': 1610.5713940572805, 'rmse': 40.1319248735627, 'mae': 30.376667554843706, 'mdae': 22.51257146881836, 'r2': 0.4129982385972213}","{'mse': 1627.6890816783136, 'rmse': 40.34462890743096, 'mae': 30.361789493535195, 'mdae': 23.279367992373047, 'r2': 0.41389380345838034}","{'mse': 1614.8103056323334, 'rmse': 40.18470238327433, 'mae': 30.25182952697021, 'mdae': 22.923332258417965, 'r2': 0.4133289310299352}","{'mse': 1581.9525842054868, 'rmse': 39.77376753848555, 'mae': 29.77884149065909, 'mdae': 21.414378899160155, 'r2': 0.4498510314840324}",1638.0760347375915,40.46640044218586,30.408279760588027,22.718163804989253,0.4204997217623686,67.657796496659,0.8264910694098014,0.540904403507814,0.8141288842937016,0.016416495171888902
37,40.19400885325879,2024-07-10 18:45:01.411906,2024-07-10 18:45:10.995753,0 days 00:00:09.583847,1.9225117429339669,0.8248562776137861,4.0625526173789295,1.1525657278726702,0.06190419157973954,8,3,346,COMPLETE,"{'mse': 1659.2941571198537, 'rmse': 40.734434537868005, 'mae': 31.369154462952864, 'mdae': 24.761974921621096, 'r2': 0.44458180926356283}","{'mse': 1594.1294057452262, 'rmse': 39.92655013578341, 'mae': 31.238864765021024, 'mdae': 25.311348109790035, 'r2': 0.41899081746441835}","{'mse': 1610.5097034819698, 'rmse': 40.1311562689386, 'mae': 31.66420841065265, 'mdae': 26.184719147167968, 'r2': 0.42007983746631694}","{'mse': 1612.9976560042498, 'rmse': 40.16214207439949, 'mae': 31.329031389252204, 'mdae': 25.41435490730469, 'r2': 0.41398747840931893}","{'mse': 1601.2611483613332, 'rmse': 40.01576124930442, 'mae': 31.271588141778906, 'mdae': 24.969667001367185, 'r2': 0.44313617368113667}",1615.6384141425265,40.19400885325879,31.374569433931526,25.328412817450197,0.4281552232569507,25.536466009734205,0.31635906554300897,0.16956906849238945,0.5455474836710298,0.01452742911452255
