number,value,datetime_start,datetime_complete,duration,params_criterion,params_max_depth,params_max_features,params_min_samples_leaf,params_min_samples_split,params_n_estimators,state,fold_0,fold_1,fold_2,fold_3,fold_4,accuracy,balanced_accuracy,precision,recall,f1,accuracy_std,balanced_accuracy_std,precision_std,recall_std,f1_std
0,0.5971655148275596,2024-07-10 20:45:46.680861,2024-07-10 20:45:55.597372,0 days 00:00:08.916511,log_loss,10,0.5780093202212182,12,15,218,COMPLETE,"{'accuracy': 0.6108757062146892, 'balanced_accuracy': 0.6319948430775363, 'precision': 0.6102429097878465, 'recall': 0.6108757062146892, 'f1': 0.6003221217685322}","{'accuracy': 0.6009887005649718, 'balanced_accuracy': 0.6205219750203644, 'precision': 0.5980020711506413, 'recall': 0.6009887005649718, 'f1': 0.5880390510334361}","{'accuracy': 0.6045197740112994, 'balanced_accuracy': 0.6262139698030217, 'precision': 0.6064956720196515, 'recall': 0.6045197740112994, 'f1': 0.5927849976241197}","{'accuracy': 0.615819209039548, 'balanced_accuracy': 0.6386378211967555, 'precision': 0.6226402072370653, 'recall': 0.615819209039548, 'f1': 0.601874224894544}","{'accuracy': 0.6113074204946997, 'balanced_accuracy': 0.6278269020243739, 'precision': 0.6105845338471612, 'recall': 0.6113074204946997, 'f1': 0.6028071788171662}",0.6087021620650417,0.6290391022244103,0.6095930788084731,0.6087021620650416,0.5971655148275596,0.005898175171997,0.006761362071249866,0.008882260564842495,0.005898175171997,0.00645069304031395
1,0.5960894387754844,2024-07-10 20:45:55.598375,2024-07-10 20:46:11.211729,0 days 00:00:15.613354,gini,8,0.9162213204002109,20,2,321,COMPLETE,"{'accuracy': 0.5995762711864406, 'balanced_accuracy': 0.6210756956267366, 'precision': 0.5966233304349957, 'recall': 0.5995762711864406, 'f1': 0.5884299258864994}","{'accuracy': 0.605225988700565, 'balanced_accuracy': 0.6250675198896117, 'precision': 0.6031693457582628, 'recall': 0.605225988700565, 'f1': 0.5925320196637667}","{'accuracy': 0.6122881355932204, 'balanced_accuracy': 0.6326600832196191, 'precision': 0.6158136580766439, 'recall': 0.6122881355932204, 'f1': 0.6015038258883032}","{'accuracy': 0.6137005649717514, 'balanced_accuracy': 0.6365692065250841, 'precision': 0.6197441304345034, 'recall': 0.6137005649717514, 'f1': 0.5992317538708399}","{'accuracy': 0.610600706713781, 'balanced_accuracy': 0.6289725550004189, 'precision': 0.6098589661545654, 'recall': 0.610600706713781, 'f1': 0.5987496685680127}",0.6082783334331516,0.6288690120522942,0.6090418861717942,0.6082783334331517,0.5960894387754844,0.005829134189308078,0.006100472527362421,0.009351066840002526,0.005829134189308078,0.005421944368673333
2,0.5578854501265045,2024-07-10 20:46:11.211729,2024-07-10 20:46:18.954452,0 days 00:00:07.742723,log_loss,6,0.8059264473611898,6,10,187,COMPLETE,"{'accuracy': 0.5847457627118644, 'balanced_accuracy': 0.6136759844114331, 'precision': 0.5816748340547102, 'recall': 0.5847457627118644, 'f1': 0.5596490603003541}","{'accuracy': 0.596045197740113, 'balanced_accuracy': 0.624802282539814, 'precision': 0.5995290876098408, 'recall': 0.596045197740113, 'f1': 0.568891272516287}","{'accuracy': 0.588276836158192, 'balanced_accuracy': 0.6181383490602982, 'precision': 0.5956320246577145, 'recall': 0.588276836158192, 'f1': 0.5564791705145111}","{'accuracy': 0.5812146892655368, 'balanced_accuracy': 0.6129111005395615, 'precision': 0.5817691049433804, 'recall': 0.5812146892655368, 'f1': 0.5490591072545142}","{'accuracy': 0.5872791519434629, 'balanced_accuracy': 0.6187627567626836, 'precision': 0.5918745065299835, 'recall': 0.5872791519434629, 'f1': 0.5553486400468564}",0.5875123275638339,0.617658094662758,0.5900959115591259,0.5875123275638339,0.5578854501265045,0.005494607513789041,0.004766589407621824,0.008109362081352394,0.005494607513789041,0.007255270559083066
3,0.5992904808902813,2024-07-10 20:46:18.955453,2024-07-10 20:46:31.158640,0 days 00:00:12.203187,entropy,9,0.7962072844310213,11,5,255,COMPLETE,"{'accuracy': 0.6129943502824858, 'balanced_accuracy': 0.6346562829088398, 'precision': 0.6139707785508476, 'recall': 0.6129943502824858, 'f1': 0.6025058313267456}","{'accuracy': 0.6045197740112994, 'balanced_accuracy': 0.6251628634736991, 'precision': 0.6031103421147211, 'recall': 0.6045197740112994, 'f1': 0.5906320510367653}","{'accuracy': 0.6073446327683616, 'balanced_accuracy': 0.6307263959482672, 'precision': 0.6106577661682283, 'recall': 0.6073446327683616, 'f1': 0.5945893274993713}","{'accuracy': 0.6165254237288136, 'balanced_accuracy': 0.6410649774557342, 'precision': 0.6239360856138546, 'recall': 0.6165254237288136, 'f1': 0.599511766157117}","{'accuracy': 0.6190812720848057, 'balanced_accuracy': 0.6372568861350768, 'precision': 0.6200462838930301, 'recall': 0.6190812720848057, 'f1': 0.609213428431407}",0.6120930905751532,0.6337734811843234,0.6143442512681364,0.6120930905751532,0.5992904808902813,0.00610728053998196,0.006113649331742231,0.008130910639354023,0.00610728053998196,0.00717498404589941
4,0.5973318459724771,2024-07-10 20:46:31.158640,2024-07-10 20:46:35.035860,0 days 00:00:03.877220,entropy,10,0.6523068845866853,17,20,79,COMPLETE,"{'accuracy': 0.6045197740112994, 'balanced_accuracy': 0.624972368010713, 'precision': 0.6031036368454649, 'recall': 0.6045197740112994, 'f1': 0.5940749571335557}","{'accuracy': 0.606638418079096, 'balanced_accuracy': 0.6266386529857383, 'precision': 0.6050480868972383, 'recall': 0.606638418079096, 'f1': 0.5936450568982979}","{'accuracy': 0.6024011299435028, 'balanced_accuracy': 0.6258678791372029, 'precision': 0.6056824193569136, 'recall': 0.6024011299435028, 'f1': 0.5892650608313161}","{'accuracy': 0.614406779661017, 'balanced_accuracy': 0.6386213576873491, 'precision': 0.6209812669929912, 'recall': 0.614406779661017, 'f1': 0.5999395816692007}","{'accuracy': 0.6183745583038869, 'balanced_accuracy': 0.6346112882438236, 'precision': 0.6189091923331878, 'recall': 0.6183745583038869, 'f1': 0.6097345733300149}",0.6092681319997604,0.6301423092129654,0.610744920485159,0.6092681319997604,0.5973318459724771,0.006818187368186422,0.006106158532070638,0.008483957963432032,0.006818187368186422,0.007904123804534187
5,0.5607367084821868,2024-07-10 20:46:35.036861,2024-07-10 20:46:38.756928,0 days 00:00:03.720067,gini,6,0.6293899908000085,19,2,105,COMPLETE,"{'accuracy': 0.5805084745762712, 'balanced_accuracy': 0.607592425170061, 'precision': 0.5746795853419053, 'recall': 0.5805084745762712, 'f1': 0.5572603492174063}","{'accuracy': 0.5875706214689266, 'balanced_accuracy': 0.6158004547035543, 'precision': 0.5872581962449845, 'recall': 0.5875706214689266, 'f1': 0.561974738991768}","{'accuracy': 0.6002824858757062, 'balanced_accuracy': 0.6268313133952533, 'precision': 0.6097651458595427, 'recall': 0.6002824858757062, 'f1': 0.5750295479595774}","{'accuracy': 0.577683615819209, 'balanced_accuracy': 0.609103498352631, 'precision': 0.5757207981162692, 'recall': 0.577683615819209, 'f1': 0.5460005216534336}","{'accuracy': 0.5886925795053004, 'balanced_accuracy': 0.6157412446475773, 'precision': 0.5877740948648993, 'recall': 0.5886925795053004, 'f1': 0.5634183845887489}",0.5869475554490827,0.6150137872538154,0.5870395640855202,0.5869475554490826,0.5607367084821868,0.008782596849128722,0.007596217712016915,0.014123764902320446,0.008782596849128722,0.01051486617365337
6,0.45395551113427784,2024-07-10 20:46:38.757921,2024-07-10 20:46:47.194440,0 days 00:00:08.436519,log_loss,3,0.9697494707820946,16,20,296,COMPLETE,"{'accuracy': 0.5374293785310734, 'balanced_accuracy': 0.5752424654175738, 'precision': 0.5031820597715196, 'recall': 0.5374293785310734, 'f1': 0.44805299430630485}","{'accuracy': 0.5437853107344632, 'balanced_accuracy': 0.5804531545763096, 'precision': 0.5339704070644982, 'recall': 0.5437853107344632, 'f1': 0.45266487049275544}","{'accuracy': 0.5346045197740112, 'balanced_accuracy': 0.5720549171376136, 'precision': 0.5171270853086738, 'recall': 0.5346045197740112, 'f1': 0.46040377546754374}","{'accuracy': 0.5409604519774012, 'balanced_accuracy': 0.5790274265606509, 'precision': 0.5308084835756063, 'recall': 0.5409604519774012, 'f1': 0.45754185738861114}","{'accuracy': 0.537809187279152, 'balanced_accuracy': 0.578176044750997, 'precision': 0.5204909630108003, 'recall': 0.537809187279152, 'f1': 0.4511140580161739}",0.5389177696592202,0.5769908016886289,0.5211157997462197,0.5389177696592202,0.45395551113427784,0.003532488315203116,0.0033526170942526318,0.012217900212536133,0.003532488315203116,0.004975472499172214
7,0.46470787999520535,2024-07-10 20:46:47.195443,2024-07-10 20:46:49.477116,0 days 00:00:02.281673,entropy,3,0.6943386448447411,7,2,89,COMPLETE,"{'accuracy': 0.5423728813559322, 'balanced_accuracy': 0.5765047350123957, 'precision': 0.5192174508488901, 'recall': 0.5423728813559322, 'f1': 0.4698005586924769}","{'accuracy': 0.5423728813559322, 'balanced_accuracy': 0.574966720640271, 'precision': 0.52359075932974, 'recall': 0.5423728813559322, 'f1': 0.4742435371579338}","{'accuracy': 0.530367231638418, 'balanced_accuracy': 0.5689021732652121, 'precision': 0.5019448980061665, 'recall': 0.530367231638418, 'f1': 0.44510249491115816}","{'accuracy': 0.5430790960451978, 'balanced_accuracy': 0.5784056869701235, 'precision': 0.5293971158948011, 'recall': 0.5430790960451978, 'f1': 0.47592727130785006}","{'accuracy': 0.5356890459363958, 'balanced_accuracy': 0.5731912298488734, 'precision': 0.5115586494303376, 'recall': 0.5356890459363958, 'f1': 0.45846553790660816}",0.5387762272663752,0.5743941091473751,0.517141774701987,0.5387762272663752,0.46470787999520535,0.005581854912186372,0.0036222803740327413,0.010702891794452166,0.005581854912186372,0.01290423219635556
8,0.5557649737520627,2024-07-10 20:46:49.478116,2024-07-10 20:46:54.974962,0 days 00:00:05.496846,gini,6,0.5372753218398854,17,4,176,COMPLETE,"{'accuracy': 0.5755649717514124, 'balanced_accuracy': 0.6033100783040336, 'precision': 0.5670061334549655, 'recall': 0.5755649717514124, 'f1': 0.5492145394798174}","{'accuracy': 0.5861581920903954, 'balanced_accuracy': 0.6123056327532519, 'precision': 0.5855678880519253, 'recall': 0.5861581920903954, 'f1': 0.5609029711307632}","{'accuracy': 0.5925141242937854, 'balanced_accuracy': 0.6192555011324355, 'precision': 0.5982399116471244, 'recall': 0.5925141242937854, 'f1': 0.5666784718939581}","{'accuracy': 0.577683615819209, 'balanced_accuracy': 0.6093832557178519, 'precision': 0.5757832485615406, 'recall': 0.577683615819209, 'f1': 0.5438127790283941}","{'accuracy': 0.5851590106007067, 'balanced_accuracy': 0.6120214858561607, 'precision': 0.5829645325845605, 'recall': 0.5851590106007067, 'f1': 0.5582161072273812}",0.5834159829111017,0.6112551907527467,0.5819123428600232,0.5834159829111017,0.5557649737520627,0.006852598814223943,0.005751620540136082,0.011627773777803553,0.006852598814223943,0.009182519560801565
9,0.6037705198643482,2024-07-10 20:46:54.975965,2024-07-10 20:46:58.005212,0 days 00:00:03.029247,entropy,9,0.8856351733429728,15,15,52,COMPLETE,"{'accuracy': 0.6122881355932204, 'balanced_accuracy': 0.6335100247006186, 'precision': 0.6123600048300177, 'recall': 0.6122881355932204, 'f1': 0.6017567591106501}","{'accuracy': 0.6080508474576272, 'balanced_accuracy': 0.6276336161368279, 'precision': 0.6073499467085944, 'recall': 0.6080508474576272, 'f1': 0.5964437376312196}","{'accuracy': 0.6151129943502824, 'balanced_accuracy': 0.638061747104313, 'precision': 0.6201574271167424, 'recall': 0.6151129943502824, 'f1': 0.602605377630183}","{'accuracy': 0.6207627118644068, 'balanced_accuracy': 0.6446093816394448, 'precision': 0.6304857559552887, 'recall': 0.6207627118644068, 'f1': 0.605796349660466}","{'accuracy': 0.6219081272084805, 'balanced_accuracy': 0.6392645172571235, 'precision': 0.6233793929691065, 'recall': 0.6219081272084805, 'f1': 0.6122503752892221}",0.6156245632948034,0.6366158573676656,0.61874650551595,0.6156245632948034,0.6037705198643482,0.005801688770430685,0.006390017228238635,0.009109518242690408,0.005801688770430685,0.005811765245608717
10,0.5962093897856992,2024-07-10 20:46:58.006214,2024-07-10 20:47:20.934479,0 days 00:00:22.928265,entropy,8,0.8770690800880656,1,14,446,COMPLETE,"{'accuracy': 0.6101694915254238, 'balanced_accuracy': 0.6348138513530129, 'precision': 0.6140270332234665, 'recall': 0.6101694915254238, 'f1': 0.5959616692413994}","{'accuracy': 0.6122881355932204, 'balanced_accuracy': 0.6367205974348101, 'precision': 0.6157397839991232, 'recall': 0.6122881355932204, 'f1': 0.5955545104012}","{'accuracy': 0.6122881355932204, 'balanced_accuracy': 0.6380181507001629, 'precision': 0.6242286870904796, 'recall': 0.6122881355932204, 'f1': 0.5947272920262198}","{'accuracy': 0.6179378531073446, 'balanced_accuracy': 0.6438217608711253, 'precision': 0.6293480203766851, 'recall': 0.6179378531073446, 'f1': 0.5998252291318507}","{'accuracy': 0.6120141342756183, 'balanced_accuracy': 0.637196606227973, 'precision': 0.6154239957020079, 'recall': 0.6120141342756183, 'f1': 0.5949782481278262}",0.6129395500189655,0.6381141933174168,0.6197535040783524,0.6129395500189655,0.5962093897856992,0.002930927055861138,0.00340080447090142,0.006703153476127985,0.002930927055861138,0.0020782715296546028
11,0.5928237253443107,2024-07-10 20:47:20.935487,2024-07-10 20:47:38.986850,0 days 00:00:18.051363,entropy,8,0.7651456131166201,12,8,403,COMPLETE,"{'accuracy': 0.6080508474576272, 'balanced_accuracy': 0.6327285814667462, 'precision': 0.6095015457289111, 'recall': 0.6080508474576272, 'f1': 0.5921997438031534}","{'accuracy': 0.6094632768361582, 'balanced_accuracy': 0.6322641227626088, 'precision': 0.6097376910559585, 'recall': 0.6094632768361582, 'f1': 0.5936637308672569}","{'accuracy': 0.6038135593220338, 'balanced_accuracy': 0.6287199102840869, 'precision': 0.6093133104707753, 'recall': 0.6038135593220338, 'f1': 0.5877831695481198}","{'accuracy': 0.6129943502824858, 'balanced_accuracy': 0.638722782953289, 'precision': 0.6217917671407759, 'recall': 0.6129943502824858, 'f1': 0.5939711088048854}","{'accuracy': 0.6113074204946997, 'balanced_accuracy': 0.6341402246988223, 'precision': 0.6124954421119363, 'recall': 0.6113074204946997, 'f1': 0.5965008736981383}",0.609125890878601,0.6333151244331106,0.6125679513016714,0.6091258908786009,0.5928237253443107,0.0035076510599564956,0.0036224367267597675,0.0053171876812269075,0.0035076510599564956,0.003214812350606794
12,0.5996808233923759,2024-07-10 20:47:38.987851,2024-07-10 20:47:58.921718,0 days 00:00:19.933867,entropy,9,0.8449452116748459,9,15,381,COMPLETE,"{'accuracy': 0.617231638418079, 'balanced_accuracy': 0.6388328085106315, 'precision': 0.6189729136507615, 'recall': 0.617231638418079, 'f1': 0.6064398533258804}","{'accuracy': 0.6024011299435028, 'balanced_accuracy': 0.622629981803079, 'precision': 0.600220646441919, 'recall': 0.6024011299435028, 'f1': 0.5891425351306063}","{'accuracy': 0.6059322033898306, 'balanced_accuracy': 0.6290267046914569, 'precision': 0.6114427103543376, 'recall': 0.6059322033898306, 'f1': 0.5930537055766807}","{'accuracy': 0.6221751412429378, 'balanced_accuracy': 0.6448829614702186, 'precision': 0.6303151803201694, 'recall': 0.6221751412429378, 'f1': 0.6086014892879777}","{'accuracy': 0.6113074204946997, 'balanced_accuracy': 0.6292462306837872, 'precision': 0.6120649812966708, 'recall': 0.6113074204946997, 'f1': 0.6011665336407344}",0.61180950669781,0.6329237374318346,0.6146032864127717,0.6118095066978099,0.5996808233923759,0.008064710623999827,0.008840425408607083,0.011059496131956524,0.008064710623999827,0.008403039786831544
13,0.5864047031126332,2024-07-10 20:47:58.922718,2024-07-10 20:48:16.289517,0 days 00:00:17.366799,entropy,7,0.860667152096926,8,15,383,COMPLETE,"{'accuracy': 0.6087570621468926, 'balanced_accuracy': 0.6362854365719453, 'precision': 0.6131801856894036, 'recall': 0.6087570621468926, 'f1': 0.5888808776681784}","{'accuracy': 0.6080508474576272, 'balanced_accuracy': 0.6338642661422247, 'precision': 0.6121939365606807, 'recall': 0.6080508474576272, 'f1': 0.5871528822230668}","{'accuracy': 0.6080508474576272, 'balanced_accuracy': 0.6344011398288129, 'precision': 0.617700729091027, 'recall': 0.6080508474576272, 'f1': 0.5875945114312561}","{'accuracy': 0.6045197740112994, 'balanced_accuracy': 0.6325398675399115, 'precision': 0.6134034274141331, 'recall': 0.6045197740112994, 'f1': 0.5815131445038352}","{'accuracy': 0.6091872791519435, 'balanced_accuracy': 0.6367570348578838, 'precision': 0.6141304507656284, 'recall': 0.6091872791519435, 'f1': 0.586882099736829}",0.607713162045078,0.6347695489881556,0.6141217459041746,0.607713162045078,0.5864047031126332,0.0018499012593446236,0.0017446172180112392,0.0021170830393741594,0.0018499012593446236,0.0028399872097415626
14,0.6032175723456465,2024-07-10 20:48:16.290517,2024-07-10 20:48:44.874974,0 days 00:00:28.584457,entropy,10,0.9885495813070362,14,17,490,COMPLETE,"{'accuracy': 0.6165254237288136, 'balanced_accuracy': 0.6341069583007632, 'precision': 0.6171072211056425, 'recall': 0.6165254237288136, 'f1': 0.6100283414970847}","{'accuracy': 0.6094632768361582, 'balanced_accuracy': 0.6274262737540578, 'precision': 0.6070781743772292, 'recall': 0.6094632768361582, 'f1': 0.5990523739280744}","{'accuracy': 0.6031073446327684, 'balanced_accuracy': 0.623714302708998, 'precision': 0.6036673285627626, 'recall': 0.6031073446327684, 'f1': 0.5933090538187547}","{'accuracy': 0.6228813559322034, 'balanced_accuracy': 0.6439709868343223, 'precision': 0.6293113191703136, 'recall': 0.6228813559322034, 'f1': 0.6117518135484425}","{'accuracy': 0.6091872791519435, 'balanced_accuracy': 0.624579419800061, 'precision': 0.6088417299627679, 'recall': 0.6091872791519435, 'f1': 0.601946278935876}",0.6122329360563774,0.6307595882796405,0.6132011546357432,0.6122329360563775,0.6032175723456465,0.007616392736660518,0.008436341842933341,0.010273559107163684,0.007616392736660518,0.007687061427016734
15,0.6049326623208429,2024-07-10 20:48:44.875976,2024-07-10 20:49:14.904378,0 days 00:00:30.028402,entropy,10,0.9986769616851119,14,17,500,COMPLETE,"{'accuracy': 0.6151129943502824, 'balanced_accuracy': 0.6325358252046368, 'precision': 0.6154623656813604, 'recall': 0.6151129943502824, 'f1': 0.6088259445012595}","{'accuracy': 0.6073446327683616, 'balanced_accuracy': 0.6245969795036216, 'precision': 0.6051498778160849, 'recall': 0.6073446327683616, 'f1': 0.5976089394613724}","{'accuracy': 0.6024011299435028, 'balanced_accuracy': 0.6230489667143206, 'precision': 0.6028591375670488, 'recall': 0.6024011299435028, 'f1': 0.5926535755005305}","{'accuracy': 0.6257062146892656, 'balanced_accuracy': 0.647241811187259, 'precision': 0.6339508328994667, 'recall': 0.6257062146892656, 'f1': 0.6149077858802373}","{'accuracy': 0.6176678445229682, 'balanced_accuracy': 0.6329565305542189, 'precision': 0.6180234624989117, 'recall': 0.6176678445229682, 'f1': 0.6106670662608144}",0.6136465632548761,0.6320760226328114,0.6150891352925745,0.6136465632548761,0.6049326623208429,0.0090819933678001,0.009597026619828305,0.01237815512547334,0.0090819933678001,0.009380258716733167
16,0.5048245776583989,2024-07-10 20:49:14.905379,2024-07-10 20:49:19.669621,0 days 00:00:04.764242,entropy,4,0.9318219285193772,14,12,137,COMPLETE,"{'accuracy': 0.5628531073446328, 'balanced_accuracy': 0.5970231231625719, 'precision': 0.5563520024328947, 'recall': 0.5628531073446328, 'f1': 0.5082895789506443}","{'accuracy': 0.5706214689265536, 'balanced_accuracy': 0.6039727998365667, 'precision': 0.5879112361192286, 'recall': 0.5706214689265536, 'f1': 0.5122189066804229}","{'accuracy': 0.557909604519774, 'balanced_accuracy': 0.5947930233114038, 'precision': 0.5708980988276845, 'recall': 0.557909604519774, 'f1': 0.49793588137690553}","{'accuracy': 0.5586158192090396, 'balanced_accuracy': 0.5952012429847139, 'precision': 0.5605501101540076, 'recall': 0.5586158192090396, 'f1': 0.49628937908857973}","{'accuracy': 0.5703180212014134, 'balanced_accuracy': 0.606450661964887, 'precision': 0.5903597979007371, 'recall': 0.5703180212014134, 'f1': 0.5093891421954422}",0.5640636042402827,0.5994881702520287,0.5732142490869105,0.5640636042402827,0.5048245776583989,0.0061469239829396475,0.005363925817549103,0.01549234973391289,0.0061469239829396475,0.007208004858123811
17,0.60251942537967,2024-07-10 20:49:19.670619,2024-07-10 20:49:39.593578,0 days 00:00:19.922959,entropy,9,0.9982429011634011,14,18,344,COMPLETE,"{'accuracy': 0.6214689265536724, 'balanced_accuracy': 0.6414320234818496, 'precision': 0.6237784916329876, 'recall': 0.6214689265536724, 'f1': 0.612872174679034}","{'accuracy': 0.606638418079096, 'balanced_accuracy': 0.6256934637732458, 'precision': 0.6044091431910669, 'recall': 0.606638418079096, 'f1': 0.5947629371699216}","{'accuracy': 0.6038135593220338, 'balanced_accuracy': 0.6266223811815206, 'precision': 0.6074063594905692, 'recall': 0.6038135593220338, 'f1': 0.5918502671582799}","{'accuracy': 0.623587570621469, 'balanced_accuracy': 0.6462695849326173, 'precision': 0.6326110679009663, 'recall': 0.623587570621469, 'f1': 0.6096086978787344}","{'accuracy': 0.6134275618374558, 'balanced_accuracy': 0.6316161941592608, 'precision': 0.6138173685967748, 'recall': 0.6134275618374558, 'f1': 0.6035030500123796}",0.6137872072827454,0.6343267295056989,0.6164044861624729,0.6137872072827454,0.60251942537967,0.008743056074638102,0.009142678223686798,0.01171085994098723,0.008743056074638102,0.009115903226512541
