number,value,datetime_start,datetime_complete,duration,params_alpha,params_colsample_bytree,params_gamma,params_lambda,params_learning_rate,params_max_depth,params_max_leaves,params_n_estimators,state,fold_0,fold_1,fold_2,fold_3,fold_4,fold_5,fold_6,fold_7,fold_8,fold_9,accuracy,precision,recall,f1,accuracy_std,precision_std,recall_std,f1_std
39,0.603550451063683,2024-07-07 09:20:09.563341,2024-07-07 09:20:40.797677,0 days 00:00:31.234336,2.502326292657509,0.9582664347831222,4.060088388487018,0.5726529115993213,0.22379368010275358,10,0,268,COMPLETE,"{'accuracy': 0.6200564971751412, 'precision': 0.6203269213648082, 'recall': 0.6200564971751412, 'f1': 0.6127890653244286}","{'accuracy': 0.6186440677966102, 'precision': 0.6212324118384618, 'recall': 0.6186440677966102, 'f1': 0.6116643990048204}","{'accuracy': 0.5861581920903954, 'precision': 0.5854064806557788, 'recall': 0.5861581920903954, 'f1': 0.5721786744130858}","{'accuracy': 0.6384180790960452, 'precision': 0.6368819159326713, 'recall': 0.6384180790960452, 'f1': 0.6315352112798484}","{'accuracy': 0.6073446327683616, 'precision': 0.6087379163876188, 'recall': 0.6073446327683616, 'f1': 0.5996632237831336}","{'accuracy': 0.596045197740113, 'precision': 0.6002053833954104, 'recall': 0.596045197740113, 'f1': 0.5858750801419585}","{'accuracy': 0.617231638418079, 'precision': 0.6197255072120224, 'recall': 0.617231638418079, 'f1': 0.6063646063471358}","{'accuracy': 0.6101694915254238, 'precision': 0.6132702995869593, 'recall': 0.6101694915254238, 'f1': 0.6022797065413219}","{'accuracy': 0.6087570621468926, 'precision': 0.6061799751794283, 'recall': 0.6087570621468926, 'f1': 0.6026052777478605}","{'accuracy': 0.620933521923621, 'precision': 0.6261227105876723, 'recall': 0.620933521923621, 'f1': 0.6105492660532365}",0.6123758380680683,0.6138089522140833,0.6123758380680683,0.603550451063683,0.014416909828978901,0.014501156714615635,0.014416909828978901,0.016005081199517
40,0.5988805523309646,2024-07-07 09:20:40.798684,2024-07-07 09:21:12.077688,0 days 00:00:31.279004,3.3476541526709145,0.9859830117332671,0.5398732730493658,2.350740100924587,0.1747071466782298,8,5,245,COMPLETE,"{'accuracy': 0.6214689265536724, 'precision': 0.6197145207566698, 'recall': 0.6214689265536724, 'f1': 0.6151868835790684}","{'accuracy': 0.6115819209039548, 'precision': 0.6102605118499881, 'recall': 0.6115819209039548, 'f1': 0.6049403637120795}","{'accuracy': 0.5988700564971752, 'precision': 0.5949015627892287, 'recall': 0.5988700564971752, 'f1': 0.5859203714259447}","{'accuracy': 0.6059322033898306, 'precision': 0.6003632981218175, 'recall': 0.6059322033898306, 'f1': 0.5991187895501076}","{'accuracy': 0.5932203389830508, 'precision': 0.5900016477986486, 'recall': 0.5932203389830508, 'f1': 0.58627001809398}","{'accuracy': 0.5847457627118644, 'precision': 0.5833092962035165, 'recall': 0.5847457627118644, 'f1': 0.5785503715347018}","{'accuracy': 0.6073446327683616, 'precision': 0.6069614576968021, 'recall': 0.6073446327683616, 'f1': 0.5991602777299443}","{'accuracy': 0.617231638418079, 'precision': 0.6170105558597976, 'recall': 0.617231638418079, 'f1': 0.612938534093284}","{'accuracy': 0.6059322033898306, 'precision': 0.6012332040970265, 'recall': 0.6059322033898306, 'f1': 0.6013600973456726}","{'accuracy': 0.6124469589816125, 'precision': 0.6127486607864694, 'recall': 0.6124469589816125, 'f1': 0.6053598162448635}",0.6058774642597432,0.6036504715959964,0.6058774642597431,0.5988805523309646,0.011084142948344464,0.011866028723282535,0.011084142948344464,0.011966697890564424
41,0.6126294027563104,2024-07-07 09:21:12.078688,2024-07-07 09:21:40.765469,0 days 00:00:28.686781,0.6596030860347364,0.8731816553841997,2.382277804484954,0.3245549319828458,0.1164456164089811,8,0,211,COMPLETE,"{'accuracy': 0.6370056497175142, 'precision': 0.6376737991429582, 'recall': 0.6370056497175142, 'f1': 0.6341324554993015}","{'accuracy': 0.6129943502824858, 'precision': 0.6139283795625117, 'recall': 0.6129943502824858, 'f1': 0.6101139001395701}","{'accuracy': 0.594632768361582, 'precision': 0.5941919347590241, 'recall': 0.594632768361582, 'f1': 0.5867775081386672}","{'accuracy': 0.6398305084745762, 'precision': 0.6371679421319215, 'recall': 0.6398305084745762, 'f1': 0.6349148262283856}","{'accuracy': 0.6087570621468926, 'precision': 0.6108033540560114, 'recall': 0.6087570621468926, 'f1': 0.6050086599288449}","{'accuracy': 0.6101694915254238, 'precision': 0.6118177577359665, 'recall': 0.6101694915254238, 'f1': 0.6048923210973645}","{'accuracy': 0.6228813559322034, 'precision': 0.625521209267968, 'recall': 0.6228813559322034, 'f1': 0.6152738039111713}","{'accuracy': 0.6257062146892656, 'precision': 0.6283679065826293, 'recall': 0.6257062146892656, 'f1': 0.6222357149373012}","{'accuracy': 0.6200564971751412, 'precision': 0.6190048671409781, 'recall': 0.6200564971751412, 'f1': 0.6180676544552371}","{'accuracy': 0.5997171145685997, 'precision': 0.6024083184492892, 'recall': 0.5997171145685997, 'f1': 0.5948771832272592}",0.6171751012873685,0.6180885468829258,0.6171751012873685,0.6126294027563104,0.014796848426270121,0.01428276442217352,0.014796848426270121,0.015619068510099667
42,0.6141126793651404,2024-07-07 09:21:40.766469,2024-07-07 09:22:08.374995,0 days 00:00:27.608526,0.6992299732102869,0.8956771490836206,1.6381742924786953,1.2857207008541405,0.11599753472550625,9,0,180,COMPLETE,"{'accuracy': 0.6285310734463276, 'precision': 0.6276792298970445, 'recall': 0.6285310734463276, 'f1': 0.6254499273213292}","{'accuracy': 0.6129943502824858, 'precision': 0.6125062389270344, 'recall': 0.6129943502824858, 'f1': 0.6100590667630775}","{'accuracy': 0.6129943502824858, 'precision': 0.6140447139722525, 'recall': 0.6129943502824858, 'f1': 0.6080439296263657}","{'accuracy': 0.6426553672316384, 'precision': 0.6404617309723071, 'recall': 0.6426553672316384, 'f1': 0.6399254549025422}","{'accuracy': 0.5889830508474576, 'precision': 0.5886995390531391, 'recall': 0.5889830508474576, 'f1': 0.5857164993692063}","{'accuracy': 0.597457627118644, 'precision': 0.5988484966161969, 'recall': 0.597457627118644, 'f1': 0.5944712825819373}","{'accuracy': 0.6285310734463276, 'precision': 0.6313234503284723, 'recall': 0.6285310734463276, 'f1': 0.6241263076714445}","{'accuracy': 0.6313559322033898, 'precision': 0.6317195682855987, 'recall': 0.6313559322033898, 'f1': 0.6299568310812588}","{'accuracy': 0.614406779661017, 'precision': 0.613494101925499, 'recall': 0.614406779661017, 'f1': 0.6138452661531926}","{'accuracy': 0.6124469589816125, 'precision': 0.6130724728720153, 'recall': 0.6124469589816125, 'f1': 0.6095322281810495}",0.6170356563501386,0.617184954284956,0.6170356563501387,0.6141126793651404,0.016181637275783665,0.015892070594397362,0.016181637275783665,0.016372685637896834
43,0.6110725589947541,2024-07-07 09:22:08.375995,2024-07-07 09:22:38.631889,0 days 00:00:30.255894,0.6512863344937028,0.9022703053233085,1.8489879755531091,1.0067336197936523,0.08465997471870859,9,0,199,COMPLETE,"{'accuracy': 0.615819209039548, 'precision': 0.616243946031858, 'recall': 0.615819209039548, 'f1': 0.6129611107646602}","{'accuracy': 0.6045197740112994, 'precision': 0.6039120613527931, 'recall': 0.6045197740112994, 'f1': 0.6008648128688311}","{'accuracy': 0.6101694915254238, 'precision': 0.6086221683176015, 'recall': 0.6101694915254238, 'f1': 0.6036876728302714}","{'accuracy': 0.6299435028248588, 'precision': 0.6269881385529211, 'recall': 0.6299435028248588, 'f1': 0.6268199523945983}","{'accuracy': 0.6002824858757062, 'precision': 0.6009063886999586, 'recall': 0.6002824858757062, 'f1': 0.5963387090234159}","{'accuracy': 0.5932203389830508, 'precision': 0.5934782907770196, 'recall': 0.5932203389830508, 'f1': 0.588207417859238}","{'accuracy': 0.6228813559322034, 'precision': 0.625723636913996, 'recall': 0.6228813559322034, 'f1': 0.6175155632574237}","{'accuracy': 0.6299435028248588, 'precision': 0.6302622504515369, 'recall': 0.6299435028248588, 'f1': 0.6276356713591213}","{'accuracy': 0.6228813559322034, 'precision': 0.6217064824999785, 'recall': 0.6228813559322034, 'f1': 0.6213605588210107}","{'accuracy': 0.6181046676096181, 'precision': 0.620195198499841, 'recall': 0.6181046676096181, 'f1': 0.6153341207689709}",0.614776568455877,0.6148038562097504,0.614776568455877,0.6110725589947541,0.01249349496867189,0.012428510164054272,0.01249349496867189,0.013291749779216286
44,0.6150320250517987,2024-07-07 09:22:38.632889,2024-07-07 09:23:09.481679,0 days 00:00:30.848790,1.4643401021192732,0.8982563657201988,1.447700717649112,1.1069505703850615,0.08648271917820738,9,0,195,COMPLETE,"{'accuracy': 0.6200564971751412, 'precision': 0.6191700386159562, 'recall': 0.6200564971751412, 'f1': 0.6170742037650246}","{'accuracy': 0.6087570621468926, 'precision': 0.6094716341826818, 'recall': 0.6087570621468926, 'f1': 0.6066638940983294}","{'accuracy': 0.6101694915254238, 'precision': 0.6101982898132108, 'recall': 0.6101694915254238, 'f1': 0.6047263631797539}","{'accuracy': 0.6242937853107344, 'precision': 0.6212231950546838, 'recall': 0.6242937853107344, 'f1': 0.6212479443903702}","{'accuracy': 0.6002824858757062, 'precision': 0.6004309308344107, 'recall': 0.6002824858757062, 'f1': 0.5966491845210565}","{'accuracy': 0.6101694915254238, 'precision': 0.6109782676260723, 'recall': 0.6101694915254238, 'f1': 0.607505307380174}","{'accuracy': 0.6228813559322034, 'precision': 0.624961145579829, 'recall': 0.6228813559322034, 'f1': 0.6172788746438408}","{'accuracy': 0.6242937853107344, 'precision': 0.6252951834018525, 'recall': 0.6242937853107344, 'f1': 0.6221176990645475}","{'accuracy': 0.635593220338983, 'precision': 0.6346491672744896, 'recall': 0.635593220338983, 'f1': 0.634563048854919}","{'accuracy': 0.6237623762376238, 'precision': 0.6278783233619891, 'recall': 0.6237623762376238, 'f1': 0.6224937306199706}",0.6180259551378866,0.6184256175745176,0.6180259551378866,0.6150320250517987,0.010392175803583831,0.010424204674075486,0.010392175803583831,0.011085595179586759
45,0.21534159798293778,2024-07-07 09:23:09.482679,2024-07-07 09:23:31.714386,0 days 00:00:22.231707,1.5034625779231365,0.8898336631736078,1.537469356995845,0.47123352255027734,0.0848099168191971,10,1,187,COMPLETE,"{'accuracy': 0.3855932203389831, 'precision': 0.14868213157138754, 'recall': 0.3855932203389831, 'f1': 0.21461151713056545}","{'accuracy': 0.3855932203389831, 'precision': 0.14868213157138754, 'recall': 0.3855932203389831, 'f1': 0.21461151713056545}","{'accuracy': 0.3855932203389831, 'precision': 0.14868213157138754, 'recall': 0.3855932203389831, 'f1': 0.21461151713056545}","{'accuracy': 0.3855932203389831, 'precision': 0.14868213157138754, 'recall': 0.3855932203389831, 'f1': 0.21461151713056545}","{'accuracy': 0.3855932203389831, 'precision': 0.14868213157138754, 'recall': 0.3855932203389831, 'f1': 0.21461151713056545}","{'accuracy': 0.3870056497175141, 'precision': 0.14977337291327522, 'recall': 0.3870056497175141, 'f1': 0.2159664929177166}","{'accuracy': 0.3870056497175141, 'precision': 0.14977337291327522, 'recall': 0.3870056497175141, 'f1': 0.2159664929177166}","{'accuracy': 0.3870056497175141, 'precision': 0.14977337291327522, 'recall': 0.3870056497175141, 'f1': 0.2159664929177166}","{'accuracy': 0.3870056497175141, 'precision': 0.14977337291327522, 'recall': 0.3870056497175141, 'f1': 0.2159664929177166}","{'accuracy': 0.38755304101838756, 'precision': 0.15019735960259997, 'recall': 0.38755304101838756, 'f1': 0.2164924225056844}",0.38635417415833595,0.1492701509112639,0.38635417415833595,0.21534159798293778,0.0008185500012484544,0.0006325854541189067,0.0008185500012484544,0.000785384693793605
46,0.6140115511890669,2024-07-07 09:23:31.715388,2024-07-07 09:24:06.003782,0 days 00:00:34.288394,0.73857542217968,0.8110314688235123,0.43335919988395655,0.9305921257927023,0.11536050798482868,9,0,192,COMPLETE,"{'accuracy': 0.6299435028248588, 'precision': 0.6329214664479418, 'recall': 0.6299435028248588, 'f1': 0.629612559237643}","{'accuracy': 0.597457627118644, 'precision': 0.5995061803706158, 'recall': 0.597457627118644, 'f1': 0.5971222647619183}","{'accuracy': 0.617231638418079, 'precision': 0.6190226778761335, 'recall': 0.617231638418079, 'f1': 0.6141475413073301}","{'accuracy': 0.614406779661017, 'precision': 0.6125516564950121, 'recall': 0.614406779661017, 'f1': 0.613195569600051}","{'accuracy': 0.6016949152542372, 'precision': 0.6004109049116882, 'recall': 0.6016949152542372, 'f1': 0.5990307013446085}","{'accuracy': 0.6101694915254238, 'precision': 0.6097925683427083, 'recall': 0.6101694915254238, 'f1': 0.6084359870388354}","{'accuracy': 0.6200564971751412, 'precision': 0.6214621970003573, 'recall': 0.6200564971751412, 'f1': 0.6166598238602142}","{'accuracy': 0.6313559322033898, 'precision': 0.6290025892117401, 'recall': 0.6313559322033898, 'f1': 0.6289980685020461}","{'accuracy': 0.6214689265536724, 'precision': 0.6209977556038505, 'recall': 0.6214689265536724, 'f1': 0.6211856582381581}","{'accuracy': 0.6138613861386139, 'precision': 0.6145894346435694, 'recall': 0.6138613861386139, 'f1': 0.6117273379998648}",0.6157646696873077,0.6160257430903618,0.6157646696873076,0.6140115511890669,0.010888910120438937,0.010989011741799436,0.010888910120438937,0.010919559597498803
47,0.21534159798293778,2024-07-07 09:24:06.004782,2024-07-07 09:24:27.338239,0 days 00:00:21.333457,2.13199950610973,0.8171031586670322,0.4073667714185727,0.30337782655794543,0.12448787995182456,10,1,175,COMPLETE,"{'accuracy': 0.3855932203389831, 'precision': 0.14868213157138754, 'recall': 0.3855932203389831, 'f1': 0.21461151713056545}","{'accuracy': 0.3855932203389831, 'precision': 0.14868213157138754, 'recall': 0.3855932203389831, 'f1': 0.21461151713056545}","{'accuracy': 0.3855932203389831, 'precision': 0.14868213157138754, 'recall': 0.3855932203389831, 'f1': 0.21461151713056545}","{'accuracy': 0.3855932203389831, 'precision': 0.14868213157138754, 'recall': 0.3855932203389831, 'f1': 0.21461151713056545}","{'accuracy': 0.3855932203389831, 'precision': 0.14868213157138754, 'recall': 0.3855932203389831, 'f1': 0.21461151713056545}","{'accuracy': 0.3870056497175141, 'precision': 0.14977337291327522, 'recall': 0.3870056497175141, 'f1': 0.2159664929177166}","{'accuracy': 0.3870056497175141, 'precision': 0.14977337291327522, 'recall': 0.3870056497175141, 'f1': 0.2159664929177166}","{'accuracy': 0.3870056497175141, 'precision': 0.14977337291327522, 'recall': 0.3870056497175141, 'f1': 0.2159664929177166}","{'accuracy': 0.3870056497175141, 'precision': 0.14977337291327522, 'recall': 0.3870056497175141, 'f1': 0.2159664929177166}","{'accuracy': 0.38755304101838756, 'precision': 0.15019735960259997, 'recall': 0.38755304101838756, 'f1': 0.2164924225056844}",0.38635417415833595,0.1492701509112639,0.38635417415833595,0.21534159798293778,0.0008185500012484544,0.0006325854541189067,0.0008185500012484544,0.000785384693793605
48,0.6119308626009335,2024-07-07 09:24:27.339239,2024-07-07 09:24:48.345188,0 days 00:00:21.005949,0.6612605042876494,0.8619665470879545,1.3365539434429585,0.9835604136491543,0.11137705179745644,8,0,107,COMPLETE,"{'accuracy': 0.6285310734463276, 'precision': 0.6283605178128701, 'recall': 0.6285310734463276, 'f1': 0.6275072662404274}","{'accuracy': 0.6073446327683616, 'precision': 0.6077914404933348, 'recall': 0.6073446327683616, 'f1': 0.6060561961656016}","{'accuracy': 0.614406779661017, 'precision': 0.6146334975383274, 'recall': 0.614406779661017, 'f1': 0.6095564614250732}","{'accuracy': 0.6285310734463276, 'precision': 0.6254283741773656, 'recall': 0.6285310734463276, 'f1': 0.6241459105508214}","{'accuracy': 0.6045197740112994, 'precision': 0.603501165941267, 'recall': 0.6045197740112994, 'f1': 0.6004359637741269}","{'accuracy': 0.596045197740113, 'precision': 0.5974855700302374, 'recall': 0.596045197740113, 'f1': 0.5929279204987762}","{'accuracy': 0.6257062146892656, 'precision': 0.6258672442681891, 'recall': 0.6257062146892656, 'f1': 0.619733865363185}","{'accuracy': 0.6200564971751412, 'precision': 0.6201556162592593, 'recall': 0.6200564971751412, 'f1': 0.6174255170715918}","{'accuracy': 0.617231638418079, 'precision': 0.6161617669736861, 'recall': 0.617231638418079, 'f1': 0.6162563986664618}","{'accuracy': 0.6096181046676096, 'precision': 0.6104690584234391, 'recall': 0.6096181046676096, 'f1': 0.6052631262532695}",0.6151990986023541,0.6149854251917976,0.6151990986023541,0.6119308626009335,0.010893402294994995,0.010246326751686553,0.010893402294994995,0.010951777081171591
49,0.6088023503285609,2024-07-07 09:24:48.346186,2024-07-07 09:25:09.824851,0 days 00:00:21.478665,6.606699953553859,0.8670700743835927,1.4009308967565568,1.012800840104317,0.11104932786285242,8,0,123,COMPLETE,"{'accuracy': 0.6257062146892656, 'precision': 0.6256639153719398, 'recall': 0.6257062146892656, 'f1': 0.621699478009908}","{'accuracy': 0.6073446327683616, 'precision': 0.6077309382394128, 'recall': 0.6073446327683616, 'f1': 0.6036095186407407}","{'accuracy': 0.5918079096045198, 'precision': 0.5894357922413905, 'recall': 0.5918079096045198, 'f1': 0.5822499503234658}","{'accuracy': 0.635593220338983, 'precision': 0.6323027329730989, 'recall': 0.635593220338983, 'f1': 0.6309587627760536}","{'accuracy': 0.6059322033898306, 'precision': 0.604369535124539, 'recall': 0.6059322033898306, 'f1': 0.6019040827989732}","{'accuracy': 0.5988700564971752, 'precision': 0.5977065943508466, 'recall': 0.5988700564971752, 'f1': 0.5932454296285815}","{'accuracy': 0.6045197740112994, 'precision': 0.606480927040986, 'recall': 0.6045197740112994, 'f1': 0.5953514528651641}","{'accuracy': 0.6257062146892656, 'precision': 0.6275066928962773, 'recall': 0.6257062146892656, 'f1': 0.6204273071322557}","{'accuracy': 0.6101694915254238, 'precision': 0.607188740463088, 'recall': 0.6101694915254238, 'f1': 0.6068210345683406}","{'accuracy': 0.6364922206506365, 'precision': 0.6393507554009901, 'recall': 0.6364922206506365, 'f1': 0.6317564865421252}",0.614214193816476,0.6137736624102569,0.614214193816476,0.6088023503285609,0.015567466399223146,0.016328122623293872,0.015567466399223146,0.016752200794812128
