number,value,datetime_start,datetime_complete,duration,params_metric,params_n_neighbors,params_weights,state,fold_0,fold_1,fold_2,fold_3,fold_4,mse,rmse,mae,mdae,r2,mse_std,rmse_std,mae_std,mdae_std,r2_std
21,41.06112162334557,2024-07-10 18:51:28.575982,2024-07-10 18:51:34.231741,0 days 00:00:05.655759,cityblock,20,distance,COMPLETE,"{'mse': 1738.2765397825601, 'rmse': 41.692643713040795, 'mae': 32.08533941224732, 'mdae': 25.339324185676112, 'r2': 0.4181439098167773}","{'mse': 1674.028601419768, 'rmse': 40.91489461577248, 'mae': 31.591662841315706, 'mdae': 25.30666888087818, 'r2': 0.3898701160980105}","{'mse': 1704.06479098539, 'rmse': 41.28031965701562, 'mae': 31.963884762378807, 'mdae': 26.071230695674497, 'r2': 0.3863920667974805}","{'mse': 1656.759430439114, 'rmse': 40.70330982167315, 'mae': 31.696930961234607, 'mdae': 26.625230487546652, 'r2': 0.3980885416127301}","{'mse': 1657.6656496935109, 'rmse': 40.7144403092258, 'mae': 31.53004722373721, 'mdae': 25.595286554194146, 'r2': 0.42352061848853917}",1686.1590024640686,41.06112162334557,31.773573040182733,25.787548160793914,0.4032030505627075,34.857594493769014,0.4232220116137307,0.24066936570134043,0.5593079653118566,0.016752368191279232
22,42.14356886396915,2024-07-10 18:51:34.231741,2024-07-10 18:51:39.911772,0 days 00:00:05.680031,cityblock,55,distance,COMPLETE,"{'mse': 1840.5781755822475, 'rmse': 42.901960043595295, 'mae': 33.47695615580122, 'mdae': 26.36087707442738, 'r2': 0.38390031941935987}","{'mse': 1728.1452534285836, 'rmse': 41.57096647214957, 'mae': 32.7196737296389, 'mdae': 26.983262697505925, 'r2': 0.3701463272814395}","{'mse': 1779.3384090412903, 'rmse': 42.182204885962165, 'mae': 33.34030168210438, 'mdae': 28.480961774978994, 'r2': 0.35928717651144393}","{'mse': 1766.9652586556506, 'rmse': 42.035285875745515, 'mae': 33.36885786770779, 'mdae': 28.09089579939828, 'r2': 0.35805004865723145}","{'mse': 1766.304623803688, 'rmse': 42.027427042393256, 'mae': 33.354246540304985, 'mdae': 27.89157729558648, 'r2': 0.3857397013206809}",1776.266344102292,42.14356886396915,33.25200719511146,27.56151492837941,0.3714247146380311,40.764061011865046,0.48211449649053534,0.302441660987118,0.8675359755395812,0.01311864469457654
23,43.47024116476186,2024-07-10 18:51:39.912771,2024-07-10 18:51:45.742846,0 days 00:00:05.830075,cityblock,129,distance,COMPLETE,"{'mse': 1964.6305709529433, 'rmse': 44.324153358557716, 'mae': 34.86194594444553, 'mdae': 28.182907620609825, 'r2': 0.34237606243474594}","{'mse': 1834.6420009767908, 'rmse': 42.832721148402314, 'mae': 33.99792599148273, 'mdae': 28.787473094478273, 'r2': 0.33133166894022636}","{'mse': 1889.9341088562248, 'rmse': 43.47337241181347, 'mae': 34.72338341381398, 'mdae': 29.047848553785375, 'r2': 0.3194633393290054}","{'mse': 1878.570624891387, 'rmse': 43.34248060380701, 'mae': 34.5999127764938, 'mdae': 28.934355764404607, 'r2': 0.3175030944521827}","{'mse': 1881.6923797301745, 'rmse': 43.37847830122876, 'mae': 34.8348858807277, 'mdae': 29.66745626258546, 'r2': 0.34561178880539467}",1889.8939370815042,43.47024116476186,34.60361080139275,28.924008259172705,0.33125719079231103,46.994216243774005,0.5385979007431512,0.35406159474291365,0.5329236415494095,0.01282535999674797
24,42.42139294844229,2024-07-10 18:51:45.743846,2024-07-10 18:51:51.424298,0 days 00:00:05.680452,cityblock,67,distance,COMPLETE,"{'mse': 1854.446898308397, 'rmse': 43.06328945062601, 'mae': 33.73637343399449, 'mdae': 26.621743820663163, 'r2': 0.37925801964910466}","{'mse': 1747.5924351809963, 'rmse': 41.80421551926308, 'mae': 33.01785899616057, 'mdae': 27.405724771939784, 'r2': 0.3630584515218753}","{'mse': 1811.4213527562754, 'rmse': 42.56079596008838, 'mae': 33.68147261753166, 'mdae': 28.565393032557314, 'r2': 0.34773459418702357}","{'mse': 1795.2508213308897, 'rmse': 42.37040029703389, 'mae': 33.71649800763542, 'mdae': 28.873821117348623, 'r2': 0.347773720079675}","{'mse': 1789.9891616716138, 'rmse': 42.308263515200125, 'mae': 33.69201474599925, 'mdae': 28.085743563110427, 'r2': 0.3775030296227355}",1799.7401338496343,42.42139294844229,33.568843560264284,27.91048526112386,0.3630655630120828,38.61314159206026,0.454909556237089,0.3087509230097095,0.9087454656268587,0.015325756180635973
25,41.5835083046084,2024-07-10 18:51:51.425298,2024-07-10 18:51:57.029008,0 days 00:00:05.603710,cityblock,35,distance,COMPLETE,"{'mse': 1777.9549015571374, 'rmse': 42.16580251290301, 'mae': 32.7363032367704, 'mdae': 26.5603028242659, 'r2': 0.4048623082311521}","{'mse': 1701.3268308233453, 'rmse': 41.247143305001686, 'mae': 32.19653208462444, 'mdae': 26.47833613813448, 'r2': 0.37992078457368117}","{'mse': 1735.2340119563585, 'rmse': 41.65614014711827, 'mae': 32.68760307355724, 'mdae': 27.35356119866735, 'r2': 0.3751685022002277}","{'mse': 1710.6616495468763, 'rmse': 41.36014566641269, 'mae': 32.55866306343714, 'mdae': 27.25969016151461, 'r2': 0.3785055154247554}","{'mse': 1721.279857661962, 'rmse': 41.488309891606356, 'mae': 32.54988873192652, 'mdae': 27.065626538358273, 'r2': 0.4013977740706829}",1729.291450309136,41.5835083046084,32.54579803806315,26.943503372188125,0.38797097690009985,29.986332563638296,0.359317738394621,0.2112876284307594,0.4019511133464771,0.013999105973863037
26,41.67749022777806,2024-07-10 18:51:57.030007,2024-07-10 18:52:02.617766,0 days 00:00:05.587759,cityblock,8,uniform,COMPLETE,"{'mse': 1789.9865295051259, 'rmse': 42.30823240818654, 'mae': 31.86004064446451, 'mdae': 24.412845668124994, 'r2': 0.40083494213827986}","{'mse': 1728.689641718708, 'rmse': 41.57751365484362, 'mae': 31.71552982178169, 'mdae': 24.356109278750004, 'r2': 0.3699479151611391}","{'mse': 1747.4800104501028, 'rmse': 41.802870839813174, 'mae': 31.71345189639583, 'mdae': 23.899930558125, 'r2': 0.370758903536199}","{'mse': 1683.8182010655746, 'rmse': 41.034353913100354, 'mae': 31.33295032477896, 'mdae': 24.7136423775, 'r2': 0.3882579145520333}","{'mse': 1735.928920581207, 'rmse': 41.66448032294663, 'mae': 31.44832835782341, 'mdae': 24.67577205375001, 'r2': 0.3963033313325045}",1737.1806606641435,41.67749022777806,31.61406020904888,24.41165998725,0.3852206013440312,38.13054136922411,0.4575327551218065,0.21631630658248677,0.3263061612115976,0.014302582465118044
27,43.552932413133234,2024-07-10 18:52:02.618766,2024-07-10 18:52:08.409628,0 days 00:00:05.790862,cityblock,138,distance,COMPLETE,"{'mse': 1972.0151783355204, 'rmse': 44.40737752148308, 'mae': 34.94860113543548, 'mdae': 28.347074284520748, 'r2': 0.3399042009783968}","{'mse': 1841.0027246378258, 'rmse': 42.90690765643483, 'mae': 34.0924363622939, 'mdae': 28.65674865354978, 'r2': 0.3290133886040669}","{'mse': 1894.2257473645527, 'rmse': 43.52270381495792, 'mae': 34.79651868843761, 'mdae': 29.2258616160076, 'r2': 0.3179179852737616}","{'mse': 1885.9701421848022, 'rmse': 43.42775773839587, 'mae': 34.68437924120353, 'mdae': 28.758780958032975, 'r2': 0.31481480177455434}","{'mse': 1892.2426340994843, 'rmse': 43.49991533439444, 'mae': 34.92774012673872, 'mdae': 29.991650332432066, 'r2': 0.34194277140448937}",1897.0912853244372,43.552932413133234,34.68993511082185,28.99602316890863,0.3287186296070538,47.20941890943204,0.540096682879892,0.35066188097713713,0.6396532026129503,0.012349617022993815
28,44.29869165398337,2024-07-10 18:52:08.410629,2024-07-10 18:52:10.176924,0 days 00:00:01.766295,cosine,76,uniform,COMPLETE,"{'mse': 2023.6236380793332, 'rmse': 44.98470449029685, 'mae': 36.1085481368389, 'mdae': 29.93986398098685, 'r2': 0.32262921859229765}","{'mse': 1926.6065916386387, 'rmse': 43.89312692937972, 'mae': 35.21422593926209, 'mdae': 30.184891436315805, 'r2': 0.29781351699466274}","{'mse': 1958.3935031337903, 'rmse': 44.253739990353246, 'mae': 35.71223548713965, 'mdae': 30.49613629585526, 'r2': 0.2948121478642358}","{'mse': 1936.5830218686715, 'rmse': 44.0066247497882, 'mae': 35.47592291705605, 'mdae': 30.43747062513159, 'r2': 0.2964268139569006}","{'mse': 1967.3892768555693, 'rmse': 44.355262110098835, 'mae': 36.04003535397815, 'mdae': 31.194345317631587, 'r2': 0.31580934085008283}",1962.5192063152008,44.29869165398337,35.71019356685496,30.450541531184218,0.30549820765163593,37.87113726698205,0.425916747300478,0.3769458722334862,0.4708649851770329,0.01279968292110521
29,42.09153617884568,2024-07-10 18:52:10.177925,2024-07-10 18:52:15.851688,0 days 00:00:05.673763,cityblock,37,uniform,COMPLETE,"{'mse': 1824.7656942256858, 'rmse': 42.7172762968999, 'mae': 33.25335547915259, 'mdae': 26.647452306621624, 'r2': 0.38919325662909465}","{'mse': 1732.0251722615897, 'rmse': 41.6176065176938, 'mae': 32.59461135454931, 'mdae': 26.77756676797298, 'r2': 0.36873222096024316}","{'mse': 1782.3881563642885, 'rmse': 42.21833910002013, 'mae': 33.26696122468917, 'mdae': 28.146762386081072, 'r2': 0.358189008670905}","{'mse': 1749.0401074952915, 'rmse': 41.82152684318557, 'mae': 33.02918149945713, 'mdae': 27.482582727162146, 'r2': 0.36456237246146916}","{'mse': 1770.9731771992867, 'rmse': 42.08293213642898, 'mae': 33.26986581014724, 'mdae': 27.94535940837838, 'r2': 0.38411613822486257}",1771.8384615092284,42.09153617884568,33.08279507359909,27.39994471924324,0.37295859938931486,35.41962622598837,0.4198863152002975,0.2912049289161012,0.6737288023119455,0.013177200763049344
30,45.06742347074455,2024-07-10 18:52:15.852688,2024-07-10 18:52:21.861316,0 days 00:00:06.008628,cityblock,368,distance,COMPLETE,"{'mse': 2126.550805006583, 'rmse': 46.11454006066398, 'mae': 36.458960288778265, 'mdae': 29.4510258026065, 'r2': 0.2881762431587014}","{'mse': 1965.4785361048926, 'rmse': 44.33371782407711, 'mae': 35.44328484303092, 'mdae': 29.876515933636632, 'r2': 0.2836459364980538}","{'mse': 2026.92755586591, 'rmse': 45.02141219315438, 'mae': 36.1610541177148, 'mdae': 31.177134672606936, 'r2': 0.27013407302024417}","{'mse': 1998.9625444636713, 'rmse': 44.70975893989668, 'mae': 35.94299006697101, 'mdae': 30.299961904855486, 'r2': 0.2737639283690356}","{'mse': 2039.216815845041, 'rmse': 45.15768833593059, 'mae': 36.446284659475786, 'mdae': 31.25864785960747, 'r2': 0.29083018099369273}",2031.4272514572197,45.06742347074455,36.09051479519415,30.412657234662607,0.28131007240794553,60.27562789059984,0.6657638149177476,0.42070483432853867,0.7945137874456559,0.009014991423738112
31,44.020010896194506,2024-07-10 18:52:21.862316,2024-07-10 18:52:27.746307,0 days 00:00:05.883991,cityblock,190,distance,COMPLETE,"{'mse': 2016.986816059569, 'rmse': 44.910876367084725, 'mae': 35.39793076800484, 'mdae': 28.474923640350653, 'r2': 0.3248507726565002}","{'mse': 1872.3630162467339, 'rmse': 43.27081021019521, 'mae': 34.46618574029959, 'mdae': 29.290989873528122, 'r2': 0.31758356532491394}","{'mse': 1938.7722085941698, 'rmse': 44.03149110118995, 'mae': 35.266118650166824, 'mdae': 29.539518652258554, 'r2': 0.30187747897893613}","{'mse': 1922.100454989859, 'rmse': 43.84176610254038, 'mae': 35.06552943463683, 'mdae': 29.40373869085939, 'r2': 0.3016884245390157}","{'mse': 1939.9717765719301, 'rmse': 44.045110699962265, 'mae': 35.36778122605938, 'mdae': 30.16303528868388, 'r2': 0.3253442091204274}",1938.0388544924524,44.020010896194506,35.11270916383349,29.374441229136117,0.31426889012395864,51.972114974255234,0.5889558465723448,0.3841113298694676,0.6054100901309413,0.011805096198176447
32,41.40681958624752,2024-07-10 18:52:27.747308,2024-07-10 18:52:33.442917,0 days 00:00:05.695609,cityblock,29,distance,COMPLETE,"{'mse': 1770.5767769741742, 'rmse': 42.07822212230662, 'mae': 32.60813208345966, 'mdae': 25.672904146703477, 'r2': 0.40733199968960376}","{'mse': 1679.2202362759097, 'rmse': 40.97828981638826, 'mae': 31.918533877567494, 'mdae': 26.131286822871488, 'r2': 0.3879779312396676}","{'mse': 1722.2687339186116, 'rmse': 41.500225709249, 'mae': 32.44247929213533, 'mdae': 26.46625359634556, 'r2': 0.37983710253879666}","{'mse': 1698.3909722286878, 'rmse': 41.21153930913874, 'mae': 32.386959005808215, 'mdae': 27.237550723365313, 'r2': 0.38296353216773704}","{'mse': 1702.867980671007, 'rmse': 41.265820974154956, 'mae': 32.27529087454234, 'mdae': 26.794085283594455, 'r2': 0.40780079476558195}",1714.6649400136782,41.40681958624752,32.32627902670261,26.46041611457606,0.3931822720802774,34.80046154256979,0.4186761362127348,0.257624535641561,0.6007929304105873,0.013449138968677011
33,41.274744832352155,2024-07-10 18:52:33.443917,2024-07-10 18:52:39.032153,0 days 00:00:05.588236,cityblock,27,distance,COMPLETE,"{'mse': 1761.223644382279, 'rmse': 41.966935132104645, 'mae': 32.47661224198432, 'mdae': 26.33297962830474, 'r2': 0.4104627887420558}","{'mse': 1673.153137586219, 'rmse': 40.904194620921444, 'mae': 31.789104454617334, 'mdae': 25.76322096848827, 'r2': 0.3901891946649302}","{'mse': 1708.7670647026446, 'rmse': 41.33723581352102, 'mae': 32.28376340813249, 'mdae': 26.34448197225096, 'r2': 0.3846988492201555}","{'mse': 1685.7598774919566, 'rmse': 41.05800625325049, 'mae': 32.23147579801153, 'mdae': 27.111557668489844, 'r2': 0.3875524908990592}","{'mse': 1689.8144165663066, 'rmse': 41.10735234196319, 'mae': 32.08823276536966, 'mdae': 26.838460719766076, 'r2': 0.4123403776199346}",1703.7436281458813,41.274744832352155,32.173837733623074,26.47814019145998,0.39704874022922704,34.57746201237251,0.41693400272101255,0.2561377119150789,0.5198783962038164,0.013262002075655203
34,43.55453151671255,2024-07-10 18:52:39.032153,2024-07-10 18:52:39.908024,0 days 00:00:00.875871,euclidean,49,distance,COMPLETE,"{'mse': 1970.9826659076114, 'rmse': 44.39575053884788, 'mae': 35.02212370331231, 'mdae': 29.18246198231671, 'r2': 0.3402498155170617}","{'mse': 1836.687708286618, 'rmse': 42.8565946884096, 'mae': 33.85932250241776, 'mdae': 27.54652148541424, 'r2': 0.33058607405470064}","{'mse': 1914.869602673628, 'rmse': 43.75922305838654, 'mae': 34.78802480836153, 'mdae': 29.523090131712653, 'r2': 0.3104844455066449}","{'mse': 1881.5242090419038, 'rmse': 43.37653984634901, 'mae': 34.52527053197604, 'mdae': 29.268818366859424, 'r2': 0.31643003815273196}","{'mse': 1882.219131115699, 'rmse': 43.384549451569725, 'mae': 34.647992864817496, 'mdae': 29.158284589969945, 'r2': 0.3454286027008906}",1897.256663405092,43.55453151671255,34.568546882177024,28.935835311254596,0.32863579518640595,49.71914846532137,0.569481962823625,0.4373460358351213,0.7899758291591082,0.014992826952292699
35,43.24419644669298,2024-07-10 18:52:39.908024,2024-07-10 18:52:45.615758,0 days 00:00:05.707734,cityblock,114,distance,COMPLETE,"{'mse': 1940.9996785368905, 'rmse': 44.05677789553942, 'mae': 34.62506093414678, 'mdae': 28.224480630285168, 'r2': 0.35028606890038283}","{'mse': 1814.6365831734936, 'rmse': 42.598551421069395, 'mae': 33.78899270347355, 'mdae': 28.85939699236437, 'r2': 0.3386230038859881}","{'mse': 1868.2891662496722, 'rmse': 43.223710695053384, 'mae': 34.46169076335114, 'mdae': 29.140566139277766, 'r2': 0.327257355476369}","{'mse': 1859.2775689126547, 'rmse': 43.119341007402404, 'mae': 34.42862178487498, 'mdae': 28.67184021819629, 'r2': 0.3245123869587164}","{'mse': 1868.1932557390785, 'rmse': 43.2226012144003, 'mae': 34.67663874979577, 'mdae': 29.494673123730735, 'r2': 0.3503063221395276}",1870.279250522358,43.24419644669298,34.39620098712844,28.878191420770868,0.3381970274721969,45.350948656407965,0.5228816813869831,0.3553393211897716,0.4793646915283841,0.012246501594917199
36,44.99313456935199,2024-07-10 18:52:45.616758,2024-07-10 18:52:46.623485,0 days 00:00:01.006727,euclidean,185,distance,COMPLETE,"{'mse': 2109.065439464402, 'rmse': 45.92456248528016, 'mae': 36.33668751751751, 'mdae': 29.11611277209404, 'r2': 0.2940291475711778}","{'mse': 1962.924697441906, 'rmse': 44.30490602000986, 'mae': 35.406161411977926, 'mdae': 29.945707549682915, 'r2': 0.28457672900998043}","{'mse': 2023.8135592575602, 'rmse': 44.98681539359682, 'mae': 36.074673815673556, 'mdae': 30.96638244851922, 'r2': 0.271255376055761}","{'mse': 2008.1668730690985, 'rmse': 44.812574943525604, 'mae': 35.98796455428225, 'mdae': 30.428326917798206, 'r2': 0.2704199360231463}","{'mse': 2019.3172528613206, 'rmse': 44.93681400434749, 'mae': 36.24131326886801, 'mdae': 31.142739615291305, 'r2': 0.29775056796275645}",2024.6575644188574,44.99313456935199,36.00936011366385,30.319853860677135,0.28360635132456447,53.001911305949946,0.5867346536559537,0.3638398751064099,0.8209574676161667,0.012610147871366814
37,42.53975591949823,2024-07-10 18:52:46.624483,2024-07-10 18:52:52.302699,0 days 00:00:05.678216,cityblock,72,distance,COMPLETE,"{'mse': 1863.8695599986904, 'rmse': 43.17255563432272, 'mae': 33.81197568598976, 'mdae': 27.115056476305114, 'r2': 0.37610395701018806}","{'mse': 1757.945631069516, 'rmse': 41.927862228707966, 'mae': 33.125549530422745, 'mdae': 27.550577061610028, 'r2': 0.35928504275208495}","{'mse': 1821.3635254785534, 'rmse': 42.677435788465004, 'mae': 33.82197956045173, 'mdae': 28.42571557313583, 'r2': 0.3441545683054186}","{'mse': 1810.3678912090613, 'rmse': 42.54841819867175, 'mae': 33.88174008182436, 'mdae': 28.586324877300573, 'r2': 0.3422815904380765}","{'mse': 1795.4294127970086, 'rmse': 42.372507747323716, 'mae': 33.774921031022686, 'mdae': 28.6230742660615, 'r2': 0.3756110964668459}",1809.795204110566,42.53975591949823,33.683233177942256,28.060149650882607,0.3594872509945228,38.5776625105294,0.45328029419052374,0.31410503658802186,0.6856107254036501,0.016334473617384476
38,42.86038585397679,2024-07-10 18:52:52.303701,2024-07-10 18:52:54.055651,0 days 00:00:01.751950,cosine,30,distance,COMPLETE,"{'mse': 1903.322182167551, 'rmse': 43.627080834815786, 'mae': 34.40067110714983, 'mdae': 28.99372186564778, 'r2': 0.3628979176043289}","{'mse': 1790.1908516020262, 'rmse': 42.31064702414779, 'mae': 33.53359289722891, 'mdae': 28.30061584074626, 'r2': 0.3475326911834147}","{'mse': 1837.9176374135473, 'rmse': 42.87094164365354, 'mae': 34.09801937165542, 'mdae': 28.877645928332296, 'r2': 0.3381936832122169}","{'mse': 1816.702618931871, 'rmse': 42.62279459317363, 'mae': 33.945720674621626, 'mdae': 28.414512688418455, 'r2': 0.33998014272510824}","{'mse': 1837.8767842431384, 'rmse': 42.870465174093205, 'mae': 34.07037805535575, 'mdae': 28.911820952479076, 'r2': 0.36084935338398927}",1837.202014871627,42.86038585397679,34.00967642120231,28.699663455124778,0.3498907576218116,41.84231906343197,0.48649167497121915,0.3142896232149921,0.3176904434927217,0.011509554146358859
39,41.51283950787976,2024-07-10 18:52:54.055651,2024-07-10 18:52:59.653641,0 days 00:00:05.597990,cityblock,32,distance,COMPLETE,"{'mse': 1779.5127805370907, 'rmse': 42.18427171988502, 'mae': 32.71567170102297, 'mdae': 26.2951454435875, 'r2': 0.40434083690509515}","{'mse': 1692.1899307048425, 'rmse': 41.1362362243417, 'mae': 32.032472562886355, 'mdae': 26.54923214775289, 'r2': 0.38325089243671184}","{'mse': 1737.0836648102077, 'rmse': 41.67833567706618, 'mae': 32.64649426709916, 'mdae': 27.154982645210282, 'r2': 0.3745024702096622}","{'mse': 1696.4861098770084, 'rmse': 41.188422036744846, 'mae': 32.388447866884405, 'mdae': 27.373262076358493, 'r2': 0.38365558102833863}","{'mse': 1712.050491914794, 'rmse': 41.37693188136107, 'mae': 32.37747090086055, 'mdae': 26.95574137097639, 'r2': 0.4046074316145031}",1723.4645955687888,41.51283950787976,32.432111459750686,26.86567273677711,0.39007144243886216,35.92736839806613,0.43120697148492937,0.269708058102537,0.44019755743786715,0.013647222024937782
40,45.208210441351376,2024-07-10 18:52:59.654642,2024-07-10 18:53:00.764314,0 days 00:00:01.109672,euclidean,224,distance,COMPLETE,"{'mse': 2130.7594888727003, 'rmse': 46.1601504424834, 'mae': 36.56027251582861, 'mdae': 29.45557165863602, 'r2': 0.28676746366757233}","{'mse': 1983.9351410180884, 'rmse': 44.54138683312508, 'mae': 35.592078682237414, 'mdae': 30.381909943232067, 'r2': 0.276919094314257}","{'mse': 2039.4549129855557, 'rmse': 45.160324544732354, 'mae': 36.251452515406946, 'mdae': 30.81668020856234, 'r2': 0.26562316137454867}","{'mse': 2027.8832703923094, 'rmse': 45.032024942170985, 'mae': 36.18375778182289, 'mdae': 30.459966601276186, 'r2': 0.26325684085741585}","{'mse': 2038.2665476500354, 'rmse': 45.14716544424506, 'mae': 36.44070735974037, 'mdae': 31.145198263124286, 'r2': 0.2911606517502221}",2044.0598721837378,45.208210441351376,36.20565377100725,30.45186533496618,0.2767454423928032,53.49826524206838,0.5890467662103182,0.3741844440395864,0.6346969588136602,0.012388672574871027
41,41.467347925648646,2024-07-10 18:53:00.765314,2024-07-10 18:53:06.324595,0 days 00:00:05.559281,cityblock,21,uniform,COMPLETE,"{'mse': 1767.315062524985, 'rmse': 42.039446505930414, 'mae': 32.416745272192394, 'mdae': 26.208177508809516, 'r2': 0.4084237985911391}","{'mse': 1712.78336197115, 'rmse': 41.38578695604507, 'mae': 32.0396091504401, 'mdae': 25.820162631666662, 'r2': 0.3757452453904191}","{'mse': 1731.3231018119423, 'rmse': 41.60917088589897, 'mae': 32.342714152279086, 'mdae': 26.01500131111904, 'r2': 0.376576761735517}","{'mse': 1696.8742095998562, 'rmse': 41.19313303937752, 'mae': 32.290515549783464, 'mdae': 27.099490762523807, 'r2': 0.3835145818791037}","{'mse': 1689.966508890721, 'rmse': 41.10920224099126, 'mae': 32.037624270068314, 'mdae': 26.779340606190477, 'r2': 0.4122874851146653}",1719.652448959731,41.467347925648646,32.22544167895267,26.3844345640619,0.3913095745421688,31.045194684688592,0.37333793829071593,0.1763473944979314,0.5369372497470475,0.017699120193833788
