number,value,datetime_start,datetime_complete,duration,params_max_depth,params_max_features,params_min_samples_leaf,params_min_samples_split,params_n_estimators,state,fold_0,fold_1,fold_2,fold_3,fold_4,mse,rmse,mae,mdae,r2,mse_std,rmse_std,mae_std,mdae_std,r2_std
21,39.0744342256009,2024-07-10 21:11:00.057583,2024-07-10 21:11:11.376362,0 days 00:00:11.318779,10,0.788474586944839,3,17,235,COMPLETE,"{'mse': 1588.2801433185791, 'rmse': 39.853232532864624, 'mae': 30.21371378421476, 'mdae': 23.282862503924342, 'r2': 0.46835244383923036}","{'mse': 1490.8215448436733, 'rmse': 38.61115829450954, 'mae': 29.672517338256522, 'mdae': 23.290971632779133, 'r2': 0.4566432286147234}","{'mse': 1534.1880373670447, 'rmse': 39.168712480333646, 'mae': 30.08766360721301, 'mdae': 23.783308604749422, 'r2': 0.44756211399188917}","{'mse': 1511.5978937909733, 'rmse': 38.87927331871023, 'mae': 29.756215199580428, 'mdae': 23.320475304189642, 'r2': 0.45082667040820734}","{'mse': 1510.0836287055297, 'rmse': 38.859794501586464, 'mae': 29.53272419063395, 'mdae': 22.541224144000523, 'r2': 0.4748445945853431}",1526.9942496051601,39.0744342256009,29.852566823979735,23.243768437928612,0.45964581028787865,37.547279501800396,0.478068450052981,0.28709684224699245,0.44562105747925185,0.011614828378125766
22,39.08314355678645,2024-07-10 21:11:11.377361,2024-07-10 21:11:15.393698,0 days 00:00:04.016337,10,0.7916478106609857,3,17,76,COMPLETE,"{'mse': 1592.3974464681799, 'rmse': 39.90485492353255, 'mae': 30.229956949730298, 'mdae': 23.198741623207564, 'r2': 0.4669742523616962}","{'mse': 1495.4624161427344, 'rmse': 38.67120913732507, 'mae': 29.72191622455776, 'mdae': 23.82466322552589, 'r2': 0.45495177945758314}","{'mse': 1530.2537017229333, 'rmse': 39.11845730244143, 'mae': 30.047463808134886, 'mdae': 23.78821596291399, 'r2': 0.4489788086949774}","{'mse': 1507.3570336015805, 'rmse': 38.82469618170347, 'mae': 29.689696105898335, 'mdae': 23.413481529723576, 'r2': 0.4523674024508416}","{'mse': 1512.9377308370651, 'rmse': 38.89650023892979, 'mae': 29.542215256386786, 'mdae': 22.404063964384207, 'r2': 0.47385203554193034}",1527.6816657544985,39.08314355678645,29.846249668941613,23.325833261151043,0.45942485570140573,38.28610053580253,0.4867692909882281,0.28289713442035486,0.5779537689402069,0.010536518205895896
23,39.28249348791615,2024-07-10 21:11:15.394696,2024-07-10 21:11:18.092082,0 days 00:00:02.697386,9,0.7709378082447647,4,17,53,COMPLETE,"{'mse': 1597.6487873330545, 'rmse': 39.97059903645496, 'mae': 30.400809311105505, 'mdae': 23.50182740313923, 'r2': 0.46521646262345495}","{'mse': 1504.476170865236, 'rmse': 38.7875775328292, 'mae': 29.951160793622556, 'mdae': 23.7492299373323, 'r2': 0.45166655415277246}","{'mse': 1543.2865627768047, 'rmse': 39.284686110198265, 'mae': 30.42215791048716, 'mdae': 24.458806977851793, 'r2': 0.44428587273544895}","{'mse': 1538.7495064169236, 'rmse': 39.22689774143405, 'mae': 30.184142774924155, 'mdae': 24.01830814970713, 'r2': 0.44096231324627444}","{'mse': 1532.1515127489909, 'rmse': 39.14270701866429, 'mae': 29.906710419778648, 'mdae': 22.936478641745154, 'r2': 0.46717013975967103}",1543.2625080282019,39.28249348791615,30.172996241983604,23.732930221955122,0.45386026850352434,33.93401429765452,0.4304262422688723,0.24198330622572303,0.5692861625764518,0.011926383615111514
24,40.04729473542323,2024-07-10 21:11:18.093084,2024-07-10 21:11:21.362507,0 days 00:00:03.269423,7,0.6884979853831892,8,16,86,COMPLETE,"{'mse': 1652.778718880027, 'rmse': 40.65438129992913, 'mae': 31.213573756369996, 'mdae': 24.692134282113493, 'r2': 0.44676273234069863}","{'mse': 1574.7555420076626, 'rmse': 39.68318966524318, 'mae': 31.015244577527795, 'mdae': 25.62434545001573, 'r2': 0.4260519711525378}","{'mse': 1604.0693805108986, 'rmse': 40.050834953979404, 'mae': 31.3093836334727, 'mdae': 25.672140498383, 'r2': 0.4223989002674152}","{'mse': 1597.7210729194207, 'rmse': 39.97150326069087, 'mae': 31.15611692913695, 'mdae': 24.506525178123695, 'r2': 0.4195375602346124}","{'mse': 1590.1403961052183, 'rmse': 39.87656449727356, 'mae': 30.852912475957336, 'mdae': 24.94133330476523, 'r2': 0.44700359072252416}",1603.8930220846455,40.04729473542323,31.109446274492957,25.087295742680233,0.4323509509435577,29.43663905972115,0.366071131729398,0.17866111741574953,0.5350742561263869,0.013465722558216084
25,39.05891911554753,2024-07-10 21:11:21.363507,2024-07-10 21:11:28.303980,0 days 00:00:06.940473,10,0.7567817729133989,3,13,148,COMPLETE,"{'mse': 1588.7704675818713, 'rmse': 39.859383682915514, 'mae': 30.19727760026194, 'mdae': 22.936554193091858, 'r2': 0.46818831681327566}","{'mse': 1489.206986564238, 'rmse': 38.59024470723447, 'mae': 29.669066071371287, 'mdae': 23.44197914429997, 'r2': 0.457231683468332}","{'mse': 1533.4085451854962, 'rmse': 39.158760771831076, 'mae': 30.100269359309255, 'mdae': 23.88074024431739, 'r2': 0.4478427973256437}","{'mse': 1507.8814182943568, 'rmse': 38.83144883073972, 'mae': 29.6884671317802, 'mdae': 23.19839691399403, 'r2': 0.4521768900871357}","{'mse': 1509.6921869904286, 'rmse': 38.854757585016905, 'mae': 29.509706799664666, 'mdae': 22.26444483415426, 'r2': 0.4749807246172715}",1525.7919209232782,39.05891911554753,29.83295739247747,23.144423065971502,0.4600840824623317,38.54463407390463,0.49086460505107926,0.29850194628164556,0.602326103521232,0.011270509027816537
26,39.25597316067306,2024-07-10 21:11:28.304981,2024-07-10 21:11:35.354630,0 days 00:00:07.049649,9,0.7417251104979335,6,13,165,COMPLETE,"{'mse': 1597.4935703110943, 'rmse': 39.96865734936682, 'mae': 30.473658404798275, 'mdae': 23.625452718546875, 'r2': 0.46526841866581115}","{'mse': 1501.8347722440017, 'rmse': 38.75351303100148, 'mae': 29.931508376994458, 'mdae': 24.045918162254026, 'r2': 0.45262925946900534}","{'mse': 1551.4883033629292, 'rmse': 39.388936306568745, 'mae': 30.449745821299867, 'mdae': 24.444850132456743, 'r2': 0.4413325501174722}","{'mse': 1526.7749513686294, 'rmse': 39.07396769421592, 'mae': 30.091016752613367, 'mdae': 24.153311950041843, 'r2': 0.44531274684588706}","{'mse': 1528.4027163462836, 'rmse': 39.09479142221229, 'mae': 29.848022175298212, 'mdae': 23.081478058900196, 'r2': 0.46847384285084914}",1541.1988627265878,39.25597316067306,30.158790306200835,23.870202204439938,0.454603363589805,36.04264450343347,0.45748488377313024,0.2900966185494354,0.5299140391756054,0.011963075811480055
27,40.10683309825897,2024-07-10 21:11:35.355631,2024-07-10 21:11:46.115142,0 days 00:00:10.759511,7,0.6704413157943573,15,7,292,COMPLETE,"{'mse': 1660.0927487699798, 'rmse': 40.744235773542, 'mae': 31.376313202098235, 'mdae': 24.916888437101115, 'r2': 0.4443144954014925}","{'mse': 1572.5410973405992, 'rmse': 39.655278303658385, 'mae': 30.9685096603149, 'mdae': 25.56255438246422, 'r2': 0.4268590654079626}","{'mse': 1603.9353028146063, 'rmse': 40.04916107504134, 'mae': 31.33232399178917, 'mdae': 25.905525391294027, 'r2': 0.4224471796160326}","{'mse': 1609.2952136435779, 'rmse': 40.1160219070084, 'mae': 31.295576482628345, 'mdae': 24.615106839246565, 'r2': 0.41533259975884174}","{'mse': 1597.5584067402167, 'rmse': 39.969468432044685, 'mae': 31.017451023979206, 'mdae': 25.21864216143944, 'r2': 0.44442386049544247}",1608.6845538617958,40.10683309825897,31.198034872161976,25.243743442309075,0.43067544013595443,31.999497627567557,0.39763785376179706,0.19014694675791144,0.5104517633933922,0.013159736215092846
28,39.55289070161548,2024-07-10 21:11:46.116141,2024-07-10 21:11:56.833532,0 days 00:00:10.717391,8,0.7586762826070335,9,9,250,COMPLETE,"{'mse': 1618.5359449336304, 'rmse': 40.23103211370086, 'mae': 30.77761864119964, 'mdae': 24.116878984837232, 'r2': 0.4582248709069654}","{'mse': 1527.2738150220666, 'rmse': 39.080350753570094, 'mae': 30.29991781449366, 'mdae': 24.51596673234663, 'r2': 0.4433575420063558}","{'mse': 1569.106723992108, 'rmse': 39.61195178215923, 'mae': 30.780726032830078, 'mdae': 24.832431519997897, 'r2': 0.4349884235761853}","{'mse': 1554.3514279436063, 'rmse': 39.42526382845911, 'mae': 30.53798165991056, 'mdae': 24.30911980866181, 'r2': 0.435294033852639}","{'mse': 1553.6096277608049, 'rmse': 39.415855030188105, 'mae': 30.30466977195663, 'mdae': 23.993634742226902, 'r2': 0.45970774173465356}",1564.575507930443,39.55289070161548,30.540182784078116,24.353606357614094,0.4463145224153598,33.72113326192998,0.4247721102291534,0.23845089651893608,0.33287869162772665,0.012038585269262743
29,39.082440126295275,2024-07-10 21:11:56.834531,2024-07-10 21:12:06.555001,0 days 00:00:09.720470,10,0.8149271154876797,3,15,183,COMPLETE,"{'mse': 1583.5343436457504, 'rmse': 39.79364702619942, 'mae': 30.150097118068445, 'mdae': 22.908262194294046, 'r2': 0.4699410129645838}","{'mse': 1496.5931579476278, 'rmse': 38.68582631853206, 'mae': 29.730256917095026, 'mdae': 23.503615461220075, 'r2': 0.45453966023479475}","{'mse': 1536.3584992368615, 'rmse': 39.19640926458521, 'mae': 30.110633786905606, 'mdae': 24.00165068264186, 'r2': 0.44678056353143814}","{'mse': 1513.769377782567, 'rmse': 38.90718928144986, 'mae': 29.760640810147276, 'mdae': 23.392479179670094, 'r2': 0.45003775617465547}","{'mse': 1507.7012387626162, 'rmse': 38.829128740709805, 'mae': 29.55431373679766, 'mdae': 22.434062530117075, 'r2': 0.4756731082732897}",1527.5913234750847,39.082440126295275,29.861188473802805,23.248014009588626,0.45939442023575233,34.474747262732365,0.4390291129721696,0.2584164170388797,0.5983558367191313,0.012712705656029657
30,38.99321759557726,2024-07-10 21:12:06.556016,2024-07-10 21:12:14.825848,0 days 00:00:08.269832,10,0.9113886279783066,5,14,147,COMPLETE,"{'mse': 1585.0785839025098, 'rmse': 39.813045398493564, 'mae': 30.089297874259994, 'mdae': 22.630270496869812, 'r2': 0.4694241069501853}","{'mse': 1484.0305231347604, 'rmse': 38.52311673702896, 'mae': 29.512012187899746, 'mdae': 22.91446133266953, 'r2': 0.4591183388268911}","{'mse': 1532.6847764151626, 'rmse': 39.14951821434285, 'mae': 29.97474521495593, 'mdae': 23.521897086734143, 'r2': 0.4481034155026229}","{'mse': 1500.7334404852943, 'rmse': 38.739300980855276, 'mae': 29.618919049692533, 'mdae': 23.3679608959198, 'r2': 0.4547737968368576}","{'mse': 1500.873344247064, 'rmse': 38.74110664716567, 'mae': 29.350314423716995, 'mdae': 22.14045394142194, 'r2': 0.47804761630998494}",1520.6801336369583,38.99321759557726,29.70905775010504,22.915008750723043,0.4618934548853084,40.07694246203818,0.5112670301832972,0.3125784278069602,0.5600201835001236,0.011897727071770007
31,39.043242824325596,2024-07-10 21:12:14.826848,2024-07-10 21:12:21.926666,0 days 00:00:07.099818,10,0.7670882505366553,5,13,154,COMPLETE,"{'mse': 1584.4392939286258, 'rmse': 39.805015939308774, 'mae': 30.127510818943914, 'mdae': 23.164227884485832, 'r2': 0.46963809750702956}","{'mse': 1489.5696275357786, 'rmse': 38.59494303060673, 'mae': 29.65877509053466, 'mdae': 23.10857513515162, 'r2': 0.4570995124327375}","{'mse': 1536.2091824917466, 'rmse': 39.194504493509626, 'mae': 30.153061826780263, 'mdae': 23.852600929942085, 'r2': 0.44683433023083063}","{'mse': 1506.2617893346437, 'rmse': 38.810588623913496, 'mae': 29.763770884664545, 'mdae': 23.376580213059825, 'r2': 0.4527653118044208}","{'mse': 1506.3062984518638, 'rmse': 38.81116203428936, 'mae': 29.447520207418865, 'mdae': 22.390950943656946, 'r2': 0.4761582207733507}",1524.5572383485317,39.043242824325596,29.830127765668454,23.17858702125926,0.46049909454967386,37.4619191811175,0.47753024678996225,0.3053181155628452,0.5289079534387953,0.012112224683699704
32,39.111127910890374,2024-07-10 21:12:21.927665,2024-07-10 21:12:28.857922,0 days 00:00:06.930257,9,0.901527147877358,6,13,140,COMPLETE,"{'mse': 1591.8084602406107, 'rmse': 39.897474359169784, 'mae': 30.284509028355696, 'mdae': 23.353352952725324, 'r2': 0.4671714046649701}","{'mse': 1491.1375581259658, 'rmse': 38.6152503310022, 'mae': 29.751875311946044, 'mdae': 23.317894615763876, 'r2': 0.4565280518805428}","{'mse': 1536.4369864255734, 'rmse': 39.19741045561012, 'mae': 30.19991775741817, 'mdae': 23.876308552040463, 'r2': 0.4467523014830094}","{'mse': 1516.344121808659, 'rmse': 38.94026350461254, 'mae': 29.955732515382728, 'mdae': 23.385977125396572, 'r2': 0.4491023349522103}","{'mse': 1513.6177698027286, 'rmse': 38.90524090405724, 'mae': 29.645368682153418, 'mdae': 22.575627512048996, 'r2': 0.4736155412631221}",1529.8689792807077,39.111127910890374,29.967480659051212,23.301832151595047,0.4586339268487709,38.166688955290454,0.48560892017036067,0.276095002617809,0.46566862828820443,0.011552015762617864
33,39.05374921163468,2024-07-10 21:12:28.858927,2024-07-10 21:12:34.249352,0 days 00:00:05.390425,10,0.7538750625758561,5,9,114,COMPLETE,"{'mse': 1582.0151935969684, 'rmse': 39.77455459960512, 'mae': 30.121092558640782, 'mdae': 22.681471010565105, 'r2': 0.47044952049348165}","{'mse': 1489.8400840345569, 'rmse': 38.598446653130445, 'mae': 29.66729401046226, 'mdae': 23.434799470441355, 'r2': 0.45700093968908184}","{'mse': 1533.6363219995246, 'rmse': 39.16166904001315, 'mae': 30.113126936736418, 'mdae': 23.765771582705554, 'r2': 0.44776077834325123}","{'mse': 1512.4384323351169, 'rmse': 38.8900814133259, 'mae': 29.806132726723032, 'mdae': 23.509309235709214, 'r2': 0.45052129729751855}","{'mse': 1508.8558972258804, 'rmse': 38.84399435209876, 'mae': 29.48128449326331, 'mdae': 22.05698470776278, 'r2': 0.47527155757645123}",1525.3571858384096,39.05374921163468,29.83778614516516,23.089667201436804,0.46020081867995694,35.28216680293762,0.44980322524608757,0.2798383507146935,0.704519360520043,0.012153703376718571
34,39.038100818101896,2024-07-10 21:12:34.250350,2024-07-10 21:12:39.710717,0 days 00:00:05.460367,10,0.8786573830716805,5,9,102,COMPLETE,"{'mse': 1576.2430913370536, 'rmse': 39.70192805566316, 'mae': 30.009575235505864, 'mdae': 22.813048902297027, 'r2': 0.4723816255275356}","{'mse': 1491.496144231966, 'rmse': 38.61989311523228, 'mae': 29.651699946127312, 'mdae': 23.28452557660614, 'r2': 0.4563973587137491}","{'mse': 1535.3735128706842, 'rmse': 39.18384249752293, 'mae': 30.030456277287364, 'mdae': 23.369368234103835, 'r2': 0.4471352422100775}","{'mse': 1508.844869225678, 'rmse': 38.843852399391054, 'mae': 29.650734655720882, 'mdae': 22.953237296267417, 'r2': 0.4518268621081174}","{'mse': 1508.6223505795285, 'rmse': 38.840988022700046, 'mae': 29.448280313421865, 'mdae': 21.995082721970142, 'r2': 0.4753527771072221}",1524.115993648982,39.038100818101896,29.75814928561266,22.883052546248912,0.4606187731333403,33.095622237364005,0.4223123321284136,0.25310780831142937,0.5468090069872188,0.012573575614020303
35,39.12935574246042,2024-07-10 21:12:39.711713,2024-07-10 21:12:45.119257,0 days 00:00:05.407544,9,0.9438245048353373,8,9,98,COMPLETE,"{'mse': 1575.4819203908798, 'rmse': 39.692340827808074, 'mae': 30.17240560660879, 'mdae': 23.189830128304624, 'r2': 0.4726364134974389}","{'mse': 1494.0929460860382, 'rmse': 38.653498497368105, 'mae': 29.78209509204561, 'mdae': 23.49350912943555, 'r2': 0.4554509074927856}","{'mse': 1543.2201911352126, 'rmse': 39.28384134902304, 'mae': 30.32007686253552, 'mdae': 24.085196633694917, 'r2': 0.4443097721587784}","{'mse': 1522.1621959712554, 'rmse': 39.01489710317401, 'mae': 29.957055406307493, 'mdae': 23.84314788650006, 'r2': 0.4469885908322897}","{'mse': 1521.1716777685667, 'rmse': 39.00220093492887, 'mae': 29.74419367291519, 'mdae': 22.829283785101836, 'r2': 0.4709885505952839}",1531.2257862703907,39.12935574246042,29.99516532808252,23.4881935126074,0.45807484691531536,30.267774705062486,0.3861758834557955,0.24840475280911237,0.5014021160730406,0.013210510769310069
36,38.97918122679063,2024-07-10 21:12:45.120255,2024-07-10 21:12:51.284794,0 days 00:00:06.164539,10,0.8911064118152203,10,12,118,COMPLETE,"{'mse': 1573.4108881292073, 'rmse': 39.66624368564797, 'mae': 30.06772363987221, 'mdae': 22.48522656145691, 'r2': 0.47332965344335165}","{'mse': 1483.9664362181522, 'rmse': 38.522284929870814, 'mae': 29.6086424010314, 'mdae': 23.457424270881575, 'r2': 0.4591416964582701}","{'mse': 1533.8016875899445, 'rmse': 39.16378030259521, 'mae': 30.090215531982814, 'mdae': 23.8848050686643, 'r2': 0.4477012326976295}","{'mse': 1500.7084788546676, 'rmse': 38.73897880500553, 'mae': 29.640657390233955, 'mdae': 23.223262799462702, 'r2': 0.45478286555933967}","{'mse': 1505.7984100104109, 'rmse': 38.80461841083366, 'mae': 29.49642855393372, 'mdae': 22.31932914397818, 'r2': 0.47633484699146633}",1519.5371801604767,38.97918122679063,29.78073350341082,23.074009568888734,0.4622580590300115,35.051405839194004,0.44806674933660606,0.2775826155098887,0.6600910309534914,0.012229345732079453
37,39.42059138097305,2024-07-10 21:12:51.285794,2024-07-10 21:12:54.633036,0 days 00:00:03.347242,8,0.8945696973537096,16,10,71,COMPLETE,"{'mse': 1602.1966586992503, 'rmse': 40.02744881577204, 'mae': 30.609536159041017, 'mdae': 23.90182236529492, 'r2': 0.4636941463571824}","{'mse': 1516.6058362760723, 'rmse': 38.94362382054439, 'mae': 30.157736254559392, 'mdae': 24.252145943252934, 'r2': 0.4472456790598339}","{'mse': 1559.34484413583, 'rmse': 39.48854066860195, 'mae': 30.523033292585513, 'mdae': 24.80857294095849, 'r2': 0.4385035287262179}","{'mse': 1552.3608044730693, 'rmse': 39.40001020904778, 'mae': 30.538742515934157, 'mdae': 24.36043897329713, 'r2': 0.4360172402845669}","{'mse': 1540.039215629257, 'rmse': 39.24333339089911, 'mae': 30.067524462833102, 'mdae': 23.77695335051095, 'r2': 0.4644270666442919}",1554.1094718426957,39.42059138097305,30.379314536990638,24.219986714662884,0.44997753221441866,31.413927209998853,0.39756605905315423,0.24768141938163465,0.4076462662911289,0.01351795174253205
38,39.06988557585131,2024-07-10 21:12:54.634035,2024-07-10 21:13:01.501505,0 days 00:00:06.867470,9,0.9823678539896625,10,12,131,COMPLETE,"{'mse': 1581.1435609862315, 'rmse': 39.76359592625183, 'mae': 30.195318041530747, 'mdae': 23.159264047252606, 'r2': 0.4707412834732795}","{'mse': 1490.2752778175034, 'rmse': 38.60408369353563, 'mae': 29.725377367875495, 'mdae': 23.56538008415352, 'r2': 0.45684232547422376}","{'mse': 1534.0672185581304, 'rmse': 39.16717016275404, 'mae': 30.12720139582083, 'mdae': 23.955844143721855, 'r2': 0.44760561901588947}","{'mse': 1514.7952947531319, 'rmse': 38.920371205233025, 'mae': 29.973250678537177, 'mdae': 24.12581787334699, 'r2': 0.4496650338779892}","{'mse': 1512.7593297174083, 'rmse': 38.89420689148203, 'mae': 29.63619983186985, 'mdae': 22.674588369434634, 'r2': 0.4739140773458006}",1526.6081363664812,39.06988557585131,29.93146946312682,23.496178903581917,0.45975366783743654,34.2095006121244,0.4361442656488747,0.24460725593836186,0.5918295351805387,0.012032003516661624
39,41.00711103893898,2024-07-10 21:13:01.502507,2024-07-10 21:13:03.625653,0 days 00:00:02.123146,5,0.9372691571661288,11,8,50,COMPLETE,"{'mse': 1750.2107852278061, 'rmse': 41.835520616191765, 'mae': 32.43863662151284, 'mdae': 26.530493357978912, 'r2': 0.41414914072501563}","{'mse': 1646.784486885662, 'rmse': 40.58059249056946, 'mae': 31.85460968491455, 'mdae': 26.528132113341126, 'r2': 0.399799724483201}","{'mse': 1666.324129820693, 'rmse': 40.82063362835875, 'mae': 32.131386973985116, 'mdae': 27.11865737160006, 'r2': 0.3999819075227119}","{'mse': 1685.2931413171727, 'rmse': 41.052321996656566, 'mae': 32.16478930525609, 'mdae': 26.260647608618335, 'r2': 0.38772205918186753}","{'mse': 1660.2761590727885, 'rmse': 40.74648646291835, 'mae': 31.84218965286431, 'mdae': 26.43051713625679, 'r2': 0.42261277266771635}",1681.7777404648245,41.00711103893898,32.086322447706586,26.573689517559046,0.4048531209161025,40.68506955579424,0.4931844291864266,0.2477926362331047,0.32381511497327464,0.013643313620602634
40,44.665568935993996,2024-07-10 21:13:03.626655,2024-07-10 21:13:05.737556,0 days 00:00:02.110901,2,0.8550298247716153,13,12,117,COMPLETE,"{'mse': 2082.555526819768, 'rmse': 45.6350252198875, 'mae': 36.349783285981424, 'mdae': 29.738470082548123, 'r2': 0.30290285308896325}","{'mse': 1950.0551588415556, 'rmse': 44.15942887811793, 'mae': 35.53609552871519, 'mdae': 30.351401633750385, 'r2': 0.2892672642167532}","{'mse': 1977.0700465475056, 'rmse': 44.46425583035778, 'mae': 35.98301619082965, 'mdae': 30.41085342995298, 'r2': 0.2880870073272789}","{'mse': 1976.1211457075096, 'rmse': 44.4535841716673, 'mae': 35.76318940131887, 'mdae': 29.8629234417135, 'r2': 0.2820623568459343}","{'mse': 1990.5473535511367, 'rmse': 44.615550579939466, 'mae': 36.22328940114412, 'mdae': 31.484940165928563, 'r2': 0.30775575433043456}",1995.2698462934954,44.665568935993996,35.97107476159785,30.36971775077871,0.2940150471618729,50.94939982212412,0.5665663216511675,0.3315110196629405,0.6893951606017102,0.010820698136592437
41,38.98520182587798,2024-07-10 21:13:05.738556,2024-07-10 21:13:15.548204,0 days 00:00:09.809648,10,0.8815188526127675,7,15,190,COMPLETE,"{'mse': 1577.7950180938926, 'rmse': 39.72146797506221, 'mae': 30.057246924367114, 'mdae': 22.850464651428595, 'r2': 0.47186214659865466}","{'mse': 1480.0680679842364, 'rmse': 38.47165278467038, 'mae': 29.485019599189684, 'mdae': 22.920774673520192, 'r2': 0.4605625269960214}","{'mse': 1533.3159605620654, 'rmse': 39.157578583999104, 'mae': 30.020403283510355, 'mdae': 23.758683780700302, 'r2': 0.4478761356468919}","{'mse': 1504.8233065998693, 'rmse': 38.79205210606767, 'mae': 29.6777647067204, 'mdae': 23.35759132368615, 'r2': 0.4532879219220064}","{'mse': 1504.1410762415192, 'rmse': 38.78325767959055, 'mae': 29.355229596090705, 'mdae': 21.89835579563254, 'r2': 0.47691121095619304}",1520.0286858963166,38.98520182587798,29.71913282197565,22.957174044993558,0.46209998842395344,37.39642859823335,0.4779180001273042,0.313859410039667,0.6958016505454098,0.012216856557928944
