number,value,datetime_start,datetime_complete,duration,params_max_depth,params_max_features,params_min_samples_leaf,params_min_samples_split,params_n_estimators,state,fold_0,fold_1,fold_2,fold_3,fold_4,mse,rmse,mae,mdae,r2,mse_std,rmse_std,mae_std,mdae_std,r2_std
42,38.94622779990742,2024-07-10 21:13:15.549204,2024-07-10 21:13:25.571841,0 days 00:00:10.022637,10,0.8843246462974628,9,15,200,COMPLETE,"{'mse': 1579.7417958882022, 'rmse': 39.74596578129914, 'mae': 30.122707395804042, 'mdae': 22.962487649109967, 'r2': 0.4712104985496083}","{'mse': 1484.8196953901393, 'rmse': 38.53335821583864, 'mae': 29.572713288494967, 'mdae': 23.252743517126866, 'r2': 0.45883071078030657}","{'mse': 1522.9219830739612, 'rmse': 39.02463302933112, 'mae': 29.963644954934736, 'mdae': 23.739102293565, 'r2': 0.4516188495847471}","{'mse': 1496.2095841570313, 'rmse': 38.680868451432566, 'mae': 29.605228534975033, 'mdae': 23.176229218165464, 'r2': 0.4564173432142321}","{'mse': 1501.2768115168822, 'rmse': 38.74631352163561, 'mae': 29.43067680554677, 'mdae': 21.945104356176316, 'r2': 0.47790730420168503}",1516.9939740052432,38.94622779990742,29.738994195951108,23.01513340682872,0.4631969412661158,37.704889288475194,0.4812927422085634,0.29082038645865355,0.6622452564862541,0.010950924657471616
43,38.970226130687394,2024-07-10 21:13:25.572864,2024-07-10 21:13:35.148578,0 days 00:00:09.575714,10,0.8896354760337155,9,15,190,COMPLETE,"{'mse': 1577.8525571114076, 'rmse': 39.722192249565076, 'mae': 30.06792971256462, 'mdae': 22.73120461563952, 'r2': 0.47184288647116757}","{'mse': 1482.4837108918355, 'rmse': 38.50303508675434, 'mae': 29.557119659970997, 'mdae': 23.440043392663462, 'r2': 0.45968210241694785}","{'mse': 1526.0610024187667, 'rmse': 39.06483076142487, 'mae': 29.97743837158644, 'mdae': 23.833408309310922, 'r2': 0.45048853624065455}","{'mse': 1501.2871991911472, 'rmse': 38.74644756866295, 'mae': 29.68004431431879, 'mdae': 23.400833840230955, 'r2': 0.45457261270347604}","{'mse': 1506.5751128837533, 'rmse': 38.81462498702974, 'mae': 29.455164674987454, 'mdae': 22.233067536827463, 'r2': 0.476064736313764}",1518.851916499382,38.970226130687394,29.74753934668566,23.127711538934467,0.46253017482920206,36.45179039728422,0.4655531957675448,0.2654250051011268,0.6379185960539758,0.011026630537625906
44,39.15705378830413,2024-07-10 21:13:35.149580,2024-07-10 21:13:45.233766,0 days 00:00:10.084186,9,0.9620664115902872,10,15,194,COMPLETE,"{'mse': 1584.0350662333842, 'rmse': 39.79993801795908, 'mae': 30.265925021034953, 'mdae': 23.202278069931857, 'r2': 0.4697734052908684}","{'mse': 1496.4070135144211, 'rmse': 38.68342039575121, 'mae': 29.792112337299677, 'mdae': 23.58660036829326, 'r2': 0.45460750392714566}","{'mse': 1542.9863553440073, 'rmse': 39.280865002492085, 'mae': 30.238458110363297, 'mdae': 23.94516114812169, 'r2': 0.4443939728871248}","{'mse': 1522.5817393264813, 'rmse': 39.02027343992455, 'mae': 30.01658817931092, 'mdae': 23.729975884183368, 'r2': 0.4468361680072488}","{'mse': 1521.0602232568247, 'rmse': 39.000772085393706, 'mae': 29.726538367875953, 'mdae': 22.67589921825426, 'r2': 0.4710273106600821}",1533.4140795350236,39.15705378830413,30.007924403176958,23.427982937756887,0.45732767215449394,32.76275726060035,0.4171602732782506,0.24775901528588262,0.5001012744280586,0.012523257560246909
45,38.955087139297966,2024-07-10 21:13:45.233766,2024-07-10 21:14:01.622383,0 days 00:00:16.388617,10,0.9975585978275582,12,14,304,COMPLETE,"{'mse': 1569.608932779262, 'rmse': 39.61829038183326, 'mae': 30.023223769171057, 'mdae': 22.604285183194726, 'r2': 0.47460228804684634}","{'mse': 1481.7828945037577, 'rmse': 38.493933216855844, 'mae': 29.53903113242609, 'mdae': 23.184698765443155, 'r2': 0.4599375275758322}","{'mse': 1526.5992909748943, 'rmse': 39.07171983640974, 'mae': 29.9695407649795, 'mdae': 24.077405568528285, 'r2': 0.45029470668080496}","{'mse': 1500.23241390369, 'rmse': 38.7328337964535, 'mae': 29.680251133711238, 'mdae': 23.366873845713318, 'r2': 0.4549558230471108}","{'mse': 1509.9953376946582, 'rmse': 38.85865846493749, 'mae': 29.520816306669158, 'mdae': 22.537080777574758, 'r2': 0.4748752991772791}",1517.6437739712524,38.955087139297966,29.746572621391408,23.15406882809085,0.4629331289055747,33.27249512662743,0.4256758463822888,0.23700663156858137,0.6288305048866599,0.011304041957199376
46,39.03810545601636,2024-07-10 21:14:01.623382,2024-07-10 21:14:15.925876,0 days 00:00:14.302494,10,0.8280757823318647,12,16,304,COMPLETE,"{'mse': 1573.3007442450757, 'rmse': 39.66485527825704, 'mae': 30.111118762132108, 'mdae': 22.918819498860287, 'r2': 0.4733665220820933}","{'mse': 1489.7449706188768, 'rmse': 38.59721454482016, 'mae': 29.689350374030056, 'mdae': 23.76403587413691, 'r2': 0.45703560548703603}","{'mse': 1534.7230410672828, 'rmse': 39.175541362785054, 'mae': 30.111457894686602, 'mdae': 24.014357365594837, 'r2': 0.4473694672589156}","{'mse': 1509.1819599680912, 'rmse': 38.84819120587329, 'mae': 29.829929494148754, 'mdae': 23.51080320050279, 'r2': 0.45170439485267466}","{'mse': 1513.5776186379067, 'rmse': 38.90472488834623, 'mae': 29.61246895823111, 'mdae': 22.577612675299093, 'r2': 0.4736295044641258}",1524.1056669074467,39.03810545601636,29.87086509664573,23.357125722878784,0.46062109882896907,31.808405127097046,0.4061854754797633,0.2329155429948804,0.5960073422100932,0.012243708002933642
47,39.076380325840645,2024-07-10 21:14:15.925876,2024-07-10 21:14:35.422162,0 days 00:00:19.496286,9,0.9980966197581974,9,14,353,COMPLETE,"{'mse': 1580.8324403658978, 'rmse': 39.759683604952116, 'mae': 30.187779791363592, 'mdae': 23.224622781664564, 'r2': 0.4708454253768143}","{'mse': 1496.7459808307713, 'rmse': 38.68780144736544, 'mae': 29.790689449214987, 'mdae': 23.48919863798991, 'r2': 0.45448396118170153}","{'mse': 1532.2126608909775, 'rmse': 39.14348810327176, 'mae': 30.107714969569443, 'mdae': 23.983881603160043, 'r2': 0.4482734171554711}","{'mse': 1512.6775210425935, 'rmse': 38.89315519526018, 'mae': 29.91042273481885, 'mdae': 23.670537992318643, 'r2': 0.45043443481769374}","{'mse': 1513.0367660142135, 'rmse': 38.89777327835378, 'mae': 29.61714804189716, 'mdae': 22.919734774380906, 'r2': 0.47381759449666827}",1527.101073828891,39.076380325840645,29.922750997372805,23.457595157902812,0.4595709666056698,32.559420190004424,0.41469033498548236,0.23207613923552,0.40831690309016827,0.011906597831902666
48,39.428755007900676,2024-07-10 21:14:35.423168,2024-07-10 21:14:53.166044,0 days 00:00:17.742876,8,0.8866495274386917,13,12,377,COMPLETE,"{'mse': 1610.0257675940381, 'rmse': 40.1251263872656, 'mae': 30.706600685847132, 'mdae': 23.824771623182073, 'r2': 0.46107349619773785}","{'mse': 1514.854945868699, 'rmse': 38.92113752023056, 'mae': 30.14599314971274, 'mdae': 24.370091251496135, 'r2': 0.4478838226136954}","{'mse': 1559.3618347615366, 'rmse': 39.48875580163975, 'mae': 30.633094935756727, 'mdae': 24.572357503972427, 'r2': 0.43849741065912395}","{'mse': 1547.5304333443498, 'rmse': 39.33866333957408, 'mae': 30.435481871952103, 'mdae': 24.24357012067903, 'r2': 0.4377721454791422}","{'mse': 1542.1401249653748, 'rmse': 39.27009199079338, 'mae': 30.143338401016415, 'mdae': 23.898101127404274, 'r2': 0.46369644227808093}",1554.7826213067997,39.428755007900676,30.412901808857026,24.181778325346787,0.4497846634455561,34.92642487234141,0.44144625061719256,0.2641772917480507,0.3161323365792525,0.01220953719862185
49,39.01277480714746,2024-07-10 21:14:53.167042,2024-07-10 21:15:03.401003,0 days 00:00:10.233961,10,0.854255604093686,11,16,199,COMPLETE,"{'mse': 1575.018731357943, 'rmse': 39.68650565819499, 'mae': 30.137397722656033, 'mdae': 23.047537845244626, 'r2': 0.472791457504277}","{'mse': 1486.049860212331, 'rmse': 38.54931724703216, 'mae': 29.609632088684993, 'mdae': 23.44799564646798, 'r2': 0.45838235504761027}","{'mse': 1528.8635174525539, 'rmse': 39.100684360411826, 'mae': 30.067356200906215, 'mdae': 24.07694787842103, 'r2': 0.44947939300458273}","{'mse': 1506.270282474421, 'rmse': 38.81069804157639, 'mae': 29.793694898714477, 'mdae': 23.700481245179155, 'r2': 0.4527622261915938}","{'mse': 1514.507104925517, 'rmse': 38.916668728521934, 'mae': 29.533620294215496, 'mdae': 22.563613843433977, 'r2': 0.4733062609437547}",1522.1418992845531,39.01277480714746,29.82834024103544,23.367315291749357,0.4613443385383637,33.36904669891361,0.426176505912996,0.26857892635184755,0.5850813861220431,0.011150415365626887
