number,value,datetime_start,datetime_complete,duration,params_max_depth,params_max_features,params_min_samples_leaf,params_min_samples_split,params_n_estimators,state,fold_0,fold_1,fold_2,fold_3,fold_4,mse,rmse,mae,mdae,r2,mse_std,rmse_std,mae_std,mdae_std,r2_std
0,39.28168658610605,2024-07-10 21:07:59.135288,2024-07-10 21:08:07.877439,0 days 00:00:08.742151,10,0.5780093202212182,12,15,218,COMPLETE,"{'mse': 1591.9271643992427, 'rmse': 39.89896194638706, 'mae': 30.431868967349136, 'mdae': 23.742420619612936, 'r2': 0.4671316706318348}","{'mse': 1514.3618012173588, 'rmse': 38.91480182677741, 'mae': 30.078945601191343, 'mdae': 24.355487723880486, 'r2': 0.4480635580666106}","{'mse': 1541.7817553008913, 'rmse': 39.265528842750754, 'mae': 30.3811575821236, 'mdae': 24.494830429555428, 'r2': 0.4448277311260733}","{'mse': 1533.8669222679353, 'rmse': 39.164613138239154, 'mae': 30.199460089071167, 'mdae': 24.010864386222732, 'r2': 0.4427361877701317}","{'mse': 1533.8601889490824, 'rmse': 39.16452717637585, 'mae': 29.995099850867902, 'mdae': 23.434964446139666, 'r2': 0.46657592065450093}",1543.159566426902,39.28168658610605,30.217306418120632,24.007713521082252,0.4538670136498303,29.078857927603252,0.3685535541789657,0.18823008336121863,0.43493146960789725,0.012007825074909257
1,44.64672845054122,2024-07-10 21:08:07.878436,2024-07-10 21:08:10.093222,0 days 00:00:02.214786,2,0.8540362888980227,13,18,120,COMPLETE,"{'mse': 2062.492200198997, 'rmse': 45.41466943839839, 'mae': 36.114578410254865, 'mdae': 29.51269148949999, 'r2': 0.309618682542136}","{'mse': 1954.8414205617853, 'rmse': 44.213588641522705, 'mae': 35.65197403586607, 'mdae': 30.732188306054677, 'r2': 0.2875228249011934}","{'mse': 1967.290641156054, 'rmse': 44.35415021343611, 'mae': 35.84622952036605, 'mdae': 30.396345623719263, 'r2': 0.29160842315720636}","{'mse': 1984.090393764645, 'rmse': 44.54312959104518, 'mae': 35.848606671547, 'mdae': 30.156006735867106, 'r2': 0.27916707728259493}","{'mse': 1998.8145962071358, 'rmse': 44.708104368303694, 'mae': 36.287011751998264, 'mdae': 31.503601611493934, 'r2': 0.30488069027031084}",1993.5058503777236,44.64672845054122,35.94968007800645,30.460166753326995,0.2945595396306883,42.00632510320535,0.46836022642439606,0.25026528782111634,0.7343445813710178,0.012534515103455383
2,39.21448095092407,2024-07-10 21:08:10.094234,2024-07-10 21:08:13.059356,0 days 00:00:02.965122,10,0.5909124836035503,5,17,59,COMPLETE,"{'mse': 1595.3768950422666, 'rmse': 39.94216938327545, 'mae': 30.38191509551446, 'mdae': 23.434052385337655, 'r2': 0.46597693676861063}","{'mse': 1509.6643707753935, 'rmse': 38.8543996321574, 'mae': 29.90402578847773, 'mdae': 23.87709835199672, 'r2': 0.44977562122237935}","{'mse': 1535.6798334440402, 'rmse': 39.1877510638725, 'mae': 30.208498068924534, 'mdae': 23.875825140201307, 'r2': 0.4470249408090341}","{'mse': 1533.0973296889608, 'rmse': 39.15478680428436, 'mae': 30.156350839579133, 'mdae': 23.78209071223854, 'r2': 0.4430157857510236}","{'mse': 1515.8016831143987, 'rmse': 38.93329787103064, 'mae': 29.62470757399484, 'mdae': 22.52635401211407, 'r2': 0.47285605095491734}",1537.924022413012,39.21448095092407,30.05509947329814,23.499084120377656,0.455729867101193,33.974886780005384,0.43085113819216525,0.2952337482697728,0.5734444777931494,0.012953621698935129
3,42.3985962156337,2024-07-10 21:08:13.060443,2024-07-10 21:08:16.329771,0 days 00:00:03.269328,4,0.645614570099021,9,11,132,COMPLETE,"{'mse': 1858.5738299611498, 'rmse': 43.11117987206045, 'mae': 33.749604456682114, 'mdae': 28.099297265025875, 'r2': 0.3778766052072895}","{'mse': 1757.7433075365593, 'rmse': 41.92544940172448, 'mae': 33.2474294891783, 'mdae': 28.3183995922109, 'r2': 0.3593587832088303}","{'mse': 1785.9763442724804, 'rmse': 42.26081334135064, 'mae': 33.571761151273186, 'mdae': 28.672606832804718, 'r2': 0.35689695652715125}","{'mse': 1798.1204864120198, 'rmse': 42.404250805927695, 'mae': 33.47702569615495, 'mdae': 27.63063512442796, 'r2': 0.3467311521230174}","{'mse': 1788.553011696022, 'rmse': 42.29128765710524, 'mae': 33.64489975293588, 'mdae': 29.38832577652601, 'r2': 0.3780024734338805}",1797.7933959756465,42.3985962156337,33.53814410924489,28.421852918199097,0.3637731941000338,37.15980738711126,0.4365130572186561,0.19071759374266822,0.6591125944792596,0.013771160595991774
4,43.35952776642216,2024-07-10 21:08:16.330773,2024-07-10 21:08:24.937723,0 days 00:00:08.606950,3,0.728034992108518,8,7,325,COMPLETE,"{'mse': 1942.5324649104914, 'rmse': 44.07417004221964, 'mae': 34.74869584148682, 'mdae': 28.831193679712893, 'r2': 0.3497729968626384}","{'mse': 1836.9666214260747, 'rmse': 42.85984859313055, 'mae': 34.23386204279311, 'mdae': 30.151761265880204, 'r2': 0.3304844191359908}","{'mse': 1862.8896383725953, 'rmse': 43.16120524698766, 'mae': 34.57880789260552, 'mdae': 29.656192656010838, 'r2': 0.3292016437208357}","{'mse': 1875.791237706332, 'rmse': 43.31040565160215, 'mae': 34.48487752379736, 'mdae': 28.398397472992475, 'r2': 0.31851286386302347}","{'mse': 1882.8664709325433, 'rmse': 43.39200929817083, 'mae': 34.86891929852494, 'mdae': 30.246214952835643, 'r2': 0.3452034800669559}",1880.2092866696075,43.35952776642216,34.58303251984155,29.456752005486408,0.3346350807298889,38.989282647256154,0.4481050971486394,0.24533031769965963,0.815092590713947,0.012723243252906526
5,43.958469496201005,2024-07-10 21:08:24.938724,2024-07-10 21:08:31.283104,0 days 00:00:06.344380,3,0.5232252063599989,12,11,404,COMPLETE,"{'mse': 2004.7946437481767, 'rmse': 44.774933207635016, 'mae': 35.523932673994985, 'mdae': 29.203976249737845, 'r2': 0.32893187802126245}","{'mse': 1881.5075515933659, 'rmse': 43.3763478360427, 'mae': 34.79582132600801, 'mdae': 30.131648040350893, 'r2': 0.31425067466543155}","{'mse': 1917.1470854515742, 'rmse': 43.78523821394117, 'mae': 35.25453256214936, 'mdae': 30.11576243489366, 'r2': 0.30966435843737794}","{'mse': 1926.44758875, 'rmse': 43.891315641593614, 'mae': 35.20725388277852, 'mdae': 29.108576105181896, 'r2': 0.3001090826180962}","{'mse': 1932.87836655459, 'rmse': 43.96451258179249, 'mae': 35.54762349852516, 'mdae': 30.996339041675967, 'r2': 0.32781105436172164}",1932.5550472195414,43.958469496201005,35.26583278869121,29.911260374368055,0.316153409620778,44.99782490998079,0.5099102508136963,0.3043400702068209,0.776585539280145,0.012271293229610087
6,42.9107653710595,2024-07-10 21:08:31.284195,2024-07-10 21:08:40.295156,0 days 00:00:09.010961,3,0.9828160165372797,19,3,324,COMPLETE,"{'mse': 1896.3038588641573, 'rmse': 43.54657114933571, 'mae': 34.17179925159123, 'mdae': 28.445858143641033, 'r2': 0.36524717220421277}","{'mse': 1796.9571443707498, 'rmse': 42.39053130559642, 'mae': 33.69921856721607, 'mdae': 29.21748684905997, 'r2': 0.3450665938790276}","{'mse': 1826.6914643816963, 'rmse': 42.739811234745716, 'mae': 34.061302919507874, 'mdae': 29.267501656197858, 'r2': 0.3422360581666719}","{'mse': 1851.7798966670741, 'rmse': 43.03231223937512, 'mae': 34.05392932711243, 'mdae': 28.343638048866087, 'r2': 0.3272363399677849}","{'mse': 1835.659828529151, 'rmse': 42.844600926244496, 'mae': 34.126273255379076, 'mdae': 29.961086821489836, 'r2': 0.36162033470888677}",1841.4784385625658,42.9107653710595,34.02250466416134,29.047114303850957,0.3482812997853168,36.56023528023988,0.42522616401024477,0.1871252981940208,0.6650810032906792,0.01545590739523026
7,42.21397721278708,2024-07-10 21:08:40.296151,2024-07-10 21:08:50.856887,0 days 00:00:10.560736,4,0.7200762468698007,14,3,414,COMPLETE,"{'mse': 1838.4253431427428, 'rmse': 42.87686256179133, 'mae': 33.53722373133083, 'mdae': 27.85372980204947, 'r2': 0.3846209404698093}","{'mse': 1738.6531790220656, 'rmse': 41.69716032324103, 'mae': 33.03754647234175, 'mdae': 28.23905749410856, 'r2': 0.36631652448299}","{'mse': 1773.5595070473391, 'rmse': 42.1136498898794, 'mae': 33.444644302538855, 'mdae': 28.490730899315764, 'r2': 0.361368071632009}","{'mse': 1784.944180365477, 'rmse': 42.24859974443505, 'mae': 33.358940926909064, 'mdae': 27.412140083256208, 'r2': 0.3515181896632411}","{'mse': 1775.2413903247407, 'rmse': 42.133613544588606, 'mae': 33.414933863821695, 'mdae': 28.98602135859349, 'r2': 0.3826317997738754}",1782.1647199804731,42.21397721278708,33.35865785938844,28.196335927464702,0.36929110520438496,36.0146480558967,0.42551124950769204,0.19076099622397086,0.6009240158062128,0.014146351995754982
8,40.775108259187185,2024-07-10 21:08:50.857886,2024-07-10 21:08:54.206948,0 days 00:00:03.349062,6,0.6293899908000085,19,2,105,COMPLETE,"{'mse': 1702.8590954323167, 'rmse': 41.265713315442845, 'mae': 31.92095377735592, 'mdae': 25.516584932276242, 'r2': 0.42999924768867437}","{'mse': 1631.2501482910286, 'rmse': 40.38873788930559, 'mae': 31.633482277861866, 'mdae': 26.314048766771393, 'r2': 0.4054614940582246}","{'mse': 1667.6806219754633, 'rmse': 40.83724552385314, 'mae': 32.15722218675818, 'mdae': 26.911516259912574, 'r2': 0.3994934552338687}","{'mse': 1662.8687349201955, 'rmse': 40.77828754276221, 'mae': 31.906313001629428, 'mdae': 25.786739536902925, 'r2': 0.39586899162715083}","{'mse': 1648.811261275781, 'rmse': 40.60555702457215, 'mae': 31.75682494800285, 'mdae': 26.11417169811707, 'r2': 0.42659987175029246}",1662.6939723789571,40.775108259187185,31.87495923832165,26.12861223879604,0.41148461207164216,26.549849655330068,0.32503621052498194,0.19687417373581687,0.5336169763108813,0.015773206728203374
9,42.53687707698221,2024-07-10 21:08:54.206948,2024-07-10 21:09:01.423833,0 days 00:00:07.216885,4,0.5924272277627636,11,11,348,COMPLETE,"{'mse': 1863.1777357981189, 'rmse': 43.16454257603246, 'mae': 33.851131759483586, 'mdae': 28.117033155240296, 'r2': 0.3763355324328703}","{'mse': 1767.8490370320906, 'rmse': 42.045796900904264, 'mae': 33.43776486541526, 'mdae': 28.783772444578474, 'r2': 0.3556755680244398}","{'mse': 1798.9090095016115, 'rmse': 42.413547476031894, 'mae': 33.80800024639737, 'mdae': 28.89621863650774, 'r2': 0.3522400995672358}","{'mse': 1807.0455925747165, 'rmse': 42.509358882188714, 'mae': 33.62399990719282, 'mdae': 27.814348706214986, 'r2': 0.34348860310355833}","{'mse': 1810.5994769826116, 'rmse': 42.55113954975368, 'mae': 33.93768663883156, 'mdae': 29.29774533407882, 'r2': 0.37033546731881917}",1809.51617037783,42.53687707698221,33.73171668346412,28.581823655324065,0.35961505408938466,34.407494729865014,0.403514119232388,0.20032058062834027,0.603576708932662,0.013458023460957457
10,39.167273631672145,2024-07-10 21:09:01.424828,2024-07-10 21:09:12.553148,0 days 00:00:11.128320,10,0.8259332753890893,1,20,224,COMPLETE,"{'mse': 1592.2570719368252, 'rmse': 39.903096019442216, 'mae': 30.254273181686333, 'mdae': 23.46308571665046, 'r2': 0.4670212401534002}","{'mse': 1485.2405955630159, 'rmse': 38.5388193327587, 'mae': 29.641209441134272, 'mdae': 23.118597689812553, 'r2': 0.45867730612915925}","{'mse': 1541.8153412250765, 'rmse': 39.26595651738381, 'mae': 30.261862790586502, 'mdae': 23.753601241598606, 'r2': 0.44481563734323537}","{'mse': 1532.4595633191166, 'rmse': 39.146641788525315, 'mae': 30.003496442457855, 'mdae': 23.461179011940928, 'r2': 0.44324749041419353}","{'mse': 1519.5849802787168, 'rmse': 38.98185450025071, 'mae': 29.738157277695052, 'mdae': 22.742825902390933, 'r2': 0.4715403496795947}",1534.2715104645501,39.167273631672145,29.979799826712007,23.307857912478696,0.45706040474391657,38.8659319302818,0.49521046822223386,0.28657077593476976,0.3877404900479995,0.012769419999179148
11,39.14094779220224,2024-07-10 21:09:12.554150,2024-07-10 21:09:23.493446,0 days 00:00:10.939296,10,0.8692027723625104,1,20,207,COMPLETE,"{'mse': 1590.9684716343054, 'rmse': 39.886946130711806, 'mae': 30.216832222360228, 'mdae': 23.345482237510414, 'r2': 0.46745257539648355}","{'mse': 1482.1564105436769, 'rmse': 38.4987845333288, 'mae': 29.62889998891704, 'mdae': 22.95259407083792, 'r2': 0.4598013929256367}","{'mse': 1540.5076191276844, 'rmse': 39.24930087438099, 'mae': 30.244819484778716, 'mdae': 24.104517806891508, 'r2': 0.44528652827275217}","{'mse': 1529.5645476987272, 'rmse': 39.109647757282694, 'mae': 29.93625315743114, 'mdae': 23.21124956572292, 'r2': 0.4442992683863646}","{'mse': 1517.886249124274, 'rmse': 38.96005966530691, 'mae': 29.702744003177973, 'mdae': 22.966992262762886, 'r2': 0.4721311102382445}",1532.2166596257334,39.14094779220224,29.94590977133302,23.316167188745133,0.45779417504389625,39.493475172250996,0.5035692030796981,0.2839295838780668,0.4710287458945557,0.012663086760440583
12,39.52574663351175,2024-07-10 21:09:23.494450,2024-07-10 21:09:33.178892,0 days 00:00:09.684442,8,0.8679653616987015,1,20,210,COMPLETE,"{'mse': 1618.5156196759146, 'rmse': 40.23077950619295, 'mae': 30.725411303256703, 'mdae': 23.907033856243615, 'r2': 0.4582316744130335}","{'mse': 1517.711426314124, 'rmse': 38.95781598491019, 'mae': 30.205630927506267, 'mdae': 24.23685296941267, 'r2': 0.4468427268516174}","{'mse': 1561.2925013414035, 'rmse': 39.5131940159411, 'mae': 30.720420557355187, 'mdae': 24.82910794008633, 'r2': 0.43780220685229554}","{'mse': 1562.8478695227714, 'rmse': 39.53287074730055, 'mae': 30.60130155805607, 'mdae': 23.941020559449697, 'r2': 0.43220722145968826}","{'mse': 1551.8929806916165, 'rmse': 39.39407291321394, 'mae': 30.339728802816648, 'mdae': 24.141154811865952, 'r2': 0.46030473283530293}",1562.4520795091662,39.52574663351175,30.51849862979817,24.211034027411653,0.4470777124823876,36.25549069950802,0.45748302236375754,0.2346734403221845,0.3717823493024375,0.012314490045911904
13,39.55682355751613,2024-07-10 21:09:33.179893,2024-07-10 21:09:43.228991,0 days 00:00:10.049098,8,0.8426420266154148,1,20,227,COMPLETE,"{'mse': 1617.186309355222, 'rmse': 40.214255051601064, 'mae': 30.737639489227146, 'mdae': 23.8312500008414, 'r2': 0.4586766365857009}","{'mse': 1519.4153157441192, 'rmse': 38.97967824064379, 'mae': 30.22946262519735, 'mdae': 24.404216122106426, 'r2': 0.4462217136507539}","{'mse': 1567.8611755122859, 'rmse': 39.596226783776835, 'mae': 30.785610274892598, 'mdae': 24.79444383613645, 'r2': 0.4354369267272685}","{'mse': 1570.444717458081, 'rmse': 39.62883694304037, 'mae': 30.68704059637956, 'mdae': 24.554397339416802, 'r2': 0.42944723727859524}","{'mse': 1549.612733120056, 'rmse': 39.36512076851862, 'mae': 30.313193949629536, 'mdae': 24.110237378038136, 'r2': 0.4610977249021828}",1564.9040502379528,39.55682355751613,30.550589387065237,24.338908935307842,0.4461760478289003,35.62277202362328,0.4496669288057155,0.25899830205057583,0.3769020435317561,0.01391137192890021
14,39.35353135351831,2024-07-10 21:09:43.229990,2024-07-10 21:09:52.038088,0 days 00:00:08.808098,8,0.9587610092266801,5,15,182,COMPLETE,"{'mse': 1602.7554132695063, 'rmse': 40.03442784990821, 'mae': 30.53685744531848, 'mdae': 23.473103965464205, 'r2': 0.46350711354497987}","{'mse': 1509.8545460825842, 'rmse': 38.85684683659476, 'mae': 30.04018194253116, 'mdae': 24.192641437480084, 'r2': 0.4497063084053827}","{'mse': 1550.6934862070261, 'rmse': 39.37884566879819, 'mae': 30.55177531373062, 'mdae': 24.195358019489447, 'r2': 0.4416187517424853}","{'mse': 1541.5562958337875, 'rmse': 39.262657778527775, 'mae': 30.344683644388546, 'mdae': 24.0891384559644, 'r2': 0.4399425884266954}","{'mse': 1539.3757014060836, 'rmse': 39.234878633762634, 'mae': 30.02876773182674, 'mdae': 23.308030788755097, 'r2': 0.46465781418319974}",1548.8470885597976,39.35353135351831,30.30045321555911,23.851654533430644,0.4518865152605486,33.81123282026831,0.42816259681419244,0.2562031544235784,0.42709193296262116,0.011736503295982775
15,39.22546576422177,2024-07-10 21:09:52.039088,2024-07-10 21:10:14.434275,0 days 00:00:22.395187,9,0.7928036178328778,4,14,485,COMPLETE,"{'mse': 1591.6862682367512, 'rmse': 39.89594300473109, 'mae': 30.316870660833626, 'mdae': 23.29723510677173, 'r2': 0.46721230619012466}","{'mse': 1502.2306916330576, 'rmse': 38.758620868563646, 'mae': 29.873913055390428, 'mdae': 23.958532121710824, 'r2': 0.45248495951458734}","{'mse': 1545.5866594694169, 'rmse': 39.313949934716774, 'mae': 30.376816891451014, 'mdae': 24.38290956908277, 'r2': 0.4434576427378657}","{'mse': 1529.147882124214, 'rmse': 39.10432050457103, 'mae': 30.10595845494694, 'mdae': 23.554305529038494, 'r2': 0.44445064569498716}","{'mse': 1525.2535413165106, 'rmse': 39.0544945085263, 'mae': 29.80623320060414, 'mdae': 22.87500312332267, 'r2': 0.4695690181497826}",1538.7810085559902,39.22546576422177,30.09595845264523,23.613597089985298,0.4554349144574695,33.38037802428535,0.4240343969777555,0.2554547643583133,0.5830830360719117,0.012362152679308867
16,40.296129089116384,2024-07-10 21:10:14.435275,2024-07-10 21:10:25.574888,0 days 00:00:11.139613,6,0.9219900508555976,2,18,272,COMPLETE,"{'mse': 1676.4907517209444, 'rmse': 40.94497223983605, 'mae': 31.542723314508475, 'mdae': 25.554778022180308, 'r2': 0.4388255656106925}","{'mse': 1589.5294524887252, 'rmse': 39.8689033268878, 'mae': 31.134513247864056, 'mdae': 25.71433447122773, 'r2': 0.42066735330374827}","{'mse': 1617.2887653064372, 'rmse': 40.2155289074561, 'mae': 31.522786294534406, 'mdae': 26.341935653213376, 'r2': 0.4176387999323167}","{'mse': 1626.6779856193405, 'rmse': 40.332096221487674, 'mae': 31.521079798452398, 'mdae': 24.837608404390124, 'r2': 0.40901732583402595}","{'mse': 1609.545775464575, 'rmse': 40.119144749914284, 'mae': 31.193900923326165, 'mdae': 25.399410504716002, 'r2': 0.44025506390522207}",1623.9065461200046,40.296129089116384,31.383000715737104,25.569613411145507,0.4252808217172011,32.42140835477546,0.4008218950996506,0.20101113331187215,0.5437017286301861,0.013710159575570324
17,39.19960358914098,2024-07-10 21:10:25.575887,2024-07-10 21:10:37.513797,0 days 00:00:11.937910,9,0.7989009093128052,7,7,264,COMPLETE,"{'mse': 1586.3273037057254, 'rmse': 39.82872460556232, 'mae': 30.30406798836755, 'mdae': 23.06759468248024, 'r2': 0.46900612097050653}","{'mse': 1502.039491246019, 'rmse': 38.75615423705013, 'mae': 29.901171430606958, 'mdae': 23.922295385354442, 'r2': 0.45255464594040284}","{'mse': 1547.376534500815, 'rmse': 39.33670721477352, 'mae': 30.361851340213438, 'mdae': 24.256137408271606, 'r2': 0.44281313583618154}","{'mse': 1527.15354995567, 'rmse': 39.07881203357735, 'mae': 30.107458911863905, 'mdae': 24.025992407515133, 'r2': 0.4451751995209815}","{'mse': 1520.8143543349308, 'rmse': 38.99761985474153, 'mae': 29.791888060580163, 'mdae': 22.880071575528742, 'r2': 0.47111281545657246}",1536.7422467486322,39.19960358914098,30.093287546326405,23.630418291830033,0.456132383544929,32.10018711720526,0.408235843046587,0.24723773258873796,0.6150175081472041,0.013232619763207954
18,39.782724422470054,2024-07-10 21:10:37.514796,2024-07-10 21:10:44.129948,0 days 00:00:06.615152,7,0.9102361265933461,3,20,142,COMPLETE,"{'mse': 1639.9564367796722, 'rmse': 40.49637560053581, 'mae': 31.06034734237355, 'mdae': 24.338045760297213, 'r2': 0.4510547553643034}","{'mse': 1547.6094038155184, 'rmse': 39.339667052677484, 'mae': 30.611072536688486, 'mdae': 25.46012428483953, 'r2': 0.4359458702947109}","{'mse': 1575.3979650601373, 'rmse': 39.69128323776062, 'mae': 30.964672382828894, 'mdae': 25.33535429538505, 'r2': 0.4327230429114043}","{'mse': 1584.7662151476438, 'rmse': 39.80912226045236, 'mae': 30.945339115751178, 'mdae': 24.590019603812593, 'r2': 0.424244144178754}","{'mse': 1566.3526987332384, 'rmse': 39.57717396092397, 'mae': 30.535466419722965, 'mdae': 24.170820616311204, 'r2': 0.4552761377654796}",1582.8165439072422,39.782724422470054,30.823379559473018,24.778872912129117,0.4398487901029304,34.76494210724713,0.43500205897075034,0.233965688401419,0.5859813791909299,0.012971996220957186
19,39.044571114777625,2024-07-10 21:10:44.130959,2024-07-10 21:10:52.682598,0 days 00:00:08.551639,10,0.7766651028721985,6,17,172,COMPLETE,"{'mse': 1581.699140946249, 'rmse': 39.770581350368126, 'mae': 30.137687470629245, 'mdae': 23.124326259216136, 'r2': 0.4705553133034466}","{'mse': 1486.9304665499214, 'rmse': 38.560737370412426, 'mae': 29.641182243106172, 'mdae': 23.48130700941474, 'r2': 0.45806140220244285}","{'mse': 1532.6556239195584, 'rmse': 39.14914589003901, 'mae': 30.087463209506232, 'mdae': 24.18076283995581, 'r2': 0.44811391287494695}","{'mse': 1509.2538730590695, 'rmse': 38.84911676034694, 'mae': 29.76887679803998, 'mdae': 23.095712738028368, 'r2': 0.45167826835979186}","{'mse': 1512.6867782080915, 'rmse': 38.89327420272163, 'mae': 29.540984333047017, 'mdae': 22.441820516791033, 'r2': 0.4739393082777599}",1524.6451765365778,39.044571114777625,29.83523881086573,23.264785872681216,0.46046964100367765,35.78273670652029,0.4564030560407075,0.26633620905519867,0.63472076775963,0.011389738659110568
20,39.28537154728998,2024-07-10 21:10:52.683598,2024-07-10 21:11:00.056585,0 days 00:00:07.372987,9,0.7001369807180862,6,13,170,COMPLETE,"{'mse': 1590.4648114397867, 'rmse': 39.88063203410631, 'mae': 30.360127238867545, 'mdae': 23.550920469078306, 'r2': 0.46762116638005635}","{'mse': 1503.5496972531546, 'rmse': 38.77563277695355, 'mae': 29.95596292589311, 'mdae': 23.974900507866703, 'r2': 0.4520042241524954}","{'mse': 1556.745402475223, 'rmse': 39.45561306677699, 'mae': 30.50877219388751, 'mdae': 24.190282043504475, 'r2': 0.43943954831495846}","{'mse': 1534.0129001018327, 'rmse': 39.16647673842814, 'mae': 30.198836107611335, 'mdae': 24.002387212812664, 'r2': 0.4426831530752454}","{'mse': 1532.6052965511262, 'rmse': 39.14850312018489, 'mae': 29.927902656003354, 'mdae': 22.941677298023507, 'r2': 0.46701232928344916}",1543.4756215642246,39.28537154728998,30.19032022445257,23.73203350625713,0.4537520842412409,32.34910178832644,0.4111021095843082,0.2520441047050986,0.49988301059798973,0.013215620252575354
