number,value,datetime_start,datetime_complete,duration,params_C,params_loss,params_tol,state,fold_0,fold_1,fold_2,fold_3,fold_4,mse,rmse,mae,mdae,r2,mse_std,rmse_std,mae_std,mdae_std,r2_std
0,38.93777469684714,2024-09-19 18:44:17.462662,2024-09-19 18:44:25.085395,0 days 00:00:07.622733,0.0074593432857265485,epsilon_insensitive,0.06351221010640701,COMPLETE,"{'mse': 1528.518590082849, 'rmse': 39.0962733528766, 'mae': 25.466227459060423, 'mdae': 14.080371071341297, 'r2': 0.4402775596133398}","{'mse': 1610.3321605950773, 'rmse': 40.12894417493534, 'mae': 26.01264246869764, 'mdae': 13.98860145941416, 'r2': 0.4293697836311703}","{'mse': 1486.3276728304338, 'rmse': 38.55292041895703, 'mae': 25.304500235747078, 'mdae': 14.426230670204976, 'r2': 0.4481935804522098}","{'mse': 1441.8510633796345, 'rmse': 37.97171399054347, 'mae': 25.11207564045336, 'mdae': 14.457703244213853, 'r2': 0.47873823823947304}","{'mse': 1516.247399031757, 'rmse': 38.9390215469233, 'mae': 25.307559359139116, 'mdae': 13.759049281735429, 'r2': 0.437516315600596}",1516.6553771839501,38.93777469684714,25.440601032619522,14.142391145381941,0.44681909550735777,62.11219089639592,0.7945744470471976,0.3435260417392535,0.29767236059114094,0.01906916865266814
1,36.65911823600412,2024-09-19 18:44:25.087313,2024-09-19 18:44:39.476373,0 days 00:00:14.389060,0.0006026889128682511,squared_epsilon_insensitive,4.207053950287933e-05,COMPLETE,"{'mse': 1344.2301778354572, 'rmse': 36.663744732848244, 'mae': 26.066679856395996, 'mdae': 17.911670566448176, 'r2': 0.5077614361637075}","{'mse': 1434.8981680824697, 'rmse': 37.88004973706436, 'mae': 26.169179941402575, 'mdae': 17.05638056245217, 'r2': 0.4915358010253229}","{'mse': 1301.621655229721, 'rmse': 36.07799405773166, 'mae': 26.118221306323584, 'mdae': 18.11290280624416, 'r2': 0.516766593055204}","{'mse': 1324.0780141649677, 'rmse': 36.387882793108034, 'mae': 25.890358849042514, 'mdae': 17.36555574667804, 'r2': 0.5213158585504432}","{'mse': 1316.667980033244, 'rmse': 36.28591985926833, 'mae': 25.660946748191222, 'mdae': 17.57217094565027, 'r2': 0.5115544752045385}",1344.299199069172,36.65911823600412,25.981077340271177,17.603736125494564,0.5097868327998432,52.91958825121586,0.7143609275443977,0.2075043899416041,0.42172227073520147,0.011423248662480031
2,51.0113659036779,2024-09-19 18:44:39.478232,2024-09-19 18:44:52.182609,0 days 00:00:12.704377,0.10129197956845731,squared_epsilon_insensitive,0.006796578090758156,COMPLETE,"{'mse': 2525.0069330164242, 'rmse': 50.24944709164892, 'mae': 38.84747476925121, 'mdae': 31.741842906978267, 'r2': 0.07537726285384261}","{'mse': 2390.3649425112094, 'rmse': 48.89135856683888, 'mae': 35.64888964740891, 'mdae': 25.898096834127415, 'r2': 0.1529608004341274}","{'mse': 3043.4539061489277, 'rmse': 55.16750770289453, 'mae': 42.73890137870326, 'mdae': 34.84045118852424, 'r2': -0.129897151018306}","{'mse': 3130.2120412637287, 'rmse': 55.948297929997196, 'mae': 43.161078304112756, 'mdae': 33.75921495125219, 'r2': -0.1316424315619733}","{'mse': 2007.0595531877125, 'rmse': 44.80021822700993, 'mae': 32.58418714638831, 'mdae': 23.185130483762244, 'r2': 0.2554392818698571}",2619.2194752256,51.0113659036779,38.596106249172884,29.884947272928873,0.04444755251550956,468.2623264074159,4.617903185793463,4.552311623688239,5.094054179293343,0.17223025282605048
3,54.693390966728806,2024-09-19 18:44:52.184040,2024-09-19 18:45:03.232170,0 days 00:00:11.048130,1.452824663751602,squared_epsilon_insensitive,7.068974950624602e-05,COMPLETE,"{'mse': 3283.600281657653, 'rmse': 57.30270745486336, 'mae': 43.05821558948937, 'mdae': 31.814847675386453, 'r2': -0.20240916586047408}","{'mse': 2706.22460469358, 'rmse': 52.021386032030904, 'mae': 38.461200793539405, 'mdae': 28.962693433425773, 'r2': 0.041034160835309086}","{'mse': 3292.486437310093, 'rmse': 57.380192029219394, 'mae': 44.61994093612902, 'mdae': 36.741561758556784, 'r2': -0.22235169646135744}","{'mse': 3560.1301332690773, 'rmse': 59.666826070012114, 'mae': 46.08615790053213, 'mdae': 36.26224267332839, 'r2': -0.2870675428950067}","{'mse': 2218.018451194808, 'rmse': 47.095843247518225, 'mae': 34.59668754155602, 'mdae': 25.33304064777, 'r2': 0.17717966653027362}",3012.091981625042,54.693390966728806,41.364440552249185,31.82287723769348,-0.0987229155702511,542.4000478023102,5.089814115661639,4.743233423878574,4.852837255638858,0.19821887386241463
4,38.96340930621331,2024-09-19 18:45:03.233945,2024-09-19 18:45:21.128297,0 days 00:00:17.894352,0.0033205591037519565,epsilon_insensitive,0.0012561043700013551,COMPLETE,"{'mse': 1499.01395664816, 'rmse': 38.717101604435214, 'mae': 25.100452712215105, 'mdae': 13.767235839928006, 'r2': 0.45108174971997284}","{'mse': 1644.2263414646172, 'rmse': 40.549060919639274, 'mae': 26.207187306375307, 'mdae': 14.142823527212844, 'r2': 0.41735919088732143}","{'mse': 1537.330729207218, 'rmse': 39.208809331669556, 'mae': 25.678924984805512, 'mdae': 14.593272491642335, 'r2': 0.42925844626899656}","{'mse': 1467.562675860251, 'rmse': 38.30878066266598, 'mae': 25.357601749639255, 'mdae': 14.767234228072361, 'r2': 0.469442908950791}","{'mse': 1446.531453453172, 'rmse': 38.03329401265649, 'mae': 24.551745117428652, 'mdae': 13.287478428534733, 'r2': 0.4633789036950402}",1518.9330313266835,38.96340930621331,25.379182374092768,14.111608903078055,0.4461042399044244,77.96563391647993,0.991064177522122,0.6201302609208772,0.6042769600474467,0.022237028196802722
5,51.294112440187305,2024-09-19 18:45:21.129808,2024-09-19 18:45:34.216882,0 days 00:00:13.087074,0.11462107403425033,squared_epsilon_insensitive,3.613894271216525e-05,COMPLETE,"{'mse': 2545.4747152932314, 'rmse': 50.4526977999515, 'mae': 39.05096262933382, 'mdae': 31.92015514058501, 'r2': 0.0678822430879027}","{'mse': 2421.462791917907, 'rmse': 49.20836099605337, 'mae': 35.934418744767704, 'mdae': 26.12787112674086, 'r2': 0.14194110339908117}","{'mse': 3070.2387849887205, 'rmse': 55.409735471203255, 'mae': 42.941886409832684, 'mdae': 35.138652067937755, 'r2': -0.13984116831730553}","{'mse': 3177.0566361974616, 'rmse': 56.36538508870015, 'mae': 43.49369614471537, 'mdae': 34.13930619744301, 'r2': -0.1485778118549146}","{'mse': 2028.0956382325744, 'rmse': 45.03438284502825, 'mae': 32.79064956184134, 'mdae': 23.320024319143638, 'r2': 0.24763550616087382}",2648.465713325979,51.294112440187305,38.84232269809819,30.129201770370052,0.03380797449512751,475.47276204766104,4.660973919070014,4.5706641021097685,5.166202383183703,0.17463865730915173
6,42.08327123720807,2024-09-19 18:45:34.218420,2024-09-19 18:45:44.985366,0 days 00:00:10.766946,0.019069966103000432,squared_epsilon_insensitive,0.013826232179369865,COMPLETE,"{'mse': 1935.9599785633616, 'rmse': 43.99954520859689, 'mae': 32.01368938719271, 'mdae': 22.415118131947807, 'r2': 0.29107813884444955}","{'mse': 1876.1746752242461, 'rmse': 43.31483204658938, 'mae': 30.472490067589185, 'mdae': 20.252886834652674, 'r2': 0.33516700028315694}","{'mse': 1680.3459249872797, 'rmse': 40.99202269938969, 'mae': 30.21530109966213, 'mdae': 23.126476297700577, 'r2': 0.3761633552154606}","{'mse': 1737.986830982253, 'rmse': 41.68916922873677, 'mae': 30.91738548030946, 'mdae': 22.89844798949067, 'r2': 0.37167846219088185}","{'mse': 1633.8400219198747, 'rmse': 40.42078700272763, 'mae': 28.70815878859582, 'mdae': 19.521612170139104, 'r2': 0.39389287273597084}",1772.8614863354028,42.08327123720807,30.465404964669865,21.642908284786166,0.35359596585398395,128.81874030125877,1.5247000979614083,1.1991650537818779,1.6436026652550206,0.040951831175866656
7,37.89462529918861,2024-09-19 18:45:44.986521,2024-09-19 18:45:55.163533,0 days 00:00:10.177012,0.09163741808778776,epsilon_insensitive,1.5339162591163613e-05,COMPLETE,"{'mse': 1380.476932432786, 'rmse': 37.15476998223493, 'mae': 24.459293447015042, 'mdae': 14.218905731574392, 'r2': 0.49448837421278047}","{'mse': 1596.130761296757, 'rmse': 39.95160524055019, 'mae': 25.80676674452334, 'mdae': 14.211216313825311, 'r2': 0.43440212897745345}","{'mse': 1381.3985896145473, 'rmse': 37.1671708583603, 'mae': 24.970261918133158, 'mdae': 14.97390241061457, 'r2': 0.487149015901736}","{'mse': 1391.6665917593375, 'rmse': 37.30504780534851, 'mae': 24.73305974950683, 'mdae': 14.114792495429093, 'r2': 0.4968810594740748}","{'mse': 1435.9956016886033, 'rmse': 37.89453260944913, 'mae': 24.615062419041248, 'mdae': 13.467713127100915, 'r2': 0.46728739826037624}",1437.1336953584062,37.89462529918861,24.916888855643926,14.197306015708856,0.47604159536528423,91.74013644717215,1.1890483550410698,0.5312761139486775,0.5345269564848792,0.026021254933123728
8,48.68356888565423,2024-09-19 18:45:55.164712,2024-09-19 18:46:14.208763,0 days 00:00:19.044051,0.00021147447960615738,epsilon_insensitive,0.06245139574743072,COMPLETE,"{'mse': 2351.255674384776, 'rmse': 48.489748136949274, 'mae': 34.17991273995262, 'mdae': 22.780758584576702, 'r2': 0.13900257898185164}","{'mse': 2463.3196659791693, 'rmse': 49.63184125114813, 'mae': 35.04802392130455, 'mdae': 23.340237090172533, 'r2': 0.12710888574451085}","{'mse': 2335.4031625995663, 'rmse': 48.32600917311056, 'mae': 34.46918738111171, 'mdae': 22.916569354819813, 'r2': 0.13297015125838185}","{'mse': 2414.3541058882342, 'rmse': 49.136077436932574, 'mae': 35.003015672842714, 'mdae': 23.72676144640317, 'r2': 0.12715639866494233}","{'mse': 2288.1076694021044, 'rmse': 47.83416843013062, 'mae': 34.17210207137459, 'mdae': 22.4423149955516, 'r2': 0.15117860514735604}",2370.48805565077,48.68356888565423,34.57444835731723,23.041328294304765,0.13548332395940854,68.79189721117923,0.7054929185764385,0.4291166854817805,0.5003607131197946,0.010056241156387355
9,38.786428504457355,2024-09-19 18:46:14.210285,2024-09-19 18:46:35.737078,0 days 00:00:21.526793,0.0033347927286375843,epsilon_insensitive,2.458603276328006e-05,COMPLETE,"{'mse': 1456.3361872658957, 'rmse': 38.1619730525807, 'mae': 24.678540010507838, 'mdae': 13.424823843422283, 'r2': 0.4667097606476027}","{'mse': 1643.9644396068873, 'rmse': 40.54583134684609, 'mae': 26.204147795222045, 'mdae': 14.137431536940337, 'r2': 0.4174519972768359}","{'mse': 1537.1463068977844, 'rmse': 39.20645746427219, 'mae': 25.675751882047024, 'mdae': 14.598493618795917, 'r2': 0.4293269139535546}","{'mse': 1458.1972127860158, 'rmse': 38.18634851338913, 'mae': 25.27119445993711, 'mdae': 14.711422954326792, 'r2': 0.4728287356188632}","{'mse': 1431.2248244531986, 'rmse': 37.83153214519865, 'mae': 24.384460582035857, 'mdae': 13.272266748021728, 'r2': 0.46905721785481247}",1505.3737942019566,38.786428504457355,25.242818945949974,14.02888774030141,0.45107492507033375,87.09943455567678,1.110606855830761,0.7361350167054006,0.6594420839732731,0.0257124311940673
10,36.39557738977289,2024-09-19 18:46:35.738434,2024-09-19 18:46:58.577887,0 days 00:00:22.839453,0.0001283077266440877,squared_epsilon_insensitive,0.0002850432062787153,COMPLETE,"{'mse': 1333.9655266338345, 'rmse': 36.52349280441062, 'mae': 25.8799311185643, 'mdae': 17.532188624303394, 'r2': 0.5115202099578676}","{'mse': 1401.0148972465263, 'rmse': 37.43013354566781, 'mae': 26.17130405815494, 'mdae': 16.698991984218864, 'r2': 0.5035425277376884}","{'mse': 1264.653932217673, 'rmse': 35.56197312042279, 'mae': 25.42172446330286, 'mdae': 17.27177328345071, 'r2': 0.5304910410669043}","{'mse': 1293.798760339421, 'rmse': 35.96941423403252, 'mae': 25.598553032713305, 'mdae': 17.53953060782154, 'r2': 0.5322624934663289}","{'mse': 1331.7297976267869, 'rmse': 36.49287324433069, 'mae': 25.94974189441263, 'mdae': 17.60886142871343, 'r2': 0.5059669789561176}",1325.0325828128484,36.39557738977289,25.80425091342961,17.33026918570159,0.5167566502369814,51.28132065447194,0.7022546527979444,0.29591435975089925,0.37553565610714834,0.013670360385651096
11,36.45403136815162,2024-09-19 18:46:58.579285,2024-09-19 18:47:21.612214,0 days 00:00:23.032929,0.00010662475450099925,squared_epsilon_insensitive,0.00021206551805691168,COMPLETE,"{'mse': 1338.322186896714, 'rmse': 36.58308607672013, 'mae': 25.945122180422892, 'mdae': 17.580272347763163, 'r2': 0.50992486101668}","{'mse': 1406.8313277955522, 'rmse': 37.50775023639184, 'mae': 26.24384005127214, 'mdae': 16.77688279975876, 'r2': 0.5014814430100143}","{'mse': 1270.6262894068714, 'rmse': 35.64584533163537, 'mae': 25.473729931924304, 'mdae': 17.42764309085724, 'r2': 0.5282737742440669}","{'mse': 1294.7829089483448, 'rmse': 35.983091987047814, 'mae': 25.647625401783486, 'mdae': 17.52842808435803, 'r2': 0.5319067014911721}","{'mse': 1335.9305127220412, 'rmse': 36.550383208962955, 'mae': 26.01236299779683, 'mdae': 17.61687265640261, 'r2': 0.5044086358351998}",1329.2986451539048,36.45403136815162,25.864536112639932,17.38601979582796,0.5151990831194266,51.89051990815417,0.7090858231926461,0.3049582379308692,0.3478820189662743,0.013986751599413384
12,36.419995969933765,2024-09-19 18:47:21.613498,2024-09-19 18:47:43.121615,0 days 00:00:21.508117,0.00011840184687162859,squared_epsilon_insensitive,0.00037137406244381347,COMPLETE,"{'mse': 1335.7863026486675, 'rmse': 36.5484103983835, 'mae': 25.907189104838217, 'mdae': 17.442705203665504, 'r2': 0.5108534668766699}","{'mse': 1403.4807245817078, 'rmse': 37.46305813173436, 'mae': 26.201955720146085, 'mdae': 16.784808205285067, 'r2': 0.5026687480168122}","{'mse': 1267.1895669969044, 'rmse': 35.59760619756481, 'mae': 25.44314453124689, 'mdae': 17.383015290173894, 'r2': 0.5295496742509692}","{'mse': 1294.1067073848362, 'rmse': 35.97369465852564, 'mae': 25.61880124061512, 'mdae': 17.508146093412797, 'r2': 0.532151163646281}","{'mse': 1333.5066600326709, 'rmse': 36.51721046346052, 'mae': 25.97646503170251, 'mdae': 17.63366258102308, 'r2': 0.5053078146842642}",1326.8139923289573,36.419995969933765,25.829511125709764,17.35046747471207,0.5161061734949992,51.545903261980776,0.7052356689128004,0.30000920646135076,0.32962083636217127,0.013810587467917008
13,36.74951294123399,2024-09-19 18:47:43.122854,2024-09-19 18:47:53.575928,0 days 00:00:10.453074,0.0008277918222494095,squared_epsilon_insensitive,0.0006436230241671954,COMPLETE,"{'mse': 1355.0603597076768, 'rmse': 36.81114450418075, 'mae': 26.22294619223979, 'mdae': 17.81532377323048, 'r2': 0.503795572832584}","{'mse': 1443.1576018610454, 'rmse': 37.98891419692126, 'mae': 26.240284013965606, 'mdae': 16.84331153811894, 'r2': 0.48860902442638143}","{'mse': 1310.8688787606802, 'rmse': 36.20592325518962, 'mae': 26.26640920619609, 'mdae': 18.532693707888203, 'r2': 0.5133335160825743}","{'mse': 1293.9564035203855, 'rmse': 35.97160551769111, 'mae': 25.482147590302258, 'mdae': 17.118964322296712, 'r2': 0.5322055018918688}","{'mse': 1352.0312256555649, 'rmse': 36.769977232187195, 'mae': 25.929518512615974, 'mdae': 17.579859952018438, 'r2': 0.49843573963231835}",1351.0148939010705,36.74951294123399,26.028261103063944,17.578030658710553,0.5072758709731453,57.82527823149664,0.7811789832892964,0.33449984518282816,0.6554096034864538,0.016559688397477904
14,36.70844054192343,2024-09-19 18:47:53.577658,2024-09-19 18:48:03.004384,0 days 00:00:09.426726,0.0007547525681669198,squared_epsilon_insensitive,0.0004263069001413852,COMPLETE,"{'mse': 1351.0277772528684, 'rmse': 36.75632975764675, 'mae': 26.16207335668007, 'mdae': 17.824222378821666, 'r2': 0.5052722489471633}","{'mse': 1440.4472310583385, 'rmse': 37.9532242511534, 'mae': 26.215062741737185, 'mdae': 16.997319763342894, 'r2': 0.4895694594940241}","{'mse': 1307.2342647559954, 'rmse': 36.15569477628656, 'mae': 26.215579068616606, 'mdae': 18.483846512823938, 'r2': 0.5146828843120872}","{'mse': 1292.4253511160043, 'rmse': 35.95031781662026, 'mae': 25.470263200161437, 'mdae': 17.018001319373774, 'r2': 0.5327590119553733}","{'mse': 1348.8457998028505, 'rmse': 36.72663610791016, 'mae': 25.888321507324676, 'mdae': 17.64640365010885, 'r2': 0.49961743997433383}",1347.9960847972113,36.70844054192343,25.990259974903996,17.593958724894225,0.5083802089365964,57.67746534538627,0.7798058871313888,0.3207853304936747,0.6195516683502116,0.016388559906915935
15,54.88490694055073,2024-09-19 18:48:03.005750,2024-09-19 18:48:12.478555,0 days 00:00:09.472805,4.762219186343479,squared_epsilon_insensitive,0.00268371934144002,COMPLETE,"{'mse': 3312.044968757162, 'rmse': 57.55036897151192, 'mae': 43.27283644413494, 'mdae': 31.9875608950887, 'r2': -0.21282521822821754}","{'mse': 2727.9231388190233, 'rmse': 52.229523631936594, 'mae': 38.646418199118436, 'mdae': 29.130718229456132, 'r2': 0.033345163791176025}","{'mse': 3308.045052338415, 'rmse': 57.51560703268649, 'mae': 44.73773797269541, 'mdae': 36.92175855534848, 'r2': -0.2281279084022625}","{'mse': 3585.931564654523, 'rmse': 59.88264827689673, 'mae': 46.25346819903236, 'mdae': 36.349393927089, 'r2': -0.29639534374872034}","{'mse': 2232.2210646840085, 'rmse': 47.2463867897219, 'mae': 34.73033366566243, 'mdae': 25.42386674850664, 'r2': 0.1719109100142806}",3033.2331578506264,54.88490694055073,41.528158896128716,31.962659671097793,-0.10641847931474875,546.2526231645847,5.108834012976076,4.748386644749162,4.863445909559265,0.1995168621531035
16,36.44561615996076,2024-09-19 18:48:12.479817,2024-09-19 18:48:34.366031,0 days 00:00:21.886214,0.00010934970379339024,squared_epsilon_insensitive,0.00022465358990834595,COMPLETE,"{'mse': 1337.6948778120388, 'rmse': 36.57451131337285, 'mae': 25.935593667155334, 'mdae': 17.527941686268505, 'r2': 0.5101545729573976}","{'mse': 1406.0118153835215, 'rmse': 37.49682407062659, 'mae': 26.2335314446918, 'mdae': 16.82298372519201, 'r2': 0.5017718418211647}","{'mse': 1269.785624843511, 'rmse': 35.63405147949796, 'mae': 25.466199878443934, 'mdae': 17.430913811970452, 'r2': 0.5285858750756858}","{'mse': 1294.5932064784613, 'rmse': 35.980455895923015, 'mae': 25.640367384516207, 'mdae': 17.478199381374964, 'r2': 0.5319752832234836}","{'mse': 1335.33516100004, 'rmse': 36.54223804038335, 'mae': 26.003488472670238, 'mdae': 17.622499262340813, 'r2': 0.5046294940080274}",1328.6841371035146,36.44561615996076,25.8558361694955,17.376507573429347,0.5154234134171518,51.80787993271065,0.7081664920077563,0.3037513039380427,0.317464216372416,0.0139449773578116
17,36.47157925869895,2024-09-19 18:48:34.367285,2024-09-19 18:48:48.651261,0 days 00:00:14.283976,0.0003885485529193791,squared_epsilon_insensitive,9.080666409233925e-05,COMPLETE,"{'mse': 1337.1949537259143, 'rmse': 36.5676763511973, 'mae': 25.760651133899408, 'mdae': 17.831829747466305, 'r2': 0.5103376382673711}","{'mse': 1387.8774108668047, 'rmse': 37.25422675169631, 'mae': 25.93704325983105, 'mdae': 16.447270328279863, 'r2': 0.5081978695850702}","{'mse': 1301.4520982407082, 'rmse': 36.07564411401005, 'mae': 26.02294602882167, 'mdae': 18.298038646074108, 'r2': 0.5168295419168358}","{'mse': 1309.5433836551897, 'rmse': 36.18761367726794, 'mae': 25.786405616929468, 'mdae': 17.2867104558978, 'r2': 0.526570456128855}","{'mse': 1315.711333349313, 'rmse': 36.27273539932318, 'mae': 25.682689873123863, 'mdae': 17.35197911386591, 'r2': 0.5119093632998385}",1330.3558359675858,36.47157925869895,25.837947182521088,17.443165658316797,0.5147689738395942,34.779846151813324,0.4740020358949962,0.13854660759848555,0.6903745947009066,0.007323155800971992
18,37.57600115713505,2024-09-19 18:48:48.652630,2024-09-19 18:48:57.971638,0 days 00:00:09.319008,0.00199132816284187,squared_epsilon_insensitive,0.0021715017265719573,COMPLETE,"{'mse': 1456.5491352707768, 'rmse': 38.164763005562826, 'mae': 27.57529683135181, 'mdae': 18.857522890785678, 'r2': 0.46663178202324007}","{'mse': 1481.3098661998172, 'rmse': 38.48778853350524, 'mae': 26.487962508369176, 'mdae': 17.276199738348577, 'r2': 0.4750895559668128}","{'mse': 1388.4288100862946, 'rmse': 37.261626508866925, 'mae': 27.09731726902433, 'mdae': 19.27287635542268, 'r2': 0.4845390121602602}","{'mse': 1344.6932895148407, 'rmse': 36.67005985153066, 'mae': 26.089621899227758, 'mdae': 17.870017236073448, 'r2': 0.5138629703701167}","{'mse': 1390.9743022220232, 'rmse': 37.295767886209596, 'mae': 26.51325377733022, 'mdae': 17.789984738423044, 'r2': 0.48398899090058933}",1412.3910806587505,37.57600115713505,26.75269045706066,18.213320191810688,0.48482246228420384,55.487819661016886,0.7375785532198581,0.5836350763435183,0.82354735003895,0.017816820999744652
19,52.98220953688623,2024-09-19 18:48:57.972765,2024-09-19 18:49:09.358556,0 days 00:00:11.385791,0.3629852778670352,squared_epsilon_insensitive,0.00019974330845724374,COMPLETE,"{'mse': 2669.2550440046416, 'rmse': 51.66483372667178, 'mae': 40.25092002746358, 'mdae': 33.19193341065308, 'r2': 0.022555592756186238}","{'mse': 2619.5757140664396, 'rmse': 51.18179084465919, 'mae': 37.7112129227836, 'mdae': 28.29008123009928, 'r2': 0.07173868032302333}","{'mse': 3229.095372278625, 'rmse': 56.82512976033249, 'mae': 44.14321984853663, 'mdae': 36.25978270593337, 'r2': -0.19881745346383362}","{'mse': 3451.835001723138, 'rmse': 58.75231911782834, 'mae': 45.373970305091305, 'mdae': 35.84356996418257, 'r2': -0.24791640413077976}","{'mse': 2161.038773519916, 'rmse': 46.48697423493936, 'mae': 34.059995909170276, 'mdae': 24.832286653702976, 'r2': 0.19831746967172037}",2826.159981118552,52.98220953688623,40.30786380260908,31.68353079291425,-0.030824422968736685,515.63276669048,4.87922300525831,4.641041981403944,4.9743927299104875,0.187899713795862
